+---------------------------------------------------------------------+
|  Log file: mau.characterize.log                                     |
|  Compiler version: 9.7.0 (da5115f)                                  |
|  Created on: Mon Feb 19 14:14:18 2024                               |
|  Run ID: 90a8b06887133ca4                                           |
+---------------------------------------------------------------------+

Match+Action Resource Usage
----------------------------------------------------------------------------------------------------------------------------------------------------------------------------------------------------------------------------------------------------------------------------------------------------------------------
|              1               |    2    |   3    |    4    |  5   |        6        |   7   |        8         |      9       |    10   |   11  |          12         |      13      |     14    |      15      |   16   |      17      |       18      |      19      |    20   |       21      |        22       |
|            Table             |   Dir   | Stage  |    P4   | Mem  |      Total      | Total |      Table       |    Match     |   TCAM  |  SRAM |        Match        |     Imm.     |    TCAM   |     SRAM     |   P4   |    Action    |     Ideal     |    Actual    |   TCAM  |      SRAM     |       SRAM      |
|             Name             |         |        |  Lookup | Type |      SRAMs      | TCAMs |     Entries      |     Bits     |  Over-  | Over- |       Overhead      |    Action    |    Bits   |     Bits     | Action |     Bits     |     Match     |    Match     |  Match  |     Match     |      Action     |
|                              |         |        | Type(s) |      | TOT(M/A/S/MT/I) |       |    Requested     |     Per      |   head  |  head |      Structure      |     Data     |    Per    |     Per      |  Bits  |     Per      |    Entries-   |   Entries-   | Packing |    Packing    |     Packing     |
|                              |         |        |         |      |     (legend     |       |        /         |    Entry     |   Bits  |  Bits | NT/AI/AD/M/S/SL/V/I |      in      |   Entry   |    Entry     |        |    Entry     |     Number    |    Number    |   Eff.  |      Eff.     |       Eff.      |
|                              |         |        |         |      |      below)     |       |    Allocated     |  R/A(diff)   |   Per   |  Per  |       (legend       |   Overhead   | R/A(diff) |  R/A(diff)   |        |  R/A(diff)   |      Per      |     Per      |  Ideal/ |     Ideal/    |      Ideal/     |
|                              |         |        |         |      |                 |       |      (diff)      |              |  Entry  | Entry |        below)       |  R/A(diff)   |           |              |        |              |     Memory    |    Memory    |  Actual |     Actual    |      Actual     |
|                              |         |        |         |      |                 |       |                  |              | ver/vld |       |                     |              |           |              |        |              |     Units     |    Units     |         |               |                 |
|                              |         |        |         |      |                 |       |                  |              |         |       |                     |              |           |              |        |              |     (bits)    |    (bits)    |         |               |                 |
----------------------------------------------------------------------------------------------------------------------------------------------------------------------------------------------------------------------------------------------------------------------------------------------------------------------
| IngressParser.$PORT_METADATA | ingress | parser |  exact  | buf  |  0 (0/0/0/0/0)  |   0   |  288 / 288 (0)   |  9 / 0 (-9)  |    0    |   0   |   0/0/0/0/0/0/0/0   | 64 / 0 (-64) | 0 / 0 (0) |  0 / 0 (0)   |   64   |  0 / 0 (0)   |  1 in 2 (128) | 1 in 1 (64)  |  - / -  |     - / -     |      - / -      |
|                              |         |        |         |      |                 |       |                  |              |         |       |                     |              |           |              |        |              |               |              |         |               |                 |
|      Ingress.forward_t       | ingress |   0    |  exact  | sram |  1 (1/0/0/0/0)  |   0   | 512 / 1024 (512) |  9 / 2 (-7)  |    0    |   13  |   0/0/0/0/0/0/4/9   | 18 / 9 (-9)  | 0 / 0 (0) | 22 / 15 (-7) |   9    |  0 / 0 (0)   | 33 in 7 (896) | 1 in 1 (128) |  - / -  |  99.4% / 7.0% |      - / -      |
|           tbl_drop           | ingress |   0    |    -    | sram |  0 (0/0/0/0/0)  |   0   |    0 / 0 (0)     |  0 / 0 (0)   |    0    |   0   |   0/0/0/0/0/0/0/0   |  0 / 0 (0)   | 0 / 0 (0) |  0 / 0 (0)   |   0    |  0 / 0 (0)   |   0 in 0 (0)  |  1 in 0 (0)  |  - / -  |     - / -     |      - / -      |
|        tbl_get_rndnum        | ingress |   0    |    -    |  -   |  0 (0/0/0/0/0)  |   0   |    0 / 0 (0)     |  0 / 0 (0)   |    0    |   0   |   0/0/0/0/0/0/0/0   |  0 / 0 (0)   | 0 / 0 (0) |  0 / 0 (0)   |   0    |  0 / 0 (0)   |   0 in 0 (0)  |  0 in 0 (0)  |  - / -  |     - / -     |      - / -      |
|          tbl_recirc          | ingress |   0    |    -    | sram |  0 (0/0/0/0/0)  |   0   |    0 / 0 (0)     |  0 / 0 (0)   |    0    |   18  |   0/0/0/0/0/0/0/18  | 18 / 18 (0)  | 0 / 0 (0) |  0 / 0 (0)   |   0    |  0 / 0 (0)   |   0 in 0 (0)  |  1 in 0 (0)  |  - / -  |     - / -     |      - / -      |
|      tbl_set_p4_header       | ingress |   0    |    -    | sram |  0 (0/0/0/0/0)  |   0   |    0 / 0 (0)     |  0 / 0 (0)   |    0    |   0   |   0/0/0/0/0/0/0/0   |  0 / 0 (0)   | 0 / 0 (0) |  0 / 0 (0)   |   0    |  0 / 0 (0)   |   0 in 0 (0)  |  1 in 0 (0)  |  - / -  |     - / -     |      - / -      |
|        tbl_mod_header        |  egress |   0    |    -    | sram |  0 (0/0/0/0/0)  |   0   |    0 / 0 (0)     |  0 / 0 (0)   |    0    |   0   |   0/0/0/0/0/0/0/0   |  0 / 0 (0)   | 0 / 0 (0) |  0 / 0 (0)   |   0    |  0 / 0 (0)   |   0 in 0 (0)  |  1 in 0 (0)  |  - / -  |     - / -     |      - / -      |
|         tbl_p_tqm486         |  egress |   0    |    -    | sram |  0 (0/0/0/0/0)  |   0   |    0 / 0 (0)     |  0 / 0 (0)   |    0    |   0   |   0/0/0/0/0/0/0/0   |  0 / 0 (0)   | 0 / 0 (0) |  0 / 0 (0)   |   0    |  0 / 0 (0)   |   0 in 0 (0)  |  1 in 0 (0)  |  - / -  |     - / -     |      - / -      |
|        stage 0 totals        |    -    |   -    |    -    |  -   |  1 (1/0/0/0/0)  |   0   |        -         |      -       |    -    |   -   |          -          |      -       |     -     |      -       |   -    |      -       |       -       |      -       |    -    |       -       |        -        |
|                              |         |        |         |      |                 |       |                  |              |         |       |                     |              |           |              |        |              |               |              |         |               |                 |
|      tbl_get_drop_prob       | ingress |   1    |    -    |  -   |  2 (0/0/0/2/0)  |   0   |    0 / 0 (0)     |  0 / 0 (0)   |    0    |   0   |   0/0/0/0/0/0/0/0   |  0 / 0 (0)   | 0 / 0 (0) |  0 / 0 (0)   |   0    |  0 / 0 (0)   |   0 in 0 (0)  |  0 in 0 (0)  |  - / -  |     - / -     |      - / -      |
|      tbl_set_drop_prob       | ingress |   1    |    -    |  -   |  2 (0/0/0/2/0)  |   0   |    0 / 0 (0)     |  0 / 0 (0)   |    0    |   0   |   0/0/0/0/0/0/0/0   |  0 / 0 (0)   | 0 / 0 (0) |  0 / 0 (0)   |   0    |  0 / 0 (0)   |   0 in 0 (0)  |  0 in 0 (0)  |  - / -  |     - / -     |      - / -      |
|        tbl_get_qdepth        |  egress |   1    |    -    |  -   |  0 (0/0/0/0/0)  |   0   |    0 / 0 (0)     |  0 / 0 (0)   |    0    |   0   |   0/0/0/0/0/0/0/0   |  0 / 0 (0)   | 0 / 0 (0) |  0 / 0 (0)   |   0    |  0 / 0 (0)   |   0 in 0 (0)  |  0 in 0 (0)  |  - / -  |     - / -     |      - / -      |
|   tbl_get_weighted_qdepth    |  egress |   1    |    -    | sram |  0 (0/0/0/0/0)  |   0   |    0 / 0 (0)     |  0 / 0 (0)   |    0    |   0   |   0/0/0/0/0/0/0/0   |  0 / 0 (0)   | 0 / 0 (0) |  0 / 0 (0)   |   0    |  0 / 0 (0)   |   0 in 0 (0)  |  1 in 0 (0)  |  - / -  |     - / -     |      - / -      |
|        stage 1 totals        |    -    |   -    |    -    |  -   |  4 (0/0/0/4/0)  |   0   |        -         |      -       |    -    |   -   |          -          |      -       |     -     |      -       |   -    |      -       |       -       |      -       |    -    |       -       |        -        |
|                              |         |        |         |      |                 |       |                  |              |         |       |                     |              |           |              |        |              |               |              |         |               |                 |
|         tbl_get_diff         | ingress |   2    |    -    | sram |  0 (0/0/0/0/0)  |   0   |    0 / 0 (0)     |  0 / 0 (0)   |    0    |   0   |   0/0/0/0/0/0/0/0   |  0 / 0 (0)   | 0 / 0 (0) |  0 / 0 (0)   |   0    |  0 / 0 (0)   |   0 in 0 (0)  |  1 in 0 (0)  |  - / -  |     - / -     |      - / -      |
|      tbl_get_qdepth$st1      |  egress |   2    |    -    |  -   |  2 (0/0/0/2/0)  |   0   |    0 / 0 (0)     |  0 / 0 (0)   |    0    |   0   |   0/0/0/0/0/0/0/0   |  0 / 0 (0)   | 0 / 0 (0) |  0 / 0 (0)   |   0    |  0 / 0 (0)   |   0 in 0 (0)  |  0 in 0 (0)  |  - / -  |     - / -     |      - / -      |
|        tbl_set_qdepth        |  egress |   2    |    -    |  -   |  2 (0/0/0/2/0)  |   0   |    0 / 0 (0)     |  0 / 0 (0)   |    0    |   0   |   0/0/0/0/0/0/0/0   |  0 / 0 (0)   | 0 / 0 (0) |  0 / 0 (0)   |   0    |  0 / 0 (0)   |   0 in 0 (0)  |  0 in 0 (0)  |  - / -  |     - / -     |      - / -      |
|        stage 2 totals        |    -    |   -    |    -    |  -   |  4 (0/0/0/4/0)  |   0   |        -         |      -       |    -    |   -   |          -          |      -       |     -     |      -       |   -    |      -       |       -       |      -       |    -    |       -       |        -        |
|                              |         |        |         |      |                 |       |                  |              |         |       |                     |              |           |              |        |              |               |              |         |               |                 |
|          tbl_drop_0          | ingress |   3    |    -    | sram |  0 (0/0/0/0/0)  |   0   |    0 / 0 (0)     |  0 / 0 (0)   |    0    |   0   |   0/0/0/0/0/0/0/0   |  0 / 0 (0)   | 0 / 0 (0) |  0 / 0 (0)   |   0    |  0 / 0 (0)   |   0 in 0 (0)  |  1 in 0 (0)  |  - / -  |     - / -     |      - / -      |
|        tbl_mag_qdepth        |  egress |   3    |    -    | sram |  0 (0/0/0/0/0)  |   0   |    0 / 0 (0)     |  0 / 0 (0)   |    0    |   0   |   0/0/0/0/0/0/0/0   |  0 / 0 (0)   | 0 / 0 (0) |  0 / 0 (0)   |   0    |  0 / 0 (0)   |   0 in 0 (0)  |  1 in 0 (0)  |  - / -  |     - / -     |      - / -      |
|        stage 3 totals        |    -    |   -    |    -    |  -   |  0 (0/0/0/0/0)  |   0   |        -         |      -       |    -    |   -   |          -          |      -       |     -     |      -       |   -    |      -       |       -       |      -       |    -    |       -       |        -        |
|                              |         |        |         |      |                 |       |                  |              |         |       |                     |              |           |              |        |              |               |              |         |               |                 |
| Egress.map_qdepth_to_prob_t  |  egress |   4    |  exact  |  -   | 16 (0/16/0/0/0) |   0   |    0 / 0 (0)     | 16 / 0 (-16) |    0    |   0   |   0/0/0/0/0/0/0/0   |  0 / 0 (0)   | 0 / 0 (0) |  0 / 0 (0)   |   16   | 16 / 32 (16) |   0 in 0 (0)  |  0 in 0 (0)  |  - / -  |     - / -     |  100.0% / 50.0% |
|     Egress.mod_dst_mac_t     |  egress |   4    |  exact  | sram |  2 (1/1/0/0/0)  |   0   | 512 / 1024 (512) |  9 / 0 (-9)  |    0    |   36  |   0/0/0/0/0/0/4/32  | 32 / 32 (0)  | 0 / 0 (0) | 45 / 36 (-9) |   48   | 16 / 16 (0)  |  3 in 1 (128) | 1 in 1 (128) |  - / -  | 96.1% / 25.0% | 100.0% / 100.0% |
|        stage 4 totals        |    -    |   -    |    -    |  -   | 18 (1/17/0/0/0) |   0   |        -         |      -       |    -    |   -   |          -          |      -       |     -     |      -       |   -    |      -       |       -       |      -       |    -    |       -       |        -        |
|                              |         |        |         |      |                 |       |                  |              |         |       |                     |              |           |              |        |              |               |              |         |               |                 |
|   overall totals (ingress)   |    -    |   -    |    -    |  -   |  5 (1/0/0/4/0)  |   0   |        -         |      -       |    -    |   -   |          -          |      -       |     -     |      -       |   -    |      -       |       -       |      -       |    -    |       -       |        -        |
|                              |         |        |         |      |                 |       |                  |              |         |       |                     |              |           |              |        |              |               |              |         |               |                 |
|   overall totals (egress)    |    -    |   -    |    -    |  -   | 22 (1/17/0/4/0) |   0   |        -         |      -       |    -    |   -   |          -          |      -       |     -     |      -       |   -    |      -       |       -       |      -       |    -    |       -       |        -        |
|                              |         |        |         |      |                 |       |                  |              |         |       |                     |              |           |              |        |              |               |              |         |               |                 |
|        overall totals        |    -    |   -    |    -    |  -   | 27 (2/17/0/8/0) |   0   |        -         |      -       |    -    |   -   |          -          |      -       |     -     |      -       |   -    |      -       |       -       |      -       |    -    |       -       |        -        |
----------------------------------------------------------------------------------------------------------------------------------------------------------------------------------------------------------------------------------------------------------------------------------------------------------------------

Total SRAMs Legend:
TOT (M/A/S/MT/I)
TOT = Total
M = Match
A = Action
S = Statistics
MT = Meter / Stateful / Selection
I = Ternary Indirection

Match Overhead Structure Legend:
NT/AI/AD/M/S/SL/V/I
NT = Next Table Pointer
AI = Action Instruction Pointer
AD = Action Data Pointer
M = Meter/Selection/Stateful Pointer
S = Statistics Pointer
SL = Selection Length
V = Entry Version
I = Immediate Action Data





+----------------------------------------------------------------+
    OVERHEAD STRUCTURES
+----------------------------------------------------------------+

+----------------------------------------------------------------+
   Egress.map_qdepth_to_prob_t
+----------------------------------------------------------------+
Match Overhead:

  Total bits: 0
+----------------------------------------------------------------+
   Egress.mod_dst_mac_t
+----------------------------------------------------------------+
Match Overhead:
  Field --version_valid-- [3:0] (4 bits)
  Field --immediate-- [31:0] (32 bits)

  Total bits: 36
+----------------------------------------------------------------+
   Ingress.forward_t
+----------------------------------------------------------------+
Match Overhead:
  Field --version_valid-- [3:0] (4 bits)
  Field --immediate-- [8:0] (9 bits)

  Total bits: 13
+----------------------------------------------------------------+
   IngressParser.$PORT_METADATA
+----------------------------------------------------------------+
Match Overhead:

  Total bits: 0
+----------------------------------------------------------------+
   tbl_drop
+----------------------------------------------------------------+
Match Overhead:

  Total bits: 0
+----------------------------------------------------------------+
   tbl_drop_0
+----------------------------------------------------------------+
Match Overhead:

  Total bits: 0
+----------------------------------------------------------------+
   tbl_get_diff
+----------------------------------------------------------------+
Match Overhead:

  Total bits: 0
+----------------------------------------------------------------+
   tbl_get_drop_prob
+----------------------------------------------------------------+
Match Overhead:

  Total bits: 0
+----------------------------------------------------------------+
   tbl_get_qdepth
+----------------------------------------------------------------+
Match Overhead:

  Total bits: 0
+----------------------------------------------------------------+
   tbl_get_qdepth$st1
+----------------------------------------------------------------+
Match Overhead:

  Total bits: 0
+----------------------------------------------------------------+
   tbl_get_rndnum
+----------------------------------------------------------------+
Match Overhead:

  Total bits: 0
+----------------------------------------------------------------+
   tbl_get_weighted_qdepth
+----------------------------------------------------------------+
Match Overhead:

  Total bits: 0
+----------------------------------------------------------------+
   tbl_mag_qdepth
+----------------------------------------------------------------+
Match Overhead:

  Total bits: 0
+----------------------------------------------------------------+
   tbl_mod_header
+----------------------------------------------------------------+
Match Overhead:

  Total bits: 0
+----------------------------------------------------------------+
   tbl_p_tqm486
+----------------------------------------------------------------+
Match Overhead:

  Total bits: 0
+----------------------------------------------------------------+
   tbl_recirc
+----------------------------------------------------------------+
Match Overhead:
  Field --immediate-- [17:0] (18 bits)

  Total bits: 18
+----------------------------------------------------------------+
   tbl_set_drop_prob
+----------------------------------------------------------------+
Match Overhead:

  Total bits: 0
+----------------------------------------------------------------+
   tbl_set_p4_header
+----------------------------------------------------------------+
Match Overhead:

  Total bits: 0
+----------------------------------------------------------------+
   tbl_set_qdepth
+----------------------------------------------------------------+
Match Overhead:

  Total bits: 0





+----------------------------------------------------------------+
    MATCH AND ACTION FORMATS
+----------------------------------------------------------------+

+----------------------------------------------------------------+
  Egress.map_qdepth_to_prob_t
+----------------------------------------------------------------+
+------------------------------------------------+
   Match format for Egress.map_qdepth_to_prob_t
+------------------------------------------------+
Stage 4:
No match entries required.

Action Egress.map_qdepth_to_prob
---------------------------
Pack Format:
  table_word_width: 128
  memory_word_width: 128
  entries_per_table_word: 4
  number_memory_units_per_table_word: 1
  entry_list: [
    entry_number : 3
    field_list : [
       Field prob [15:0]                : in bits [111:96]
       Field --padding_16_31-- [15:0]   : in bits [127:112]
    ]
    entry_number : 2
    field_list : [
       Field prob [15:0]                : in bits [79:64]
       Field --padding_16_31-- [15:0]   : in bits [95:80]
    ]
    entry_number : 1
    field_list : [
       Field prob [15:0]                : in bits [47:32]
       Field --padding_16_31-- [15:0]   : in bits [63:48]
    ]
    entry_number : 0
    field_list : [
       Field prob [15:0]                : in bits [15:0]
       Field --padding_16_31-- [15:0]   : in bits [31:16]
    ]
  ]

Action data bus usage:
Stage: 4
No action parameter mapping provided.  Action data bus usage will not be displayed.
+----------------------------------------------------------------+
  Egress.mod_dst_mac_t
+----------------------------------------------------------------+
+------------------------------------------------+
   Match format for Egress.mod_dst_mac_t
+------------------------------------------------+
Stage 4:
Pack Format:
  table_word_width: 128
  memory_word_width: 128
  entries_per_table_word: 1
  number_memory_units_per_table_word: 1
  entry_list: [
    entry_number : 0
    field_list : [
       Field immediate [31:0]   : in bits [31:0]
       Field version [3:0]      : in bits [115:112]
    ]
  ]

Action Egress.mod_dst_mac
---------------------------
Pack Format:
  table_word_width: 128
  memory_word_width: 128
  entries_per_table_word: 8
  number_memory_units_per_table_word: 1
  entry_list: [
    entry_number : 7
    field_list : [
       Field dst_addr [39:32]   : in bits [119:112]
       Field dst_addr [47:40]   : in bits [127:120]
    ]
    entry_number : 6
    field_list : [
       Field dst_addr [39:32]   : in bits [103:96]
       Field dst_addr [47:40]   : in bits [111:104]
    ]
    entry_number : 5
    field_list : [
       Field dst_addr [39:32]   : in bits [87:80]
       Field dst_addr [47:40]   : in bits [95:88]
    ]
    entry_number : 4
    field_list : [
       Field dst_addr [39:32]   : in bits [71:64]
       Field dst_addr [47:40]   : in bits [79:72]
    ]
    entry_number : 3
    field_list : [
       Field dst_addr [39:32]   : in bits [55:48]
       Field dst_addr [47:40]   : in bits [63:56]
    ]
    entry_number : 2
    field_list : [
       Field dst_addr [39:32]   : in bits [39:32]
       Field dst_addr [47:40]   : in bits [47:40]
    ]
    entry_number : 1
    field_list : [
       Field dst_addr [39:32]   : in bits [23:16]
       Field dst_addr [47:40]   : in bits [31:24]
    ]
    entry_number : 0
    field_list : [
       Field dst_addr [39:32]   : in bits [7:0]
       Field dst_addr [47:40]   : in bits [15:8]
    ]
  ]

Action data bus usage:
Stage: 4
No action parameter mapping provided.  Action data bus usage will not be displayed.

Action NoAction
---------------------------
Pack Format:
  table_word_width: 128
  memory_word_width: 128
  entries_per_table_word: 8
  number_memory_units_per_table_word: 1
  entry_list: [
    entry_number : 7
    field_list : [
       Field --padding_0_15-- [15:0]   : in bits [127:112]
    ]
    entry_number : 6
    field_list : [
       Field --padding_0_15-- [15:0]   : in bits [111:96]
    ]
    entry_number : 5
    field_list : [
       Field --padding_0_15-- [15:0]   : in bits [95:80]
    ]
    entry_number : 4
    field_list : [
       Field --padding_0_15-- [15:0]   : in bits [79:64]
    ]
    entry_number : 3
    field_list : [
       Field --padding_0_15-- [15:0]   : in bits [63:48]
    ]
    entry_number : 2
    field_list : [
       Field --padding_0_15-- [15:0]   : in bits [47:32]
    ]
    entry_number : 1
    field_list : [
       Field --padding_0_15-- [15:0]   : in bits [31:16]
    ]
    entry_number : 0
    field_list : [
       Field --padding_0_15-- [15:0]   : in bits [15:0]
    ]
  ]

Action data bus usage:
Stage: 4
No action parameter mapping provided.  Action data bus usage will not be displayed.
+----------------------------------------------------------------+
  Ingress.forward_t
+----------------------------------------------------------------+
+------------------------------------------------+
   Match format for Ingress.forward_t
+------------------------------------------------+
Stage 0:
Pack Format:
  table_word_width: 128
  memory_word_width: 128
  entries_per_table_word: 1
  number_memory_units_per_table_word: 1
  entry_list: [
    entry_number : 0
    field_list : [
       Field action [1:0]      : in bits [1:0]
       Field immediate [8:0]   : in bits [10:2]
       Field version [3:0]     : in bits [115:112]
    ]
  ]
+----------------------------------------------------------------+
  IngressParser.$PORT_METADATA
+----------------------------------------------------------------+
+------------------------------------------------+
   Match format for IngressParser.$PORT_METADATA
+------------------------------------------------+
Stage -1:
Pack Format:
  table_word_width: 64
  memory_word_width: 64
  entries_per_table_word: 1
  number_memory_units_per_table_word: 1
  entry_list: [
    entry_number : 0
    field_list : [
       Field ig_intr_md [63:0]   : in bits [63:0]
    ]
  ]
+----------------------------------------------------------------+
  tbl_drop
+----------------------------------------------------------------+
+------------------------------------------------+
   Match format for tbl_drop
+------------------------------------------------+
Stage 0:
No match entries required.
+----------------------------------------------------------------+
  tbl_drop_0
+----------------------------------------------------------------+
+------------------------------------------------+
   Match format for tbl_drop_0
+------------------------------------------------+
Stage 3:
No match entries required.
+----------------------------------------------------------------+
  tbl_get_diff
+----------------------------------------------------------------+
+------------------------------------------------+
   Match format for tbl_get_diff
+------------------------------------------------+
Stage 2:
No match entries required.
+----------------------------------------------------------------+
  tbl_get_drop_prob
+----------------------------------------------------------------+
+------------------------------------------------+
   Match format for tbl_get_drop_prob
+------------------------------------------------+
Stage 1:
No match entries required.
+----------------------------------------------------------------+
  tbl_get_qdepth
+----------------------------------------------------------------+
+------------------------------------------------+
   Match format for tbl_get_qdepth
+------------------------------------------------+
Stage 1:
No match entries required.
+----------------------------------------------------------------+
  tbl_get_qdepth$st1
+----------------------------------------------------------------+
+------------------------------------------------+
   Match format for tbl_get_qdepth$st1
+------------------------------------------------+
Stage 2:
No match entries required.
+----------------------------------------------------------------+
  tbl_get_rndnum
+----------------------------------------------------------------+
+------------------------------------------------+
   Match format for tbl_get_rndnum
+------------------------------------------------+
Stage 0:
No match entries required.
+----------------------------------------------------------------+
  tbl_get_weighted_qdepth
+----------------------------------------------------------------+
+------------------------------------------------+
   Match format for tbl_get_weighted_qdepth
+------------------------------------------------+
Stage 1:
No match entries required.
+----------------------------------------------------------------+
  tbl_mag_qdepth
+----------------------------------------------------------------+
+------------------------------------------------+
   Match format for tbl_mag_qdepth
+------------------------------------------------+
Stage 3:
No match entries required.
+----------------------------------------------------------------+
  tbl_mod_header
+----------------------------------------------------------------+
+------------------------------------------------+
   Match format for tbl_mod_header
+------------------------------------------------+
Stage 0:
No match entries required.
+----------------------------------------------------------------+
  tbl_p_tqm486
+----------------------------------------------------------------+
+------------------------------------------------+
   Match format for tbl_p_tqm486
+------------------------------------------------+
Stage 0:
No match entries required.
+----------------------------------------------------------------+
  tbl_recirc
+----------------------------------------------------------------+
+------------------------------------------------+
   Match format for tbl_recirc
+------------------------------------------------+
Stage 0:
No match entries required.
+----------------------------------------------------------------+
  tbl_set_drop_prob
+----------------------------------------------------------------+
+------------------------------------------------+
   Match format for tbl_set_drop_prob
+------------------------------------------------+
Stage 1:
No match entries required.
+----------------------------------------------------------------+
  tbl_set_p4_header
+----------------------------------------------------------------+
+------------------------------------------------+
   Match format for tbl_set_p4_header
+------------------------------------------------+
Stage 0:
No match entries required.
+----------------------------------------------------------------+
  tbl_set_qdepth
+----------------------------------------------------------------+
+------------------------------------------------+
   Match format for tbl_set_qdepth
+------------------------------------------------+
Stage 2:
No match entries required.
