Parser Characterization Report:
Number of states on ingress: 7

Number of matches on ingress: 9

Longest path (6 states) on ingress:
    $entry_point
    start
    parse_ethernet
    parse_ethernet.$split_0
    parse_udp
    parse_p4_header

Timing is met for min-sized packet (73 B) running at 100 Gbps

Extractor usage:
+-------------------------+--------------------+-------+--------+--------+------------------+-------+
|State                    |Match               |8-bit  |16-bit  |32-bit  |Total Extractors  |Other  |
+-------------------------+--------------------+-------+--------+--------+------------------+-------+
|$entry_point             |*                   |0      |1       |1       |2                 |       |
|start                    |0b*******001000100  |0      |1       |0       |1                 |       |
|-                        |0x****              |0      |1       |0       |1                 |       |
|parse_timer              |*                   |3      |0       |1       |4                 |       |
|parse_ethernet           |*                   |4      |4       |4       |12                |       |
|parse_ethernet.$split_0  |0x11                |1      |1       |1       |3                 |       |
|-                        |0x**                |1      |1       |1       |3                 |       |
|parse_udp                |*                   |1      |2       |1       |4                 |       |
|parse_p4_header          |*                   |1      |2       |2       |5                 |       |
+-------------------------+--------------------+-------+--------+--------+------------------+-------+
Number of states on egress: 7

Number of matches on egress: 9

Longest path (6 states) on egress:
    $entry_point
    start
    parse_ethernet
    parse_ethernet.$split_0
    parse_udp
    parse_p4_header

Timing is met for min-sized packet (73 B) running at 100 Gbps

Extractor usage:
+-------------------------+--------------------+-------+--------+--------+------------------+-------+
|State                    |Match               |8-bit  |16-bit  |32-bit  |Total Extractors  |Other  |
+-------------------------+--------------------+-------+--------+--------+------------------+-------+
|$entry_point             |*                   |0      |1       |1       |2                 |       |
|start                    |0b*******001000100  |0      |1       |1       |2                 |       |
|-                        |0x****              |0      |1       |1       |2                 |       |
|parse_ethernet           |*                   |4      |4       |4       |12                |       |
|parse_ethernet.$split_0  |0x11                |1      |1       |1       |3                 |       |
|-                        |0x**                |1      |1       |1       |3                 |       |
|parse_udp                |*                   |1      |2       |1       |4                 |       |
|parse_timer              |*                   |3      |0       |1       |4                 |       |
|parse_p4_header          |*                   |1      |0       |3       |4                 |       |
+-------------------------+--------------------+-------+--------+--------+------------------+-------+
