Allocation history of config default_alloc_config
1: TRYING to allocate SUPERCLUSTER Uid: 437
    slice lists:	
        [ egress::hdr.p4_header.delay<32> ^0 ^bit[0..31] deparsed solitary no_split exact_containers [0:31] ]
        [ egress::eg_intr_md_from_prsr.global_tstamp<48> ^0 ^bit[0..479] meta intrinsic exact_containers [0:31] ]
    rotational clusters:	
        [[egress::hdr.p4_header.delay<32> ^0 ^bit[0..31] deparsed solitary no_split exact_containers [0:31], egress::eg_intr_md_from_prsr.global_tstamp<48> ^0 ^bit[0..479] meta intrinsic exact_containers [0:31]]]
Successfully Allocated
By slicing into the following superclusters:
SUPERCLUSTER Uid: 505
    slice lists:	
        [ egress::hdr.p4_header.delay<32> ^0 ^bit[0..31] deparsed solitary no_split exact_containers [0:31] ]
        [ egress::eg_intr_md_from_prsr.global_tstamp<48> ^0 ^bit[0..479] meta intrinsic exact_containers [0:31] ]
    rotational clusters:	
        [[egress::hdr.p4_header.delay<32> ^0 ^bit[0..31] deparsed solitary no_split exact_containers [0:31], egress::eg_intr_md_from_prsr.global_tstamp<48> ^0 ^bit[0..479] meta intrinsic exact_containers [0:31]]]

Best Score: {[n_inc_containers: 2, ], }
Allocation Decisions:
allocate: W16[0:31] <- egress::eg_intr_md_from_prsr.global_tstamp<48> ^0 ^bit[0..479] meta intrinsic exact_containers [0:31]
allocate: W17[0:31] <- egress::hdr.p4_header.delay<32> ^0 ^bit[0..31] deparsed solitary no_split exact_containers [0:31]
2: TRYING to allocate SUPERCLUSTER Uid: 395
    slice lists:	
        [ ingress::ig_intr_md_for_tm.ucast_egress_port<9> ^0 meta intrinsic solitary no_split deparsed_bottom_bits deparsed_to_tm [0:8] ]
    rotational clusters:	
        [[ingress::ig_intr_md_for_tm.ucast_egress_port<9> ^0 meta intrinsic solitary no_split deparsed_bottom_bits deparsed_to_tm [0:8]]]
Successfully Allocated
By slicing into the following superclusters:
SUPERCLUSTER Uid: 509
    slice lists:	
        [ ingress::ig_intr_md_for_tm.ucast_egress_port<9> ^0 meta intrinsic solitary no_split deparsed_bottom_bits deparsed_to_tm [0:8] ]
    rotational clusters:	
        [[ingress::ig_intr_md_for_tm.ucast_egress_port<9> ^0 meta intrinsic solitary no_split deparsed_bottom_bits deparsed_to_tm [0:8]]]

Best Score: {[n_inc_containers: 1, n_wasted_bits: 7, n_inc_small_containers: 1, ], }
Allocation Decisions:
allocate: H0[0:8] <- ingress::ig_intr_md_for_tm.ucast_egress_port<9> ^0 meta intrinsic solitary no_split deparsed_bottom_bits deparsed_to_tm [0:8]
3: TRYING to allocate SUPERCLUSTER Uid: 400
    slice lists:	
        [ ingress::meta.rndnum<16> meta solitary no_split [0:15] ]
        [ ingress::meta.drop_prob<16> meta solitary no_split [0:15] ]
    rotational clusters:	
        [[ingress::meta.diff<16> meta solitary no_split [0:15], ingress::meta.rndnum<16> meta solitary no_split [0:15], ingress::meta.drop_prob<16> meta solitary no_split [0:15]]]
Successfully Allocated
By slicing into the following superclusters:
SUPERCLUSTER Uid: 513
    slice lists:	
        [ ingress::meta.rndnum<16> meta solitary no_split [0:15] ]
        [ ingress::meta.drop_prob<16> meta solitary no_split [0:15] ]
    rotational clusters:	
        [[ingress::meta.diff<16> meta solitary no_split [0:15], ingress::meta.rndnum<16> meta solitary no_split [0:15], ingress::meta.drop_prob<16> meta solitary no_split [0:15]]]

Best Score: {[n_inc_containers: 3, n_inc_small_containers: 3, ], }
Allocation Decisions:
allocate: H1[0:15] <- ingress::meta.rndnum<16> meta solitary no_split [0:15]
allocate: H2[0:15] <- ingress::meta.drop_prob<16> meta solitary no_split [0:15]
allocate: H3[0:15] <- ingress::meta.diff<16> meta solitary no_split [0:15]
4: TRYING to allocate SUPERCLUSTER Uid: 425
    slice lists:	
        [ egress::meta.weighted_qdepth<32> meta solitary no_holes exact_containers same_container_group [0:18]
          egress::meta.weighted_qdepth<32> meta solitary no_holes exact_containers same_container_group [19:31] ]
        [ egress::hdr.p4_header.depth<32> ^0 ^bit[0..63] deparsed solitary no_holes exact_containers same_container_group [0:18]
          egress::hdr.p4_header.depth<32> ^3 ^bit[0..44] deparsed solitary no_holes exact_containers same_container_group [19:31] ]
        [ egress::eg_intr_md.enq_qdepth<19> ^0 ^bit[0..39] intrinsic [0:18]
          egress::eg_intr_md._pad1<5> intrinsic [0:4] ]
    rotational clusters:	
        [[egress::meta.weighted_qdepth<32> meta solitary no_holes exact_containers same_container_group [0:18], egress::hdr.p4_header.depth<32> ^0 ^bit[0..63] deparsed solitary no_holes exact_containers same_container_group [0:18]], [egress::eg_intr_md.enq_qdepth<19> ^0 ^bit[0..39] intrinsic [0:18]]]
        [[egress::meta.weighted_qdepth<32> meta solitary no_holes exact_containers same_container_group [19:31], egress::hdr.p4_header.depth<32> ^3 ^bit[0..44] deparsed solitary no_holes exact_containers same_container_group [19:31]]]
        [[egress::eg_intr_md._pad1<5> intrinsic [0:4]]]
Successfully Allocated
By slicing into the following superclusters:
SUPERCLUSTER Uid: 520
    slice lists:	
        [ egress::meta.weighted_qdepth<32> meta solitary no_holes exact_containers same_container_group [0:18]
          egress::meta.weighted_qdepth<32> meta solitary no_holes exact_containers same_container_group [19:31] ]
        [ egress::hdr.p4_header.depth<32> ^0 ^bit[0..63] deparsed solitary no_holes exact_containers same_container_group [0:18]
          egress::hdr.p4_header.depth<32> ^3 ^bit[0..44] deparsed solitary no_holes exact_containers same_container_group [19:31] ]
        [ egress::eg_intr_md.enq_qdepth<19> ^0 ^bit[0..39] intrinsic [0:18]
          egress::eg_intr_md._pad1<5> intrinsic [0:4] ]
    rotational clusters:	
        [[egress::meta.weighted_qdepth<32> meta solitary no_holes exact_containers same_container_group [0:18], egress::hdr.p4_header.depth<32> ^0 ^bit[0..63] deparsed solitary no_holes exact_containers same_container_group [0:18]], [egress::eg_intr_md.enq_qdepth<19> ^0 ^bit[0..39] intrinsic [0:18]]]
        [[egress::meta.weighted_qdepth<32> meta solitary no_holes exact_containers same_container_group [19:31], egress::hdr.p4_header.depth<32> ^3 ^bit[0..44] deparsed solitary no_holes exact_containers same_container_group [19:31]]]
        [[egress::eg_intr_md._pad1<5> intrinsic [0:4]]]

Best Score: {[n_inc_containers: 3, ], }
Allocation Decisions:
allocate: W18[0:18] <- egress::eg_intr_md.enq_qdepth<19> ^0 ^bit[0..39] intrinsic [0:18]
allocate: W19[0:18] <- egress::hdr.p4_header.depth<32> ^0 ^bit[0..63] deparsed solitary no_holes exact_containers same_container_group [0:18]
allocate: W19[19:31] <- egress::hdr.p4_header.depth<32> ^3 ^bit[0..44] deparsed solitary no_holes exact_containers same_container_group [19:31]
allocate: W20[0:18] <- egress::meta.weighted_qdepth<32> meta solitary no_holes exact_containers same_container_group [0:18]
allocate: W20[19:31] <- egress::meta.weighted_qdepth<32> meta solitary no_holes exact_containers same_container_group [19:31]
5: TRYING to allocate SUPERCLUSTER Uid: 490
    slice lists:	
        [ egress::meta.depth<16> meta solitary no_holes exact_containers same_container_group [0:15] ]
    rotational clusters:	
        [[egress::meta.depth<16> meta solitary no_holes exact_containers same_container_group [0:15]]]
Successfully Allocated
By slicing into the following superclusters:
SUPERCLUSTER Uid: 647
    slice lists:	
        [ egress::meta.depth<16> meta solitary no_holes exact_containers same_container_group [0:15] ]
    rotational clusters:	
        [[egress::meta.depth<16> meta solitary no_holes exact_containers same_container_group [0:15]]]

Best Score: {[n_inc_containers: 1, n_inc_small_containers: 1, ], }
Allocation Decisions:
allocate: H16[0:15] <- egress::meta.depth<16> meta solitary no_holes exact_containers same_container_group [0:15]
6: TRYING to allocate SUPERCLUSTER Uid: 439
    slice lists:	
        [ egress::eg_intr_md_from_prsr.global_tstamp<48> ^0 ^bit[0..447] meta intrinsic exact_containers [32:47] ]
    rotational clusters:	
        [[egress::eg_intr_md_from_prsr.global_tstamp<48> ^0 ^bit[0..447] meta intrinsic exact_containers [32:47]]]
Successfully Allocated
By slicing into the following superclusters:
SUPERCLUSTER Uid: 659
    slice lists:	
        [ egress::eg_intr_md_from_prsr.global_tstamp<48> ^0 ^bit[0..447] meta intrinsic exact_containers [32:47] ]
    rotational clusters:	
        [[egress::eg_intr_md_from_prsr.global_tstamp<48> ^0 ^bit[0..447] meta intrinsic exact_containers [32:47]]]

Best Score: {n_inc_tphv_collections: 1, T[n_set_gress: 1, n_set_parser_group_gress: 1, n_inc_containers: 1, n_mismatched_deparser_gress: 1, ], }
Allocation Decisions:
allocate: TH0[0:15] <- egress::eg_intr_md_from_prsr.global_tstamp<48> ^0 ^bit[0..447] meta intrinsic exact_containers [32:47]
7: TRYING to allocate SUPERCLUSTER Uid: 406
    slice lists:	
        [ egress::eg_intr_md.egress_port<9> ^0 ^bit[0..15] intrinsic no_split deparsed_bottom_bits deparsed_to_tm [0:8]
          egress::eg_intr_md._pad0<7> intrinsic deparsed_to_tm [0:6] ]
    rotational clusters:	
        [[egress::eg_intr_md.egress_port<9> ^0 ^bit[0..15] intrinsic no_split deparsed_bottom_bits deparsed_to_tm [0:8]]]
        [[egress::eg_intr_md._pad0<7> intrinsic deparsed_to_tm [0:6]]]
Successfully Allocated
By slicing into the following superclusters:
SUPERCLUSTER Uid: 669
    slice lists:	
        [ egress::eg_intr_md.egress_port<9> ^0 ^bit[0..15] intrinsic no_split deparsed_bottom_bits deparsed_to_tm [0:8]
          egress::eg_intr_md._pad0<7> intrinsic deparsed_to_tm [0:6] ]
    rotational clusters:	
        [[egress::eg_intr_md.egress_port<9> ^0 ^bit[0..15] intrinsic no_split deparsed_bottom_bits deparsed_to_tm [0:8]]]
        [[egress::eg_intr_md._pad0<7> intrinsic deparsed_to_tm [0:6]]]

Best Score: {[n_inc_containers: 1, n_inc_small_containers: 1, ], }
Allocation Decisions:
allocate: H17[0:8] <- egress::eg_intr_md.egress_port<9> ^0 ^bit[0..15] intrinsic no_split deparsed_bottom_bits deparsed_to_tm [0:8]
8: TRYING to allocate SUPERCLUSTER Uid: 396
    slice lists:	[ ]
    rotational clusters:	
        [[ingress::ig_intr_md_for_dprsr.drop_ctl<3> meta intrinsic no_split deparsed_to_tm [0:2]]]
Successfully Allocated
By slicing into the following superclusters:
SUPERCLUSTER Uid: 670
    slice lists:	[ ]
    rotational clusters:	
        [[ingress::ig_intr_md_for_dprsr.drop_ctl<3> meta intrinsic no_split deparsed_to_tm [0:2]]]

Best Score: {[n_inc_containers: 1, n_inc_small_containers: 1, ], }
Allocation Decisions:
allocate: B0[0:2] <- ingress::ig_intr_md_for_dprsr.drop_ctl<3> meta intrinsic no_split deparsed_to_tm [0:2]
9: TRYING to allocate SUPERCLUSTER Uid: 350
    slice lists:	
        [ ingress::hdr.p4_header.delay<32> ^0 ^bit[0..31] deparsed exact_containers [0:31] ]
        [ ingress::ig_intr_md_from_prsr.global_tstamp<48> ^0 ^bit[0..479] meta intrinsic exact_containers [0:31] ]
    rotational clusters:	
        [[ingress::hdr.p4_header.delay<32> ^0 ^bit[0..31] deparsed exact_containers [0:31]], [ingress::ig_intr_md_from_prsr.global_tstamp<48> ^0 ^bit[0..479] meta intrinsic exact_containers [0:31]]]
Successfully Allocated
By slicing into the following superclusters:
SUPERCLUSTER Uid: 676
    slice lists:	
        [ ingress::hdr.p4_header.delay<32> ^0 ^bit[0..31] deparsed exact_containers [0:31] ]
        [ ingress::ig_intr_md_from_prsr.global_tstamp<48> ^0 ^bit[0..479] meta intrinsic exact_containers [0:31] ]
    rotational clusters:	
        [[ingress::hdr.p4_header.delay<32> ^0 ^bit[0..31] deparsed exact_containers [0:31]], [ingress::ig_intr_md_from_prsr.global_tstamp<48> ^0 ^bit[0..479] meta intrinsic exact_containers [0:31]]]

Best Score: {[n_inc_containers: 2, ], }
Allocation Decisions:
allocate: W0[0:31] <- ingress::ig_intr_md_from_prsr.global_tstamp<48> ^0 ^bit[0..479] meta intrinsic exact_containers [0:31]
allocate: W1[0:31] <- ingress::hdr.p4_header.delay<32> ^0 ^bit[0..31] deparsed exact_containers [0:31]
10: TRYING to allocate SUPERCLUSTER Uid: 384
    slice lists:	
        [ ingress::hdr.ipv4.total_len<16> ^0 ^bit[0..143] deparsed exact_containers [0:15]
          ingress::hdr.ipv4.diffserv<8> ^0 ^bit[0..127] deparsed exact_containers [0:7]
          ingress::hdr.ipv4.ihl<4> ^0 ^bit[0..119] deparsed exact_containers [0:3]
          ingress::hdr.ipv4.version<4> ^4 ^bit[0..115] deparsed exact_containers [0:3] ]
    rotational clusters:	
        [[ingress::hdr.ipv4.total_len<16> ^0 ^bit[0..143] deparsed exact_containers [0:15]]]
        [[ingress::hdr.ipv4.diffserv<8> ^0 ^bit[0..127] deparsed exact_containers [0:7]]]
        [[ingress::hdr.ipv4.ihl<4> ^0 ^bit[0..119] deparsed exact_containers [0:3]]]
        [[ingress::hdr.ipv4.version<4> ^4 ^bit[0..115] deparsed exact_containers [0:3]]]
Successfully Allocated
By slicing into the following superclusters:
SUPERCLUSTER Uid: 823
    slice lists:	
        [ ingress::hdr.ipv4.total_len<16> ^0 ^bit[0..143] deparsed exact_containers [0:15]
          ingress::hdr.ipv4.diffserv<8> ^0 ^bit[0..127] deparsed exact_containers [0:7]
          ingress::hdr.ipv4.ihl<4> ^0 ^bit[0..119] deparsed exact_containers [0:3]
          ingress::hdr.ipv4.version<4> ^4 ^bit[0..115] deparsed exact_containers [0:3] ]
    rotational clusters:	
        [[ingress::hdr.ipv4.total_len<16> ^0 ^bit[0..143] deparsed exact_containers [0:15]]]
        [[ingress::hdr.ipv4.diffserv<8> ^0 ^bit[0..127] deparsed exact_containers [0:7]]]
        [[ingress::hdr.ipv4.ihl<4> ^0 ^bit[0..119] deparsed exact_containers [0:3]]]
        [[ingress::hdr.ipv4.version<4> ^4 ^bit[0..115] deparsed exact_containers [0:3]]]

Best Score: {n_inc_tphv_collections: 1, T[n_set_gress: 1, n_set_parser_group_gress: 1, n_set_deparser_group_gress: 1, n_inc_containers: 1, ], }
Allocation Decisions:
allocate: TW4[0:15] <- ingress::hdr.ipv4.total_len<16> ^0 ^bit[0..143] deparsed exact_containers [0:15]
allocate: TW4[16:23] <- ingress::hdr.ipv4.diffserv<8> ^0 ^bit[0..127] deparsed exact_containers [0:7]
allocate: TW4[24:27] <- ingress::hdr.ipv4.ihl<4> ^0 ^bit[0..119] deparsed exact_containers [0:3]
allocate: TW4[28:31] <- ingress::hdr.ipv4.version<4> ^4 ^bit[0..115] deparsed exact_containers [0:3]
11: TRYING to allocate SUPERCLUSTER Uid: 478
    slice lists:	
        [ egress::hdr.ipv4.total_len<16> ^0 ^bit[0..143] deparsed exact_containers [0:15]
          egress::hdr.ipv4.diffserv<8> ^0 ^bit[0..127] deparsed exact_containers [0:7]
          egress::hdr.ipv4.ihl<4> ^0 ^bit[0..119] deparsed exact_containers [0:3]
          egress::hdr.ipv4.version<4> ^4 ^bit[0..115] deparsed exact_containers [0:3] ]
    rotational clusters:	
        [[egress::hdr.ipv4.total_len<16> ^0 ^bit[0..143] deparsed exact_containers [0:15]]]
        [[egress::hdr.ipv4.diffserv<8> ^0 ^bit[0..127] deparsed exact_containers [0:7]]]
        [[egress::hdr.ipv4.ihl<4> ^0 ^bit[0..119] deparsed exact_containers [0:3]]]
        [[egress::hdr.ipv4.version<4> ^4 ^bit[0..115] deparsed exact_containers [0:3]]]
Successfully Allocated
By slicing into the following superclusters:
SUPERCLUSTER Uid: 846
    slice lists:	
        [ egress::hdr.ipv4.total_len<16> ^0 ^bit[0..143] deparsed exact_containers [0:15]
          egress::hdr.ipv4.diffserv<8> ^0 ^bit[0..127] deparsed exact_containers [0:7]
          egress::hdr.ipv4.ihl<4> ^0 ^bit[0..119] deparsed exact_containers [0:3]
          egress::hdr.ipv4.version<4> ^4 ^bit[0..115] deparsed exact_containers [0:3] ]
    rotational clusters:	
        [[egress::hdr.ipv4.total_len<16> ^0 ^bit[0..143] deparsed exact_containers [0:15]]]
        [[egress::hdr.ipv4.diffserv<8> ^0 ^bit[0..127] deparsed exact_containers [0:7]]]
        [[egress::hdr.ipv4.ihl<4> ^0 ^bit[0..119] deparsed exact_containers [0:3]]]
        [[egress::hdr.ipv4.version<4> ^4 ^bit[0..115] deparsed exact_containers [0:3]]]

Best Score: {T[n_set_parser_group_gress: 1, n_set_deparser_group_gress: 1, n_inc_containers: 1, ], }
Allocation Decisions:
allocate: TW0[0:15] <- egress::hdr.ipv4.total_len<16> ^0 ^bit[0..143] deparsed exact_containers [0:15]
allocate: TW0[16:23] <- egress::hdr.ipv4.diffserv<8> ^0 ^bit[0..127] deparsed exact_containers [0:7]
allocate: TW0[24:27] <- egress::hdr.ipv4.ihl<4> ^0 ^bit[0..119] deparsed exact_containers [0:3]
allocate: TW0[28:31] <- egress::hdr.ipv4.version<4> ^4 ^bit[0..115] deparsed exact_containers [0:3]
12: TRYING to allocate SUPERCLUSTER Uid: 346
    slice lists:	
        [ ingress::hdr.p4_header.drop_prob<16> ^0 ^bit[0..95] deparsed exact_containers [0:15]
          ingress::hdr.p4_header.egress_port<9> ^0 ^bit[0..79] deparsed exact_containers [0:8]
          ingress::hdr.p4_header.pad2<7> ^1 ^bit[0..70] deparsed exact_containers [0:6] ]
    rotational clusters:	
        [[ingress::hdr.p4_header.drop_prob<16> ^0 ^bit[0..95] deparsed exact_containers [0:15]]]
        [[ingress::hdr.p4_header.egress_port<9> ^0 ^bit[0..79] deparsed exact_containers [0:8]]]
        [[ingress::hdr.p4_header.pad2<7> ^1 ^bit[0..70] deparsed exact_containers [0:6]]]
Successfully Allocated
By slicing into the following superclusters:
SUPERCLUSTER Uid: 869
    slice lists:	
        [ ingress::hdr.p4_header.drop_prob<16> ^0 ^bit[0..95] deparsed exact_containers [0:15]
          ingress::hdr.p4_header.egress_port<9> ^0 ^bit[0..79] deparsed exact_containers [0:8]
          ingress::hdr.p4_header.pad2<7> ^1 ^bit[0..70] deparsed exact_containers [0:6] ]
    rotational clusters:	
        [[ingress::hdr.p4_header.drop_prob<16> ^0 ^bit[0..95] deparsed exact_containers [0:15]]]
        [[ingress::hdr.p4_header.egress_port<9> ^0 ^bit[0..79] deparsed exact_containers [0:8]]]
        [[ingress::hdr.p4_header.pad2<7> ^1 ^bit[0..70] deparsed exact_containers [0:6]]]

Best Score: {tphv_on_phv_bits: 7, [n_inc_containers: 1, ], }
Allocation Decisions:
allocate: W2[0:15] <- ingress::hdr.p4_header.drop_prob<16> ^0 ^bit[0..95] deparsed exact_containers [0:15]
allocate: W2[16:24] <- ingress::hdr.p4_header.egress_port<9> ^0 ^bit[0..79] deparsed exact_containers [0:8]
allocate: W2[25:31] <- ingress::hdr.p4_header.pad2<7> ^1 ^bit[0..70] deparsed exact_containers [0:6]
13: TRYING to allocate SUPERCLUSTER Uid: 380
    slice lists:	
        [ ingress::hdr.ipv4.hdr_checksum<16> ^0 ^bit[0..207] deparsed exact_containers [0:15]
          ingress::hdr.ipv4.protocol<8> ^0 ^bit[0..191] deparsed exact_containers [0:7]
          ingress::hdr.ipv4.ttl<8> ^0 ^bit[0..183] deparsed exact_containers [0:7] ]
    rotational clusters:	
        [[ingress::hdr.ipv4.hdr_checksum<16> ^0 ^bit[0..207] deparsed exact_containers [0:15]]]
        [[ingress::hdr.ipv4.protocol<8> ^0 ^bit[0..191] deparsed exact_containers [0:7]]]
        [[ingress::hdr.ipv4.ttl<8> ^0 ^bit[0..183] deparsed exact_containers [0:7]]]
Successfully Allocated
By slicing into the following superclusters:
SUPERCLUSTER Uid: 904
    slice lists:	
        [ ingress::hdr.ipv4.hdr_checksum<16> ^0 ^bit[0..207] deparsed exact_containers [0:15]
          ingress::hdr.ipv4.protocol<8> ^0 ^bit[0..191] deparsed exact_containers [0:7]
          ingress::hdr.ipv4.ttl<8> ^0 ^bit[0..183] deparsed exact_containers [0:7] ]
    rotational clusters:	
        [[ingress::hdr.ipv4.hdr_checksum<16> ^0 ^bit[0..207] deparsed exact_containers [0:15]]]
        [[ingress::hdr.ipv4.protocol<8> ^0 ^bit[0..191] deparsed exact_containers [0:7]]]
        [[ingress::hdr.ipv4.ttl<8> ^0 ^bit[0..183] deparsed exact_containers [0:7]]]

Best Score: {T[n_set_parser_group_gress: 1, n_inc_containers: 1, ], }
Allocation Decisions:
allocate: TW5[0:15] <- ingress::hdr.ipv4.hdr_checksum<16> ^0 ^bit[0..207] deparsed exact_containers [0:15]
allocate: TW5[16:23] <- ingress::hdr.ipv4.protocol<8> ^0 ^bit[0..191] deparsed exact_containers [0:7]
allocate: TW5[24:31] <- ingress::hdr.ipv4.ttl<8> ^0 ^bit[0..183] deparsed exact_containers [0:7]
14: TRYING to allocate SUPERCLUSTER Uid: 382
    slice lists:	
        [ ingress::hdr.ipv4.frag_offset<13> ^0 ^bit[0..175] deparsed exact_containers [0:12]
          ingress::hdr.ipv4.flags<3> ^5 ^bit[0..162] deparsed exact_containers [0:2]
          ingress::hdr.ipv4.identification<16> ^0 ^bit[0..159] deparsed exact_containers [0:15] ]
    rotational clusters:	
        [[ingress::hdr.ipv4.frag_offset<13> ^0 ^bit[0..175] deparsed exact_containers [0:12]]]
        [[ingress::hdr.ipv4.flags<3> ^5 ^bit[0..162] deparsed exact_containers [0:2]]]
        [[ingress::hdr.ipv4.identification<16> ^0 ^bit[0..159] deparsed exact_containers [0:15]]]
Successfully Allocated
By slicing into the following superclusters:
SUPERCLUSTER Uid: 927
    slice lists:	
        [ ingress::hdr.ipv4.frag_offset<13> ^0 ^bit[0..175] deparsed exact_containers [0:12]
          ingress::hdr.ipv4.flags<3> ^5 ^bit[0..162] deparsed exact_containers [0:2]
          ingress::hdr.ipv4.identification<16> ^0 ^bit[0..159] deparsed exact_containers [0:15] ]
    rotational clusters:	
        [[ingress::hdr.ipv4.frag_offset<13> ^0 ^bit[0..175] deparsed exact_containers [0:12]]]
        [[ingress::hdr.ipv4.flags<3> ^5 ^bit[0..162] deparsed exact_containers [0:2]]]
        [[ingress::hdr.ipv4.identification<16> ^0 ^bit[0..159] deparsed exact_containers [0:15]]]

Best Score: {T[n_set_parser_group_gress: 1, n_inc_containers: 1, ], }
Allocation Decisions:
allocate: TW6[0:12] <- ingress::hdr.ipv4.frag_offset<13> ^0 ^bit[0..175] deparsed exact_containers [0:12]
allocate: TW6[13:15] <- ingress::hdr.ipv4.flags<3> ^5 ^bit[0..162] deparsed exact_containers [0:2]
allocate: TW6[16:31] <- ingress::hdr.ipv4.identification<16> ^0 ^bit[0..159] deparsed exact_containers [0:15]
15: TRYING to allocate SUPERCLUSTER Uid: 444
    slice lists:	
        [ egress::hdr.p4_header.drop_prob<16> ^0 ^bit[0..95] deparsed exact_containers [0:15]
          egress::hdr.p4_header.egress_port<9> ^0 ^bit[0..79] deparsed exact_containers [0:8]
          egress::hdr.p4_header.pad2<7> ^1 ^bit[0..70] deparsed exact_containers [0:6] ]
    rotational clusters:	
        [[egress::hdr.p4_header.drop_prob<16> ^0 ^bit[0..95] deparsed exact_containers [0:15]]]
        [[egress::hdr.p4_header.egress_port<9> ^0 ^bit[0..79] deparsed exact_containers [0:8]]]
        [[egress::hdr.p4_header.pad2<7> ^1 ^bit[0..70] deparsed exact_containers [0:6]]]
Successfully Allocated
By slicing into the following superclusters:
SUPERCLUSTER Uid: 962
    slice lists:	
        [ egress::hdr.p4_header.drop_prob<16> ^0 ^bit[0..95] deparsed exact_containers [0:15]
          egress::hdr.p4_header.egress_port<9> ^0 ^bit[0..79] deparsed exact_containers [0:8]
          egress::hdr.p4_header.pad2<7> ^1 ^bit[0..70] deparsed exact_containers [0:6] ]
    rotational clusters:	
        [[egress::hdr.p4_header.drop_prob<16> ^0 ^bit[0..95] deparsed exact_containers [0:15]]]
        [[egress::hdr.p4_header.egress_port<9> ^0 ^bit[0..79] deparsed exact_containers [0:8]]]
        [[egress::hdr.p4_header.pad2<7> ^1 ^bit[0..70] deparsed exact_containers [0:6]]]

Best Score: {tphv_on_phv_bits: 7, [n_inc_containers: 1, ], }
Allocation Decisions:
allocate: W21[0:15] <- egress::hdr.p4_header.drop_prob<16> ^0 ^bit[0..95] deparsed exact_containers [0:15]
allocate: W21[16:24] <- egress::hdr.p4_header.egress_port<9> ^0 ^bit[0..79] deparsed exact_containers [0:8]
allocate: W21[25:31] <- egress::hdr.p4_header.pad2<7> ^1 ^bit[0..70] deparsed exact_containers [0:6]
16: TRYING to allocate SUPERCLUSTER Uid: 474
    slice lists:	
        [ egress::hdr.ipv4.hdr_checksum<16> ^0 ^bit[0..207] deparsed exact_containers [0:15]
          egress::hdr.ipv4.protocol<8> ^0 ^bit[0..191] deparsed exact_containers [0:7]
          egress::hdr.ipv4.ttl<8> ^0 ^bit[0..183] deparsed exact_containers [0:7] ]
    rotational clusters:	
        [[egress::hdr.ipv4.hdr_checksum<16> ^0 ^bit[0..207] deparsed exact_containers [0:15]]]
        [[egress::hdr.ipv4.protocol<8> ^0 ^bit[0..191] deparsed exact_containers [0:7]]]
        [[egress::hdr.ipv4.ttl<8> ^0 ^bit[0..183] deparsed exact_containers [0:7]]]
Successfully Allocated
By slicing into the following superclusters:
SUPERCLUSTER Uid: 997
    slice lists:	
        [ egress::hdr.ipv4.hdr_checksum<16> ^0 ^bit[0..207] deparsed exact_containers [0:15]
          egress::hdr.ipv4.protocol<8> ^0 ^bit[0..191] deparsed exact_containers [0:7]
          egress::hdr.ipv4.ttl<8> ^0 ^bit[0..183] deparsed exact_containers [0:7] ]
    rotational clusters:	
        [[egress::hdr.ipv4.hdr_checksum<16> ^0 ^bit[0..207] deparsed exact_containers [0:15]]]
        [[egress::hdr.ipv4.protocol<8> ^0 ^bit[0..191] deparsed exact_containers [0:7]]]
        [[egress::hdr.ipv4.ttl<8> ^0 ^bit[0..183] deparsed exact_containers [0:7]]]

Best Score: {T[n_set_parser_group_gress: 1, n_inc_containers: 1, ], }
Allocation Decisions:
allocate: TW1[0:15] <- egress::hdr.ipv4.hdr_checksum<16> ^0 ^bit[0..207] deparsed exact_containers [0:15]
allocate: TW1[16:23] <- egress::hdr.ipv4.protocol<8> ^0 ^bit[0..191] deparsed exact_containers [0:7]
allocate: TW1[24:31] <- egress::hdr.ipv4.ttl<8> ^0 ^bit[0..183] deparsed exact_containers [0:7]
17: TRYING to allocate SUPERCLUSTER Uid: 476
    slice lists:	
        [ egress::hdr.ipv4.frag_offset<13> ^0 ^bit[0..175] deparsed exact_containers [0:12]
          egress::hdr.ipv4.flags<3> ^5 ^bit[0..162] deparsed exact_containers [0:2]
          egress::hdr.ipv4.identification<16> ^0 ^bit[0..159] deparsed exact_containers [0:15] ]
    rotational clusters:	
        [[egress::hdr.ipv4.frag_offset<13> ^0 ^bit[0..175] deparsed exact_containers [0:12]]]
        [[egress::hdr.ipv4.flags<3> ^5 ^bit[0..162] deparsed exact_containers [0:2]]]
        [[egress::hdr.ipv4.identification<16> ^0 ^bit[0..159] deparsed exact_containers [0:15]]]
Successfully Allocated
By slicing into the following superclusters:
SUPERCLUSTER Uid: 1020
    slice lists:	
        [ egress::hdr.ipv4.frag_offset<13> ^0 ^bit[0..175] deparsed exact_containers [0:12]
          egress::hdr.ipv4.flags<3> ^5 ^bit[0..162] deparsed exact_containers [0:2]
          egress::hdr.ipv4.identification<16> ^0 ^bit[0..159] deparsed exact_containers [0:15] ]
    rotational clusters:	
        [[egress::hdr.ipv4.frag_offset<13> ^0 ^bit[0..175] deparsed exact_containers [0:12]]]
        [[egress::hdr.ipv4.flags<3> ^5 ^bit[0..162] deparsed exact_containers [0:2]]]
        [[egress::hdr.ipv4.identification<16> ^0 ^bit[0..159] deparsed exact_containers [0:15]]]

Best Score: {T[n_set_parser_group_gress: 1, n_inc_containers: 1, ], }
Allocation Decisions:
allocate: TW2[0:12] <- egress::hdr.ipv4.frag_offset<13> ^0 ^bit[0..175] deparsed exact_containers [0:12]
allocate: TW2[13:15] <- egress::hdr.ipv4.flags<3> ^5 ^bit[0..162] deparsed exact_containers [0:2]
allocate: TW2[16:31] <- egress::hdr.ipv4.identification<16> ^0 ^bit[0..159] deparsed exact_containers [0:15]
18: TRYING to allocate SUPERCLUSTER Uid: 336
    slice lists:	
        [ ingress::hdr.timer.packet_id<16> ^0 ^bit[0..47] deparsed exact_containers [0:15]
          ingress::hdr.timer.batch_id<16> ^0 ^bit[0..31] deparsed exact_containers [0:15] ]
    rotational clusters:	
        [[ingress::hdr.timer.packet_id<16> ^0 ^bit[0..47] deparsed exact_containers [0:15]]]
        [[ingress::hdr.timer.batch_id<16> ^0 ^bit[0..31] deparsed exact_containers [0:15]]]
Successfully Allocated
By slicing into the following superclusters:
SUPERCLUSTER Uid: 1055
    slice lists:	
        [ ingress::hdr.timer.packet_id<16> ^0 ^bit[0..47] deparsed exact_containers [0:15]
          ingress::hdr.timer.batch_id<16> ^0 ^bit[0..31] deparsed exact_containers [0:15] ]
    rotational clusters:	
        [[ingress::hdr.timer.packet_id<16> ^0 ^bit[0..47] deparsed exact_containers [0:15]]]
        [[ingress::hdr.timer.batch_id<16> ^0 ^bit[0..31] deparsed exact_containers [0:15]]]

Best Score: {T[n_overlay_bits: 32, ], }
Allocation Decisions:
allocate: TW4[0:15] <- ingress::hdr.timer.packet_id<16> ^0 ^bit[0..47] deparsed exact_containers [0:15]
allocate: TW4[16:31] <- ingress::hdr.timer.batch_id<16> ^0 ^bit[0..31] deparsed exact_containers [0:15]
19: TRYING to allocate SUPERCLUSTER Uid: 389
    slice lists:	
        [ ingress::hdr.udp.checksum<16> ^0 ^bit[0..63] deparsed exact_containers [0:15]
          ingress::hdr.udp.len<16> ^0 ^bit[0..47] deparsed exact_containers [0:15] ]
    rotational clusters:	
        [[ingress::hdr.udp.checksum<16> ^0 ^bit[0..63] deparsed exact_containers [0:15]]]
        [[ingress::hdr.udp.len<16> ^0 ^bit[0..47] deparsed exact_containers [0:15]]]
Successfully Allocated
By slicing into the following superclusters:
SUPERCLUSTER Uid: 1090
    slice lists:	
        [ ingress::hdr.udp.checksum<16> ^0 ^bit[0..63] deparsed exact_containers [0:15]
          ingress::hdr.udp.len<16> ^0 ^bit[0..47] deparsed exact_containers [0:15] ]
    rotational clusters:	
        [[ingress::hdr.udp.checksum<16> ^0 ^bit[0..63] deparsed exact_containers [0:15]]]
        [[ingress::hdr.udp.len<16> ^0 ^bit[0..47] deparsed exact_containers [0:15]]]

Best Score: {T[n_set_parser_group_gress: 1, n_inc_containers: 1, ], }
Allocation Decisions:
allocate: TW7[0:15] <- ingress::hdr.udp.checksum<16> ^0 ^bit[0..63] deparsed exact_containers [0:15]
allocate: TW7[16:31] <- ingress::hdr.udp.len<16> ^0 ^bit[0..47] deparsed exact_containers [0:15]
20: TRYING to allocate SUPERCLUSTER Uid: 391
    slice lists:	
        [ ingress::hdr.udp.dst_port<16> ^0 ^bit[0..31] deparsed exact_containers [0:15]
          ingress::hdr.udp.src_port<16> ^0 ^bit[0..15] deparsed exact_containers [0:15] ]
    rotational clusters:	
        [[ingress::hdr.udp.dst_port<16> ^0 ^bit[0..31] deparsed exact_containers [0:15]]]
        [[ingress::hdr.udp.src_port<16> ^0 ^bit[0..15] deparsed exact_containers [0:15]]]
Successfully Allocated
By slicing into the following superclusters:
SUPERCLUSTER Uid: 1126
    slice lists:	
        [ ingress::hdr.udp.dst_port<16> ^0 ^bit[0..31] deparsed exact_containers [0:15] ]
    rotational clusters:	
        [[ingress::hdr.udp.dst_port<16> ^0 ^bit[0..31] deparsed exact_containers [0:15]]]

SUPERCLUSTER Uid: 1128
    slice lists:	
        [ ingress::hdr.udp.src_port<16> ^0 ^bit[0..15] deparsed exact_containers [0:15] ]
    rotational clusters:	
        [[ingress::hdr.udp.src_port<16> ^0 ^bit[0..15] deparsed exact_containers [0:15]]]

Best Score: {T[n_set_parser_group_gress: 2, n_inc_containers: 2, ], }
Allocation Decisions:
allocate: TH6[0:15] <- ingress::hdr.udp.dst_port<16> ^0 ^bit[0..31] deparsed exact_containers [0:15]
allocate: TH7[0:15] <- ingress::hdr.udp.src_port<16> ^0 ^bit[0..15] deparsed exact_containers [0:15]
21: TRYING to allocate SUPERCLUSTER Uid: 430
    slice lists:	
        [ egress::hdr.timer.packet_id<16> ^0 ^bit[0..47] deparsed exact_containers [0:15]
          egress::hdr.timer.batch_id<16> ^0 ^bit[0..31] deparsed exact_containers [0:15] ]
    rotational clusters:	
        [[egress::hdr.timer.packet_id<16> ^0 ^bit[0..47] deparsed exact_containers [0:15]]]
        [[egress::hdr.timer.batch_id<16> ^0 ^bit[0..31] deparsed exact_containers [0:15]]]
Successfully Allocated
By slicing into the following superclusters:
SUPERCLUSTER Uid: 1160
    slice lists:	
        [ egress::hdr.timer.packet_id<16> ^0 ^bit[0..47] deparsed exact_containers [0:15]
          egress::hdr.timer.batch_id<16> ^0 ^bit[0..31] deparsed exact_containers [0:15] ]
    rotational clusters:	
        [[egress::hdr.timer.packet_id<16> ^0 ^bit[0..47] deparsed exact_containers [0:15]]]
        [[egress::hdr.timer.batch_id<16> ^0 ^bit[0..31] deparsed exact_containers [0:15]]]

Best Score: {T[n_overlay_bits: 32, ], }
Allocation Decisions:
allocate: TW0[0:15] <- egress::hdr.timer.packet_id<16> ^0 ^bit[0..47] deparsed exact_containers [0:15]
allocate: TW0[16:31] <- egress::hdr.timer.batch_id<16> ^0 ^bit[0..31] deparsed exact_containers [0:15]
22: TRYING to allocate SUPERCLUSTER Uid: 483
    slice lists:	
        [ egress::hdr.udp.checksum<16> ^0 ^bit[0..63] deparsed exact_containers [0:15]
          egress::hdr.udp.len<16> ^0 ^bit[0..47] deparsed exact_containers [0:15] ]
    rotational clusters:	
        [[egress::hdr.udp.checksum<16> ^0 ^bit[0..63] deparsed exact_containers [0:15]]]
        [[egress::hdr.udp.len<16> ^0 ^bit[0..47] deparsed exact_containers [0:15]]]
Successfully Allocated
By slicing into the following superclusters:
SUPERCLUSTER Uid: 1195
    slice lists:	
        [ egress::hdr.udp.checksum<16> ^0 ^bit[0..63] deparsed exact_containers [0:15]
          egress::hdr.udp.len<16> ^0 ^bit[0..47] deparsed exact_containers [0:15] ]
    rotational clusters:	
        [[egress::hdr.udp.checksum<16> ^0 ^bit[0..63] deparsed exact_containers [0:15]]]
        [[egress::hdr.udp.len<16> ^0 ^bit[0..47] deparsed exact_containers [0:15]]]

Best Score: {T[n_set_parser_group_gress: 1, n_inc_containers: 1, ], }
Allocation Decisions:
allocate: TW3[0:15] <- egress::hdr.udp.checksum<16> ^0 ^bit[0..63] deparsed exact_containers [0:15]
allocate: TW3[16:31] <- egress::hdr.udp.len<16> ^0 ^bit[0..47] deparsed exact_containers [0:15]
23: TRYING to allocate SUPERCLUSTER Uid: 485
    slice lists:	
        [ egress::hdr.udp.dst_port<16> ^0 ^bit[0..31] deparsed exact_containers [0:15]
          egress::hdr.udp.src_port<16> ^0 ^bit[0..15] deparsed exact_containers [0:15] ]
    rotational clusters:	
        [[egress::hdr.udp.dst_port<16> ^0 ^bit[0..31] deparsed exact_containers [0:15]]]
        [[egress::hdr.udp.src_port<16> ^0 ^bit[0..15] deparsed exact_containers [0:15]]]
Successfully Allocated
By slicing into the following superclusters:
SUPERCLUSTER Uid: 1231
    slice lists:	
        [ egress::hdr.udp.dst_port<16> ^0 ^bit[0..31] deparsed exact_containers [0:15] ]
    rotational clusters:	
        [[egress::hdr.udp.dst_port<16> ^0 ^bit[0..31] deparsed exact_containers [0:15]]]

SUPERCLUSTER Uid: 1233
    slice lists:	
        [ egress::hdr.udp.src_port<16> ^0 ^bit[0..15] deparsed exact_containers [0:15] ]
    rotational clusters:	
        [[egress::hdr.udp.src_port<16> ^0 ^bit[0..15] deparsed exact_containers [0:15]]]

Best Score: {T[n_set_parser_group_gress: 2, n_inc_containers: 2, ], }
Allocation Decisions:
allocate: TH1[0:15] <- egress::hdr.udp.dst_port<16> ^0 ^bit[0..31] deparsed exact_containers [0:15]
allocate: TH2[0:15] <- egress::hdr.udp.src_port<16> ^0 ^bit[0..15] deparsed exact_containers [0:15]
24: TRYING to allocate SUPERCLUSTER Uid: 348
    slice lists:	
        [ ingress::hdr.p4_header.depth<32> ^0 ^bit[0..63] deparsed exact_containers [0:31] ]
    rotational clusters:	
        [[ingress::hdr.p4_header.depth<32> ^0 ^bit[0..63] deparsed exact_containers [0:31]]]
Successfully Allocated
By slicing into the following superclusters:
SUPERCLUSTER Uid: 1270
    slice lists:	
        [ ingress::hdr.p4_header.depth<32> ^0 ^bit[0..63] deparsed exact_containers [0:15] ]
    rotational clusters:	
        [[ingress::hdr.p4_header.depth<32> ^0 ^bit[0..63] deparsed exact_containers [0:15]]]

SUPERCLUSTER Uid: 1272
    slice lists:	
        [ ingress::hdr.p4_header.depth<32> ^0 ^bit[0..47] deparsed exact_containers [16:31] ]
    rotational clusters:	
        [[ingress::hdr.p4_header.depth<32> ^0 ^bit[0..47] deparsed exact_containers [16:31]]]

Best Score: {T[n_set_parser_group_gress: 2, n_inc_containers: 2, ], }
Allocation Decisions:
allocate: TH8[0:15] <- ingress::hdr.p4_header.depth<32> ^0 ^bit[0..63] deparsed exact_containers [0:15]
allocate: TH9[0:15] <- ingress::hdr.p4_header.depth<32> ^0 ^bit[0..47] deparsed exact_containers [16:31]
25: TRYING to allocate SUPERCLUSTER Uid: 362
    slice lists:	
        [ ingress::hdr.ethernet.src_addr<48> ^0 ^bit[0..95] deparsed exact_containers [0:31] ]
    rotational clusters:	
        [[ingress::hdr.ethernet.src_addr<48> ^0 ^bit[0..95] deparsed exact_containers [0:31]]]
Successfully Allocated
By slicing into the following superclusters:
SUPERCLUSTER Uid: 1313
    slice lists:	
        [ ingress::hdr.ethernet.src_addr<48> ^0 ^bit[0..95] deparsed exact_containers [0:15] ]
    rotational clusters:	
        [[ingress::hdr.ethernet.src_addr<48> ^0 ^bit[0..95] deparsed exact_containers [0:15]]]

SUPERCLUSTER Uid: 1315
    slice lists:	
        [ ingress::hdr.ethernet.src_addr<48> ^0 ^bit[0..79] deparsed exact_containers [16:31] ]
    rotational clusters:	
        [[ingress::hdr.ethernet.src_addr<48> ^0 ^bit[0..79] deparsed exact_containers [16:31]]]

Best Score: {T[n_set_parser_group_gress: 2, n_inc_containers: 2, ], }
Allocation Decisions:
allocate: TH10[0:15] <- ingress::hdr.ethernet.src_addr<48> ^0 ^bit[0..95] deparsed exact_containers [0:15]
allocate: TH11[0:15] <- ingress::hdr.ethernet.src_addr<48> ^0 ^bit[0..79] deparsed exact_containers [16:31]
26: TRYING to allocate SUPERCLUSTER Uid: 369
    slice lists:	
        [ ingress::hdr.ethernet.dst_addr<48> ^0 ^bit[0..47] deparsed exact_containers [0:31] ]
    rotational clusters:	
        [[ingress::hdr.ethernet.dst_addr<48> ^0 ^bit[0..47] deparsed exact_containers [0:31]]]
Successfully Allocated
By slicing into the following superclusters:
SUPERCLUSTER Uid: 1369
    slice lists:	
        [ ingress::hdr.ethernet.dst_addr<48> ^0 ^bit[0..47] deparsed exact_containers [0:7] ]
    rotational clusters:	
        [[ingress::hdr.ethernet.dst_addr<48> ^0 ^bit[0..47] deparsed exact_containers [0:7]]]

SUPERCLUSTER Uid: 1381
    slice lists:	
        [ ingress::hdr.ethernet.dst_addr<48> ^0 ^bit[0..39] deparsed exact_containers [8:15] ]
    rotational clusters:	
        [[ingress::hdr.ethernet.dst_addr<48> ^0 ^bit[0..39] deparsed exact_containers [8:15]]]

SUPERCLUSTER Uid: 1388
    slice lists:	
        [ ingress::hdr.ethernet.dst_addr<48> ^0 ^bit[0..31] deparsed exact_containers [16:23] ]
    rotational clusters:	
        [[ingress::hdr.ethernet.dst_addr<48> ^0 ^bit[0..31] deparsed exact_containers [16:23]]]

SUPERCLUSTER Uid: 1389
    slice lists:	
        [ ingress::hdr.ethernet.dst_addr<48> ^0 ^bit[0..23] deparsed exact_containers [24:31] ]
    rotational clusters:	
        [[ingress::hdr.ethernet.dst_addr<48> ^0 ^bit[0..23] deparsed exact_containers [24:31]]]

Best Score: {T[n_set_parser_group_gress: 4, n_inc_containers: 4, ], }
Allocation Decisions:
allocate: TB4[0:7] <- ingress::hdr.ethernet.dst_addr<48> ^0 ^bit[0..47] deparsed exact_containers [0:7]
allocate: TB5[0:7] <- ingress::hdr.ethernet.dst_addr<48> ^0 ^bit[0..39] deparsed exact_containers [8:15]
allocate: TB6[0:7] <- ingress::hdr.ethernet.dst_addr<48> ^0 ^bit[0..31] deparsed exact_containers [16:23]
allocate: TB7[0:7] <- ingress::hdr.ethernet.dst_addr<48> ^0 ^bit[0..23] deparsed exact_containers [24:31]
27: TRYING to allocate SUPERCLUSTER Uid: 377
    slice lists:	
        [ ingress::hdr.ipv4.dst_addr<32> ^0 ^bit[0..271] deparsed exact_containers [0:31] ]
    rotational clusters:	
        [[ingress::hdr.ipv4.dst_addr<32> ^0 ^bit[0..271] deparsed exact_containers [0:31]]]
Successfully Allocated
By slicing into the following superclusters:
SUPERCLUSTER Uid: 1394
    slice lists:	
        [ ingress::hdr.ipv4.dst_addr<32> ^0 ^bit[0..271] deparsed exact_containers [0:31] ]
    rotational clusters:	
        [[ingress::hdr.ipv4.dst_addr<32> ^0 ^bit[0..271] deparsed exact_containers [0:31]]]

Best Score: {n_inc_tphv_collections: 1, T[n_set_gress: 1, n_set_parser_group_gress: 1, n_set_deparser_group_gress: 1, n_inc_containers: 1, ], }
Allocation Decisions:
allocate: TW8[0:31] <- ingress::hdr.ipv4.dst_addr<32> ^0 ^bit[0..271] deparsed exact_containers [0:31]
28: TRYING to allocate SUPERCLUSTER Uid: 379
    slice lists:	
        [ ingress::hdr.ipv4.src_addr<32> ^0 ^bit[0..239] deparsed exact_containers [0:31] ]
    rotational clusters:	
        [[ingress::hdr.ipv4.src_addr<32> ^0 ^bit[0..239] deparsed exact_containers [0:31]]]
Successfully Allocated
By slicing into the following superclusters:
SUPERCLUSTER Uid: 1437
    slice lists:	
        [ ingress::hdr.ipv4.src_addr<32> ^0 ^bit[0..239] deparsed exact_containers [0:31] ]
    rotational clusters:	
        [[ingress::hdr.ipv4.src_addr<32> ^0 ^bit[0..239] deparsed exact_containers [0:31]]]

Best Score: {T[n_set_parser_group_gress: 1, n_inc_containers: 1, ], }
Allocation Decisions:
allocate: TW9[0:31] <- ingress::hdr.ipv4.src_addr<32> ^0 ^bit[0..239] deparsed exact_containers [0:31]
29: TRYING to allocate SUPERCLUSTER Uid: 456
    slice lists:	
        [ egress::hdr.ethernet.src_addr<48> ^0 ^bit[0..95] deparsed exact_containers [0:31] ]
    rotational clusters:	
        [[egress::hdr.ethernet.src_addr<48> ^0 ^bit[0..95] deparsed exact_containers [0:31]]]
Successfully Allocated
By slicing into the following superclusters:
SUPERCLUSTER Uid: 1485
    slice lists:	
        [ egress::hdr.ethernet.src_addr<48> ^0 ^bit[0..95] deparsed exact_containers [0:15] ]
    rotational clusters:	
        [[egress::hdr.ethernet.src_addr<48> ^0 ^bit[0..95] deparsed exact_containers [0:15]]]

SUPERCLUSTER Uid: 1487
    slice lists:	
        [ egress::hdr.ethernet.src_addr<48> ^0 ^bit[0..79] deparsed exact_containers [16:31] ]
    rotational clusters:	
        [[egress::hdr.ethernet.src_addr<48> ^0 ^bit[0..79] deparsed exact_containers [16:31]]]

Best Score: {T[n_set_parser_group_gress: 2, n_inc_containers: 2, ], }
Allocation Decisions:
allocate: TH3[0:15] <- egress::hdr.ethernet.src_addr<48> ^0 ^bit[0..95] deparsed exact_containers [0:15]
allocate: TH4[0:15] <- egress::hdr.ethernet.src_addr<48> ^0 ^bit[0..79] deparsed exact_containers [16:31]
30: TRYING to allocate SUPERCLUSTER Uid: 463
    slice lists:	
        [ egress::hdr.ethernet.dst_addr<48> ^0 ^bit[0..47] deparsed exact_containers [0:31] ]
    rotational clusters:	
        [[egress::hdr.ethernet.dst_addr<48> ^0 ^bit[0..47] deparsed exact_containers [0:31]]]
Successfully Allocated
By slicing into the following superclusters:
SUPERCLUSTER Uid: 1523
    slice lists:	
        [ egress::hdr.ethernet.dst_addr<48> ^0 ^bit[0..47] deparsed exact_containers [0:31] ]
    rotational clusters:	
        [[egress::hdr.ethernet.dst_addr<48> ^0 ^bit[0..47] deparsed exact_containers [0:31]]]

Best Score: {[n_inc_containers: 1, ], }
Allocation Decisions:
allocate: W22[0:31] <- egress::hdr.ethernet.dst_addr<48> ^0 ^bit[0..47] deparsed exact_containers [0:31]
31: TRYING to allocate SUPERCLUSTER Uid: 471
    slice lists:	
        [ egress::hdr.ipv4.dst_addr<32> ^0 ^bit[0..271] deparsed exact_containers [0:31] ]
    rotational clusters:	
        [[egress::hdr.ipv4.dst_addr<32> ^0 ^bit[0..271] deparsed exact_containers [0:31]]]
Successfully Allocated
By slicing into the following superclusters:
SUPERCLUSTER Uid: 1571
    slice lists:	
        [ egress::hdr.ipv4.dst_addr<32> ^0 ^bit[0..271] deparsed exact_containers [0:15] ]
    rotational clusters:	
        [[egress::hdr.ipv4.dst_addr<32> ^0 ^bit[0..271] deparsed exact_containers [0:15]]]

SUPERCLUSTER Uid: 1578
    slice lists:	
        [ egress::hdr.ipv4.dst_addr<32> ^0 ^bit[0..255] deparsed exact_containers [16:23] ]
    rotational clusters:	
        [[egress::hdr.ipv4.dst_addr<32> ^0 ^bit[0..255] deparsed exact_containers [16:23]]]

SUPERCLUSTER Uid: 1579
    slice lists:	
        [ egress::hdr.ipv4.dst_addr<32> ^0 ^bit[0..247] deparsed exact_containers [24:31] ]
    rotational clusters:	
        [[egress::hdr.ipv4.dst_addr<32> ^0 ^bit[0..247] deparsed exact_containers [24:31]]]

Best Score: {T[n_set_parser_group_gress: 3, n_inc_containers: 3, ], }
Allocation Decisions:
allocate: TH5[0:15] <- egress::hdr.ipv4.dst_addr<32> ^0 ^bit[0..271] deparsed exact_containers [0:15]
allocate: TB0[0:7] <- egress::hdr.ipv4.dst_addr<32> ^0 ^bit[0..255] deparsed exact_containers [16:23]
allocate: TB1[0:7] <- egress::hdr.ipv4.dst_addr<32> ^0 ^bit[0..247] deparsed exact_containers [24:31]
32: TRYING to allocate SUPERCLUSTER Uid: 473
    slice lists:	
        [ egress::hdr.ipv4.src_addr<32> ^0 ^bit[0..239] deparsed exact_containers [0:31] ]
    rotational clusters:	
        [[egress::hdr.ipv4.src_addr<32> ^0 ^bit[0..239] deparsed exact_containers [0:31]]]
Successfully Allocated
By slicing into the following superclusters:
SUPERCLUSTER Uid: 1609
    slice lists:	
        [ egress::hdr.ipv4.src_addr<32> ^0 ^bit[0..239] deparsed exact_containers [0:31] ]
    rotational clusters:	
        [[egress::hdr.ipv4.src_addr<32> ^0 ^bit[0..239] deparsed exact_containers [0:31]]]

Best Score: {n_inc_tphv_collections: 1, T[n_set_gress: 1, n_set_parser_group_gress: 1, n_set_deparser_group_gress: 1, n_inc_containers: 1, ], }
Allocation Decisions:
allocate: TW12[0:31] <- egress::hdr.ipv4.src_addr<32> ^0 ^bit[0..239] deparsed exact_containers [0:31]
33: TRYING to allocate SUPERCLUSTER Uid: 338
    slice lists:	
        [ ingress::hdr.timer._pad2<8> ^0 ^bit[0..15] deparsed exact_containers [0:7]
          ingress::hdr.timer.app_id<3> ^0 ^bit[0..7] deparsed exact_containers [0:2]
          ingress::hdr.timer.pipe_id<2> ^3 ^bit[0..4] deparsed exact_containers [0:1]
          ingress::hdr.timer.again<1> ^5 ^bit[0..2] deparsed exact_containers [0:0]
          ingress::hdr.timer._pad1<2> ^6 ^bit[0..1] deparsed exact_containers [0:1] ]
    rotational clusters:	
        [[ingress::hdr.timer._pad2<8> ^0 ^bit[0..15] deparsed exact_containers [0:7]]]
        [[ingress::hdr.timer.app_id<3> ^0 ^bit[0..7] deparsed exact_containers [0:2]]]
        [[ingress::hdr.timer.pipe_id<2> ^3 ^bit[0..4] deparsed exact_containers [0:1]]]
        [[ingress::hdr.timer.again<1> ^5 ^bit[0..2] deparsed exact_containers [0:0]]]
        [[ingress::hdr.timer._pad1<2> ^6 ^bit[0..1] deparsed exact_containers [0:1]]]
Successfully Allocated
By slicing into the following superclusters:
SUPERCLUSTER Uid: 1653
    slice lists:	
        [ ingress::hdr.timer.app_id<3> ^0 ^bit[0..7] deparsed exact_containers [0:2]
          ingress::hdr.timer.pipe_id<2> ^3 ^bit[0..4] deparsed exact_containers [0:1]
          ingress::hdr.timer.again<1> ^5 ^bit[0..2] deparsed exact_containers [0:0]
          ingress::hdr.timer._pad1<2> ^6 ^bit[0..1] deparsed exact_containers [0:1] ]
    rotational clusters:	
        [[ingress::hdr.timer.app_id<3> ^0 ^bit[0..7] deparsed exact_containers [0:2]]]
        [[ingress::hdr.timer.pipe_id<2> ^3 ^bit[0..4] deparsed exact_containers [0:1]]]
        [[ingress::hdr.timer.again<1> ^5 ^bit[0..2] deparsed exact_containers [0:0]]]
        [[ingress::hdr.timer._pad1<2> ^6 ^bit[0..1] deparsed exact_containers [0:1]]]

SUPERCLUSTER Uid: 1654
    slice lists:	
        [ ingress::hdr.timer._pad2<8> ^0 ^bit[0..15] deparsed exact_containers [0:7] ]
    rotational clusters:	
        [[ingress::hdr.timer._pad2<8> ^0 ^bit[0..15] deparsed exact_containers [0:7]]]

Best Score: {tphv_on_phv_bits: 7, T[n_overlay_bits: 8, ], [n_inc_containers: 1, n_inc_small_containers: 1, ], }
Allocation Decisions:
allocate: B1[0:2] <- ingress::hdr.timer.app_id<3> ^0 ^bit[0..7] deparsed exact_containers [0:2]
allocate: B1[3:4] <- ingress::hdr.timer.pipe_id<2> ^3 ^bit[0..4] deparsed exact_containers [0:1]
allocate: B1[5:5] <- ingress::hdr.timer.again<1> ^5 ^bit[0..2] deparsed exact_containers [0:0]
allocate: B1[6:7] <- ingress::hdr.timer._pad1<2> ^6 ^bit[0..1] deparsed exact_containers [0:1]
allocate: TB4[0:7] <- ingress::hdr.timer._pad2<8> ^0 ^bit[0..15] deparsed exact_containers [0:7]
34: TRYING to allocate SUPERCLUSTER Uid: 432
    slice lists:	
        [ egress::hdr.timer._pad2<8> ^0 ^bit[0..15] deparsed exact_containers [0:7]
          egress::hdr.timer.app_id<3> ^0 ^bit[0..7] deparsed exact_containers [0:2]
          egress::hdr.timer.pipe_id<2> ^3 ^bit[0..4] deparsed exact_containers [0:1]
          egress::hdr.timer.again<1> ^5 ^bit[0..2] deparsed exact_containers [0:0]
          egress::hdr.timer._pad1<2> ^6 ^bit[0..1] deparsed exact_containers [0:1] ]
    rotational clusters:	
        [[egress::hdr.timer._pad2<8> ^0 ^bit[0..15] deparsed exact_containers [0:7]]]
        [[egress::hdr.timer.app_id<3> ^0 ^bit[0..7] deparsed exact_containers [0:2]]]
        [[egress::hdr.timer.pipe_id<2> ^3 ^bit[0..4] deparsed exact_containers [0:1]]]
        [[egress::hdr.timer.again<1> ^5 ^bit[0..2] deparsed exact_containers [0:0]]]
        [[egress::hdr.timer._pad1<2> ^6 ^bit[0..1] deparsed exact_containers [0:1]]]
Successfully Allocated
By slicing into the following superclusters:
SUPERCLUSTER Uid: 1660
    slice lists:	
        [ egress::hdr.timer.app_id<3> ^0 ^bit[0..7] deparsed exact_containers [0:2]
          egress::hdr.timer.pipe_id<2> ^3 ^bit[0..4] deparsed exact_containers [0:1]
          egress::hdr.timer.again<1> ^5 ^bit[0..2] deparsed exact_containers [0:0]
          egress::hdr.timer._pad1<2> ^6 ^bit[0..1] deparsed exact_containers [0:1] ]
    rotational clusters:	
        [[egress::hdr.timer.app_id<3> ^0 ^bit[0..7] deparsed exact_containers [0:2]]]
        [[egress::hdr.timer.pipe_id<2> ^3 ^bit[0..4] deparsed exact_containers [0:1]]]
        [[egress::hdr.timer.again<1> ^5 ^bit[0..2] deparsed exact_containers [0:0]]]
        [[egress::hdr.timer._pad1<2> ^6 ^bit[0..1] deparsed exact_containers [0:1]]]

SUPERCLUSTER Uid: 1661
    slice lists:	
        [ egress::hdr.timer._pad2<8> ^0 ^bit[0..15] deparsed exact_containers [0:7] ]
    rotational clusters:	
        [[egress::hdr.timer._pad2<8> ^0 ^bit[0..15] deparsed exact_containers [0:7]]]

Best Score: {tphv_on_phv_bits: 7, T[n_overlay_bits: 8, ], [n_inc_containers: 1, n_inc_small_containers: 1, ], }
Allocation Decisions:
allocate: B16[0:2] <- egress::hdr.timer.app_id<3> ^0 ^bit[0..7] deparsed exact_containers [0:2]
allocate: B16[3:4] <- egress::hdr.timer.pipe_id<2> ^3 ^bit[0..4] deparsed exact_containers [0:1]
allocate: B16[5:5] <- egress::hdr.timer.again<1> ^5 ^bit[0..2] deparsed exact_containers [0:0]
allocate: B16[6:7] <- egress::hdr.timer._pad1<2> ^6 ^bit[0..1] deparsed exact_containers [0:1]
allocate: TB0[0:7] <- egress::hdr.timer._pad2<8> ^0 ^bit[0..15] deparsed exact_containers [0:7]
35: TRYING to allocate SUPERCLUSTER Uid: 356
    slice lists:	
        [ ingress::hdr.ethernet.ether_type<16> ^0 ^bit[0..111] deparsed exact_containers [0:15] ]
    rotational clusters:	
        [[ingress::hdr.ethernet.ether_type<16> ^0 ^bit[0..111] deparsed exact_containers [0:15]]]
Successfully Allocated
By slicing into the following superclusters:
SUPERCLUSTER Uid: 1666
    slice lists:	
        [ ingress::hdr.ethernet.ether_type<16> ^0 ^bit[0..111] deparsed exact_containers [0:15] ]
    rotational clusters:	
        [[ingress::hdr.ethernet.ether_type<16> ^0 ^bit[0..111] deparsed exact_containers [0:15]]]

Best Score: {T[n_set_parser_group_gress: 1, n_inc_containers: 1, ], }
Allocation Decisions:
allocate: TH12[0:15] <- ingress::hdr.ethernet.ether_type<16> ^0 ^bit[0..111] deparsed exact_containers [0:15]
36: TRYING to allocate SUPERCLUSTER Uid: 363
    slice lists:	
        [ ingress::hdr.ethernet.src_addr<48> ^0 ^bit[0..63] deparsed exact_containers [32:47] ]
    rotational clusters:	
        [[ingress::hdr.ethernet.src_addr<48> ^0 ^bit[0..63] deparsed exact_containers [32:47]]]
Successfully Allocated
By slicing into the following superclusters:
SUPERCLUSTER Uid: 1677
    slice lists:	
        [ ingress::hdr.ethernet.src_addr<48> ^0 ^bit[0..63] deparsed exact_containers [32:47] ]
    rotational clusters:	
        [[ingress::hdr.ethernet.src_addr<48> ^0 ^bit[0..63] deparsed exact_containers [32:47]]]

Best Score: {T[n_set_parser_group_gress: 1, n_inc_containers: 1, ], }
Allocation Decisions:
allocate: TH13[0:15] <- ingress::hdr.ethernet.src_addr<48> ^0 ^bit[0..63] deparsed exact_containers [32:47]
37: TRYING to allocate SUPERCLUSTER Uid: 371
    slice lists:	
        [ ingress::hdr.ethernet.dst_addr<48> ^0 ^bit[0..15] deparsed exact_containers [32:47] ]
    rotational clusters:	
        [[ingress::hdr.ethernet.dst_addr<48> ^0 ^bit[0..15] deparsed exact_containers [32:47]]]
Successfully Allocated
By slicing into the following superclusters:
SUPERCLUSTER Uid: 1688
    slice lists:	
        [ ingress::hdr.ethernet.dst_addr<48> ^0 ^bit[0..15] deparsed exact_containers [32:47] ]
    rotational clusters:	
        [[ingress::hdr.ethernet.dst_addr<48> ^0 ^bit[0..15] deparsed exact_containers [32:47]]]

Best Score: {T[n_set_parser_group_gress: 1, n_inc_containers: 1, ], }
Allocation Decisions:
allocate: TH14[0:15] <- ingress::hdr.ethernet.dst_addr<48> ^0 ^bit[0..15] deparsed exact_containers [32:47]
38: TRYING to allocate SUPERCLUSTER Uid: 450
    slice lists:	
        [ egress::hdr.ethernet.ether_type<16> ^0 ^bit[0..111] deparsed exact_containers [0:15] ]
    rotational clusters:	
        [[egress::hdr.ethernet.ether_type<16> ^0 ^bit[0..111] deparsed exact_containers [0:15]]]
Successfully Allocated
By slicing into the following superclusters:
SUPERCLUSTER Uid: 1699
    slice lists:	
        [ egress::hdr.ethernet.ether_type<16> ^0 ^bit[0..111] deparsed exact_containers [0:15] ]
    rotational clusters:	
        [[egress::hdr.ethernet.ether_type<16> ^0 ^bit[0..111] deparsed exact_containers [0:15]]]

Best Score: {T[n_set_parser_group_gress: 1, n_inc_containers: 1, ], }
Allocation Decisions:
allocate: TH18[0:15] <- egress::hdr.ethernet.ether_type<16> ^0 ^bit[0..111] deparsed exact_containers [0:15]
39: TRYING to allocate SUPERCLUSTER Uid: 457
    slice lists:	
        [ egress::hdr.ethernet.src_addr<48> ^0 ^bit[0..63] deparsed exact_containers [32:47] ]
    rotational clusters:	
        [[egress::hdr.ethernet.src_addr<48> ^0 ^bit[0..63] deparsed exact_containers [32:47]]]
Successfully Allocated
By slicing into the following superclusters:
SUPERCLUSTER Uid: 1710
    slice lists:	
        [ egress::hdr.ethernet.src_addr<48> ^0 ^bit[0..63] deparsed exact_containers [32:47] ]
    rotational clusters:	
        [[egress::hdr.ethernet.src_addr<48> ^0 ^bit[0..63] deparsed exact_containers [32:47]]]

Best Score: {T[n_set_parser_group_gress: 1, n_inc_containers: 1, ], }
Allocation Decisions:
allocate: TH19[0:15] <- egress::hdr.ethernet.src_addr<48> ^0 ^bit[0..63] deparsed exact_containers [32:47]
40: TRYING to allocate SUPERCLUSTER Uid: 465
    slice lists:	
        [ egress::hdr.ethernet.dst_addr<48> ^0 ^bit[0..15] deparsed exact_containers [32:47] ]
    rotational clusters:	
        [[egress::hdr.ethernet.dst_addr<48> ^0 ^bit[0..15] deparsed exact_containers [32:47]]]
Successfully Allocated
By slicing into the following superclusters:
SUPERCLUSTER Uid: 1726
    slice lists:	
        [ egress::hdr.ethernet.dst_addr<48> ^0 ^bit[0..15] deparsed exact_containers [32:39] ]
    rotational clusters:	
        [[egress::hdr.ethernet.dst_addr<48> ^0 ^bit[0..15] deparsed exact_containers [32:39]]]

SUPERCLUSTER Uid: 1727
    slice lists:	
        [ egress::hdr.ethernet.dst_addr<48> ^0 ^bit[0..7] deparsed exact_containers [40:47] ]
    rotational clusters:	
        [[egress::hdr.ethernet.dst_addr<48> ^0 ^bit[0..7] deparsed exact_containers [40:47]]]

Best Score: {[n_overlay_bits: 8, n_inc_containers: 1, n_inc_small_containers: 1, ], }
Allocation Decisions:
allocate: B16[0:7] <- egress::hdr.ethernet.dst_addr<48> ^0 ^bit[0..15] deparsed exact_containers [32:39]
allocate: B17[0:7] <- egress::hdr.ethernet.dst_addr<48> ^0 ^bit[0..7] deparsed exact_containers [40:47]
41: TRYING to allocate SUPERCLUSTER Uid: 345
    slice lists:	
        [ ingress::ig_intr_md_from_prsr.global_tstamp<48> ^0 ^bit[0..447] meta intrinsic exact_containers [32:47] ]
    rotational clusters:	
        [[ingress::ig_intr_md_from_prsr.global_tstamp<48> ^0 ^bit[0..447] meta intrinsic exact_containers [32:47]]]
Successfully Allocated
By slicing into the following superclusters:
SUPERCLUSTER Uid: 1732
    slice lists:	
        [ ingress::ig_intr_md_from_prsr.global_tstamp<48> ^0 ^bit[0..447] meta intrinsic exact_containers [32:47] ]
    rotational clusters:	
        [[ingress::ig_intr_md_from_prsr.global_tstamp<48> ^0 ^bit[0..447] meta intrinsic exact_containers [32:47]]]

Best Score: {T[n_set_parser_group_gress: 1, n_inc_containers: 1, ], }
Allocation Decisions:
allocate: TH15[0:15] <- ingress::ig_intr_md_from_prsr.global_tstamp<48> ^0 ^bit[0..447] meta intrinsic exact_containers [32:47]
42: TRYING to allocate SUPERCLUSTER Uid: 492
    slice lists:	
        [ __phv_dummy_padding__<16> exact_containers [0:15] ]
    rotational clusters:	
        [[__phv_dummy_padding__<16> exact_containers [0:15]]]
Successfully Allocated
By slicing into the following superclusters:
SUPERCLUSTER Uid: 1743
    slice lists:	
        [ __phv_dummy_padding__<16> exact_containers [0:15] ]
    rotational clusters:	
        [[__phv_dummy_padding__<16> exact_containers [0:15]]]

Best Score: {}
Allocation Decisions:
43: TRYING to allocate SUPERCLUSTER Uid: 496
    slice lists:	
        [ ingress::hdr.timer.$valid<1> pov [0:0]
          ingress::hdr.p4_header.$valid<1> pov [0:0]
          ingress::hdr.ethernet.$valid<1> pov [0:0]
          ingress::hdr.ipv4.$valid<1> pov [0:0]
          ingress::hdr.udp.$valid<1> pov [0:0] ]
    rotational clusters:	
        [[ingress::hdr.timer.$valid<1> pov [0:0]]]
        [[ingress::hdr.p4_header.$valid<1> pov [0:0]]]
        [[ingress::hdr.ethernet.$valid<1> pov [0:0]]]
        [[ingress::hdr.ipv4.$valid<1> pov [0:0]]]
        [[ingress::hdr.udp.$valid<1> pov [0:0]]]
Successfully Allocated
By slicing into the following superclusters:
SUPERCLUSTER Uid: 1753
    slice lists:	
        [ ingress::hdr.timer.$valid<1> pov [0:0]
          ingress::hdr.p4_header.$valid<1> pov [0:0]
          ingress::hdr.ethernet.$valid<1> pov [0:0]
          ingress::hdr.ipv4.$valid<1> pov [0:0]
          ingress::hdr.udp.$valid<1> pov [0:0] ]
    rotational clusters:	
        [[ingress::hdr.timer.$valid<1> pov [0:0]]]
        [[ingress::hdr.p4_header.$valid<1> pov [0:0]]]
        [[ingress::hdr.ethernet.$valid<1> pov [0:0]]]
        [[ingress::hdr.ipv4.$valid<1> pov [0:0]]]
        [[ingress::hdr.udp.$valid<1> pov [0:0]]]

Best Score: {[n_inc_containers: 1, n_inc_small_containers: 1, ], }
Allocation Decisions:
allocate: B2[0:0] <- ingress::hdr.timer.$valid<1> pov [0:0]
allocate: B2[1:1] <- ingress::hdr.p4_header.$valid<1> pov [0:0]
allocate: B2[2:2] <- ingress::hdr.ethernet.$valid<1> pov [0:0]
allocate: B2[3:3] <- ingress::hdr.ipv4.$valid<1> pov [0:0]
allocate: B2[4:4] <- ingress::hdr.udp.$valid<1> pov [0:0]
44: TRYING to allocate SUPERCLUSTER Uid: 500
    slice lists:	
        [ egress::hdr.timer.$valid<1> pov [0:0]
          egress::hdr.p4_header.$valid<1> pov [0:0]
          egress::hdr.ethernet.$valid<1> pov [0:0]
          egress::hdr.ipv4.$valid<1> pov [0:0]
          egress::hdr.udp.$valid<1> pov [0:0] ]
    rotational clusters:	
        [[egress::hdr.timer.$valid<1> pov [0:0]]]
        [[egress::hdr.p4_header.$valid<1> pov [0:0]]]
        [[egress::hdr.ethernet.$valid<1> pov [0:0]]]
        [[egress::hdr.ipv4.$valid<1> pov [0:0]]]
        [[egress::hdr.udp.$valid<1> pov [0:0]]]
Successfully Allocated
By slicing into the following superclusters:
SUPERCLUSTER Uid: 1757
    slice lists:	
        [ egress::hdr.timer.$valid<1> pov [0:0]
          egress::hdr.p4_header.$valid<1> pov [0:0]
          egress::hdr.ethernet.$valid<1> pov [0:0]
          egress::hdr.ipv4.$valid<1> pov [0:0]
          egress::hdr.udp.$valid<1> pov [0:0] ]
    rotational clusters:	
        [[egress::hdr.timer.$valid<1> pov [0:0]]]
        [[egress::hdr.p4_header.$valid<1> pov [0:0]]]
        [[egress::hdr.ethernet.$valid<1> pov [0:0]]]
        [[egress::hdr.ipv4.$valid<1> pov [0:0]]]
        [[egress::hdr.udp.$valid<1> pov [0:0]]]

Best Score: {[n_inc_containers: 1, n_inc_small_containers: 1, ], }
Allocation Decisions:
allocate: B18[0:0] <- egress::hdr.timer.$valid<1> pov [0:0]
allocate: B18[1:1] <- egress::hdr.p4_header.$valid<1> pov [0:0]
allocate: B18[2:2] <- egress::hdr.ethernet.$valid<1> pov [0:0]
allocate: B18[3:3] <- egress::hdr.ipv4.$valid<1> pov [0:0]
allocate: B18[4:4] <- egress::hdr.udp.$valid<1> pov [0:0]
45: TRYING to allocate SUPERCLUSTER Uid: 331
    slice lists:	
        [ ingress::ig_intr_md.ingress_port<9> ^0 ^bit[0..15] intrinsic [0:8]
          ingress::ig_intr_md._pad2<3> intrinsic [0:2]
          ingress::ig_intr_md.packet_version<2> intrinsic [0:1]
          ingress::ig_intr_md._pad1<1> intrinsic [0:0]
          ingress::ig_intr_md.resubmit_flag<1> intrinsic [0:0] ]
    rotational clusters:	
        [[ingress::ig_intr_md.ingress_port<9> ^0 ^bit[0..15] intrinsic [0:8]]]
        [[ingress::ig_intr_md._pad2<3> intrinsic [0:2]]]
        [[ingress::ig_intr_md.packet_version<2> intrinsic [0:1]]]
        [[ingress::ig_intr_md._pad1<1> intrinsic [0:0]]]
        [[ingress::ig_intr_md.resubmit_flag<1> intrinsic [0:0]]]
Successfully Allocated
By slicing into the following superclusters:
SUPERCLUSTER Uid: 1762
    slice lists:	
        [ ingress::ig_intr_md.ingress_port<9> ^0 ^bit[0..15] intrinsic [0:8]
          ingress::ig_intr_md._pad2<3> intrinsic [0:2]
          ingress::ig_intr_md.packet_version<2> intrinsic [0:1]
          ingress::ig_intr_md._pad1<1> intrinsic [0:0]
          ingress::ig_intr_md.resubmit_flag<1> intrinsic [0:0] ]
    rotational clusters:	
        [[ingress::ig_intr_md.ingress_port<9> ^0 ^bit[0..15] intrinsic [0:8]]]
        [[ingress::ig_intr_md._pad2<3> intrinsic [0:2]]]
        [[ingress::ig_intr_md.packet_version<2> intrinsic [0:1]]]
        [[ingress::ig_intr_md._pad1<1> intrinsic [0:0]]]
        [[ingress::ig_intr_md.resubmit_flag<1> intrinsic [0:0]]]

Best Score: {[n_inc_containers: 1, n_inc_small_containers: 1, ], }
Allocation Decisions:
allocate: H4[0:8] <- ingress::ig_intr_md.ingress_port<9> ^0 ^bit[0..15] intrinsic [0:8]
46: TRYING to allocate SUPERCLUSTER Uid: 328
    slice lists:	
        [ ingress::ig_intr_md.ingress_mac_tstamp<48> intrinsic [0:31] ]
    rotational clusters:	
        [[ingress::ig_intr_md.ingress_mac_tstamp<48> intrinsic [0:31]]]
Successfully Allocated
By slicing into the following superclusters:
SUPERCLUSTER Uid: 1773
    slice lists:	
        [ ingress::ig_intr_md.ingress_mac_tstamp<48> intrinsic [0:31] ]
    rotational clusters:	
        [[ingress::ig_intr_md.ingress_mac_tstamp<48> intrinsic [0:31]]]

Best Score: {}
Allocation Decisions:
47: TRYING to allocate SUPERCLUSTER Uid: 409
    slice lists:	
        [ egress::eg_intr_md.pkt_length<16> intrinsic [0:15]
          egress::eg_intr_md.deflection_flag<1> intrinsic [0:0]
          egress::eg_intr_md._pad10<7> intrinsic [0:6]
          egress::eg_intr_md.egress_cos<3> intrinsic [0:2]
          egress::eg_intr_md._pad9<5> intrinsic [0:4] ]
    rotational clusters:	
        [[egress::eg_intr_md.pkt_length<16> intrinsic [0:15]]]
        [[egress::eg_intr_md.deflection_flag<1> intrinsic [0:0]]]
        [[egress::eg_intr_md._pad10<7> intrinsic [0:6]]]
        [[egress::eg_intr_md.egress_cos<3> intrinsic [0:2]]]
        [[egress::eg_intr_md._pad9<5> intrinsic [0:4]]]
Successfully Allocated
By slicing into the following superclusters:
SUPERCLUSTER Uid: 1817
    slice lists:	
        [ egress::eg_intr_md.pkt_length<16> intrinsic [0:15]
          egress::eg_intr_md.deflection_flag<1> intrinsic [0:0]
          egress::eg_intr_md._pad10<7> intrinsic [0:6]
          egress::eg_intr_md.egress_cos<3> intrinsic [0:2]
          egress::eg_intr_md._pad9<5> intrinsic [0:4] ]
    rotational clusters:	
        [[egress::eg_intr_md.pkt_length<16> intrinsic [0:15]]]
        [[egress::eg_intr_md.deflection_flag<1> intrinsic [0:0]]]
        [[egress::eg_intr_md._pad10<7> intrinsic [0:6]]]
        [[egress::eg_intr_md.egress_cos<3> intrinsic [0:2]]]
        [[egress::eg_intr_md._pad9<5> intrinsic [0:4]]]

Best Score: {}
Allocation Decisions:
48: TRYING to allocate SUPERCLUSTER Uid: 411
    slice lists:	
        [ egress::eg_intr_md.egress_qid<5> intrinsic [0:4]
          egress::eg_intr_md._pad8<3> intrinsic [0:2]
          egress::eg_intr_md.egress_rid_first<1> intrinsic [0:0]
          egress::eg_intr_md._pad7<7> intrinsic [0:6]
          egress::eg_intr_md.egress_rid<16> intrinsic [0:15] ]
    rotational clusters:	
        [[egress::eg_intr_md.egress_qid<5> intrinsic [0:4]]]
        [[egress::eg_intr_md._pad8<3> intrinsic [0:2]]]
        [[egress::eg_intr_md.egress_rid_first<1> intrinsic [0:0]]]
        [[egress::eg_intr_md._pad7<7> intrinsic [0:6]]]
        [[egress::eg_intr_md.egress_rid<16> intrinsic [0:15]]]
Successfully Allocated
By slicing into the following superclusters:
SUPERCLUSTER Uid: 1841
    slice lists:	
        [ egress::eg_intr_md.egress_qid<5> intrinsic [0:4]
          egress::eg_intr_md._pad8<3> intrinsic [0:2]
          egress::eg_intr_md.egress_rid_first<1> intrinsic [0:0]
          egress::eg_intr_md._pad7<7> intrinsic [0:6]
          egress::eg_intr_md.egress_rid<16> intrinsic [0:15] ]
    rotational clusters:	
        [[egress::eg_intr_md.egress_qid<5> intrinsic [0:4]]]
        [[egress::eg_intr_md._pad8<3> intrinsic [0:2]]]
        [[egress::eg_intr_md.egress_rid_first<1> intrinsic [0:0]]]
        [[egress::eg_intr_md._pad7<7> intrinsic [0:6]]]
        [[egress::eg_intr_md.egress_rid<16> intrinsic [0:15]]]

Best Score: {}
Allocation Decisions:
49: TRYING to allocate SUPERCLUSTER Uid: 413
    slice lists:	
        [ egress::eg_intr_md.deq_timedelta<18> intrinsic [0:17]
          egress::eg_intr_md._pad6<14> intrinsic [0:13] ]
    rotational clusters:	
        [[egress::eg_intr_md.deq_timedelta<18> intrinsic [0:17]]]
        [[egress::eg_intr_md._pad6<14> intrinsic [0:13]]]
Successfully Allocated
By slicing into the following superclusters:
SUPERCLUSTER Uid: 1873
    slice lists:	
        [ egress::eg_intr_md.deq_timedelta<18> intrinsic [0:17]
          egress::eg_intr_md._pad6<14> intrinsic [0:13] ]
    rotational clusters:	
        [[egress::eg_intr_md.deq_timedelta<18> intrinsic [0:17]]]
        [[egress::eg_intr_md._pad6<14> intrinsic [0:13]]]

Best Score: {}
Allocation Decisions:
50: TRYING to allocate SUPERCLUSTER Uid: 421
    slice lists:	
        [ egress::eg_intr_md.deq_qdepth<19> intrinsic [0:18]
          egress::eg_intr_md._pad4<5> intrinsic [0:4]
          egress::eg_intr_md.enq_tstamp<18> intrinsic [0:7] ]
    rotational clusters:	
        [[egress::eg_intr_md.deq_qdepth<19> intrinsic [0:18]]]
        [[egress::eg_intr_md._pad4<5> intrinsic [0:4]]]
        [[egress::eg_intr_md.enq_tstamp<18> intrinsic [0:7]]]
Successfully Allocated
By slicing into the following superclusters:
SUPERCLUSTER Uid: 1917
    slice lists:	
        [ egress::eg_intr_md.deq_qdepth<19> intrinsic [0:18]
          egress::eg_intr_md._pad4<5> intrinsic [0:4]
          egress::eg_intr_md.enq_tstamp<18> intrinsic [0:7] ]
    rotational clusters:	
        [[egress::eg_intr_md.deq_qdepth<19> intrinsic [0:18]]]
        [[egress::eg_intr_md._pad4<5> intrinsic [0:4]]]
        [[egress::eg_intr_md.enq_tstamp<18> intrinsic [0:7]]]

Best Score: {}
Allocation Decisions:
51: TRYING to allocate SUPERCLUSTER Uid: 424
    slice lists:	
        [ egress::eg_intr_md.enq_tstamp<18> intrinsic [8:17]
          egress::eg_intr_md._pad3<14> intrinsic [0:13]
          egress::eg_intr_md.enq_congest_stat<2> intrinsic [0:1]
          egress::eg_intr_md._pad2<6> intrinsic [0:5] ]
    rotational clusters:	
        [[egress::eg_intr_md.enq_tstamp<18> intrinsic [8:17]]]
        [[egress::eg_intr_md._pad3<14> intrinsic [0:13]]]
        [[egress::eg_intr_md.enq_congest_stat<2> intrinsic [0:1]]]
        [[egress::eg_intr_md._pad2<6> intrinsic [0:5]]]
Successfully Allocated
By slicing into the following superclusters:
SUPERCLUSTER Uid: 1949
    slice lists:	
        [ egress::eg_intr_md.enq_tstamp<18> intrinsic [8:17]
          egress::eg_intr_md._pad3<14> intrinsic [0:13]
          egress::eg_intr_md.enq_congest_stat<2> intrinsic [0:1]
          egress::eg_intr_md._pad2<6> intrinsic [0:5] ]
    rotational clusters:	
        [[egress::eg_intr_md.enq_tstamp<18> intrinsic [8:17]]]
        [[egress::eg_intr_md._pad3<14> intrinsic [0:13]]]
        [[egress::eg_intr_md.enq_congest_stat<2> intrinsic [0:1]]]
        [[egress::eg_intr_md._pad2<6> intrinsic [0:5]]]

Best Score: {}
Allocation Decisions:
52: TRYING to allocate SUPERCLUSTER Uid: 330
    slice lists:	
        [ ingress::ig_intr_md.ingress_mac_tstamp<48> intrinsic [32:47] ]
    rotational clusters:	
        [[ingress::ig_intr_md.ingress_mac_tstamp<48> intrinsic [32:47]]]
Successfully Allocated
By slicing into the following superclusters:
SUPERCLUSTER Uid: 1981
    slice lists:	
        [ ingress::ig_intr_md.ingress_mac_tstamp<48> intrinsic [32:47] ]
    rotational clusters:	
        [[ingress::ig_intr_md.ingress_mac_tstamp<48> intrinsic [32:47]]]

Best Score: {}
Allocation Decisions:
53: TRYING to allocate SUPERCLUSTER Uid: 415
    slice lists:	
        [ egress::eg_intr_md.app_pool_congest_stat<8> intrinsic [0:7]
          egress::eg_intr_md.deq_congest_stat<2> intrinsic [0:1]
          egress::eg_intr_md._pad5<6> intrinsic [0:5] ]
    rotational clusters:	
        [[egress::eg_intr_md.app_pool_congest_stat<8> intrinsic [0:7]]]
        [[egress::eg_intr_md.deq_congest_stat<2> intrinsic [0:1]]]
        [[egress::eg_intr_md._pad5<6> intrinsic [0:5]]]
Successfully Allocated
By slicing into the following superclusters:
SUPERCLUSTER Uid: 1992
    slice lists:	
        [ egress::eg_intr_md.app_pool_congest_stat<8> intrinsic [0:7]
          egress::eg_intr_md.deq_congest_stat<2> intrinsic [0:1]
          egress::eg_intr_md._pad5<6> intrinsic [0:5] ]
    rotational clusters:	
        [[egress::eg_intr_md.app_pool_congest_stat<8> intrinsic [0:7]]]
        [[egress::eg_intr_md.deq_congest_stat<2> intrinsic [0:1]]]
        [[egress::eg_intr_md._pad5<6> intrinsic [0:5]]]

Best Score: {}
Allocation Decisions:

