FindDependencyGraph : After Instruction Selection
ingress: [1979281]
  cond-5(ingress::hdr.timer.$valid == 1; => $true, 1 => $false)
    $true: [1979286] 0
      tbl_recirc
      cond-6(ingress::hdr.timer.again == 1; => $true, 1 => $false)
        $true: [1979361] 0
          tbl_set_drop_prob
            stateful Ingress.reg_drop_prob  512
          tbl_drop
    $false: [1979491] 0 00 000 0000 00000
      forward_t_0
      tbl_set_p4_header
      tbl_get_drop_prob
        stateful Ingress.reg_drop_prob  512
      tbl_get_rndnum
      tbl_get_diff
      cond-7(ingress::meta.diff == 0; => $true, 1 => $false)
        $true: [1979958]
          tbl_drop_0
egress: [1988363] 0 00
  tbl_mod_header
  mod_dst_mac_t_0
  cond-8(egress::hdr.timer.$valid == 1; => $true, 1 => $false)
    $true: [1988568] 0 00 000
      tbl_p_tqm486
      tbl_get_qdepth
        stateful Egress.reg_qdepth  512
      tbl_mag_qdepth
      map_qdepth_to_prob_t_0
    $false: [1988842] 0
      tbl_get_weighted_qdepth
      tbl_set_qdepth
        stateful Egress.reg_qdepth  512

DepStagesThruDomFrontier postorder : tbl_recirc
DepStagesThruDomFrontier postorder : tbl_set_drop_prob
DepStagesThruDomFrontier postorder : tbl_drop
DepStagesThruDomFrontier postorder : cond-6
DepStagesThruDomFrontier postorder : forward_t_0
DepStagesThruDomFrontier postorder : tbl_set_p4_header
DepStagesThruDomFrontier postorder : tbl_get_drop_prob
DepStagesThruDomFrontier postorder : tbl_get_rndnum
DepStagesThruDomFrontier postorder : tbl_get_diff
DepStagesThruDomFrontier postorder : tbl_drop_0
DepStagesThruDomFrontier postorder : cond-7
DepStagesThruDomFrontier postorder : cond-5
DepStagesThruDomFrontier postorder : tbl_mod_header
DepStagesThruDomFrontier postorder : mod_dst_mac_t_0
DepStagesThruDomFrontier postorder : tbl_p_tqm486
DepStagesThruDomFrontier postorder : tbl_get_qdepth
DepStagesThruDomFrontier postorder : tbl_mag_qdepth
DepStagesThruDomFrontier postorder : map_qdepth_to_prob_t_0
DepStagesThruDomFrontier postorder : tbl_get_weighted_qdepth
DepStagesThruDomFrontier postorder : tbl_set_qdepth
DepStagesThruDomFrontier postorder : cond-8
    Maximum stage number according to dependences: 
      INGRESS: 3
      EGRESS: 2
GRAPH
    cond-5 -- CONTROL_COND_TRUE --> tbl_recirc
    cond-5 -- CONTROL_COND_TRUE --> cond-6
    cond-6 -- CONTROL_COND_TRUE --> tbl_set_drop_prob
    cond-6 -- CONTROL_COND_TRUE --> tbl_drop
    cond-5 -- CONTROL_COND_FALSE --> forward_t_0
    cond-5 -- CONTROL_COND_FALSE --> tbl_set_p4_header
    cond-5 -- CONTROL_COND_FALSE --> tbl_get_drop_prob
    cond-5 -- CONTROL_COND_FALSE --> tbl_get_rndnum
    cond-5 -- CONTROL_COND_FALSE --> tbl_get_diff
    cond-5 -- CONTROL_COND_FALSE --> cond-7
    cond-7 -- CONTROL_COND_TRUE --> tbl_drop_0
    cond-8 -- CONTROL_COND_TRUE --> tbl_p_tqm486
    cond-8 -- CONTROL_COND_TRUE --> tbl_get_qdepth
    cond-8 -- CONTROL_COND_TRUE --> tbl_mag_qdepth
    cond-8 -- CONTROL_COND_TRUE --> map_qdepth_to_prob_t_0
    cond-8 -- CONTROL_COND_FALSE --> tbl_get_weighted_qdepth
    cond-8 -- CONTROL_COND_FALSE --> tbl_set_qdepth
    tbl_recirc -- IXBAR_READ --> tbl_set_drop_prob
    forward_t_0 -- IXBAR_READ --> tbl_get_drop_prob
    tbl_get_rndnum -- ACTION_READ --> tbl_get_diff
    tbl_get_drop_prob -- ACTION_READ --> tbl_get_diff
    tbl_get_diff -- ACTION_READ --> cond-7
    forward_t_0 -- OUTPUT --> tbl_drop_0
    tbl_get_qdepth -- OUTPUT --> tbl_mag_qdepth
    tbl_get_qdepth -- ACTION_READ --> tbl_mag_qdepth
    tbl_mag_qdepth -- IXBAR_READ --> map_qdepth_to_prob_t_0
    tbl_mod_header -- ACTION_READ --> tbl_get_weighted_qdepth
    tbl_get_weighted_qdepth -- IXBAR_READ --> tbl_set_qdepth
    tbl_get_diff -- ANTI_NEXT_TABLE_DATA --> cond-7
    tbl_get_drop_prob -- ANTI_NEXT_TABLE_DATA --> tbl_get_diff
    tbl_mag_qdepth -- ANTI_NEXT_TABLE_DATA --> map_qdepth_to_prob_t_0
    tbl_get_weighted_qdepth -- ANTI_NEXT_TABLE_DATA --> tbl_set_qdepth
    tbl_recirc -- ANTI_NEXT_TABLE_DATA --> cond-6
    forward_t_0 -- ANTI_NEXT_TABLE_DATA --> tbl_get_drop_prob
    forward_t_0 -- ANTI_NEXT_TABLE_DATA --> cond-7
    tbl_get_rndnum -- ANTI_NEXT_TABLE_DATA --> tbl_get_diff
    tbl_get_qdepth -- ANTI_NEXT_TABLE_DATA --> tbl_mag_qdepth
    tbl_mod_header -- ANTI_NEXT_TABLE_DATA --> cond-8
MIN STAGE INFO
    Each table also indicates its dependency chain length
    First number refers to a dependency chain from which each tables are not split
    Second number refers to a dependency chain from which each tables are split as on  last allocation pass
 Stage #0
     cond-5 3 3
     tbl_recirc 1 1
	- Edge CONTROL_COND_TRUE cond-5
     cond-6 0 0
	- Edge CONTROL_COND_TRUE cond-5
	- Edge ANTI_NEXT_TABLE_DATA tbl_recirc
     tbl_drop 0 0
	- Edge CONTROL_COND_TRUE cond-6
     forward_t_0 3 3
	- Edge CONTROL_COND_FALSE cond-5
     tbl_set_p4_header 0 0
	- Edge CONTROL_COND_FALSE cond-5
     tbl_get_rndnum 2 2
	- Edge CONTROL_COND_FALSE cond-5
     cond-8 2 2
	- Edge ANTI_NEXT_TABLE_DATA tbl_mod_header
     tbl_p_tqm486 0 0
	- Edge CONTROL_COND_TRUE cond-8
     tbl_get_qdepth 2 2
	- Edge CONTROL_COND_TRUE cond-8
     tbl_mod_header 2 2
     mod_dst_mac_t_0 0 0
 Stage #1
     tbl_set_drop_prob 0 0
	- Edge IXBAR_READ tbl_recirc
     tbl_get_drop_prob 2 2
	- Edge IXBAR_READ forward_t_0
     tbl_mag_qdepth 1 1
	- Edge OUTPUT tbl_get_qdepth
	- Edge ACTION_READ tbl_get_qdepth
     tbl_get_weighted_qdepth 1 1
	- Edge ACTION_READ tbl_mod_header
 Stage #2
     tbl_get_diff 1 1
	- Edge ACTION_READ tbl_get_drop_prob
     map_qdepth_to_prob_t_0 0 0
	- Edge IXBAR_READ tbl_mag_qdepth
     tbl_set_qdepth 0 0
	- Edge IXBAR_READ tbl_get_weighted_qdepth
 Stage #3
     cond-7 0 0
	- Edge ACTION_READ tbl_get_diff
     tbl_drop_0 0 0
	- Edge CONTROL_COND_TRUE cond-7

FindDependencyGraph : Just Before PHV allocation
ingress: [1979281]
  cond-5(ingress::hdr.timer.$valid == 1; => $true, 1 => $false)
    $true: [1979286] 0
      tbl_recirc
      cond-6(ingress::hdr.timer.again == 1; => $true, 1 => $false)
        $true: [1979361] 0
          tbl_set_drop_prob
            stateful Ingress.reg_drop_prob  512
          tbl_drop
    $false: [1979491] 0 00 000 0000 00000
      forward_t_0
      tbl_set_p4_header
      tbl_get_drop_prob
        stateful Ingress.reg_drop_prob  512
      tbl_get_rndnum
      tbl_get_diff
      cond-7(ingress::meta.diff == 0; => $true, 1 => $false)
        $true: [1979958]
          tbl_drop_0
egress: [1988363] 0 00
  tbl_mod_header
  mod_dst_mac_t_0
  cond-8(egress::hdr.timer.$valid == 1; => $true, 1 => $false)
    $true: [1988568] 0 00 000
      tbl_p_tqm486
      tbl_get_qdepth
        stateful Egress.reg_qdepth  512
      tbl_mag_qdepth
      map_qdepth_to_prob_t_0
    $false: [1988842] 0
      tbl_get_weighted_qdepth
      tbl_set_qdepth
        stateful Egress.reg_qdepth  512

DepStagesThruDomFrontier postorder : tbl_recirc
DepStagesThruDomFrontier postorder : tbl_set_drop_prob
DepStagesThruDomFrontier postorder : tbl_drop
DepStagesThruDomFrontier postorder : cond-6
DepStagesThruDomFrontier postorder : forward_t_0
DepStagesThruDomFrontier postorder : tbl_set_p4_header
DepStagesThruDomFrontier postorder : tbl_get_drop_prob
DepStagesThruDomFrontier postorder : tbl_get_rndnum
DepStagesThruDomFrontier postorder : tbl_get_diff
DepStagesThruDomFrontier postorder : tbl_drop_0
DepStagesThruDomFrontier postorder : cond-7
DepStagesThruDomFrontier postorder : cond-5
DepStagesThruDomFrontier postorder : tbl_mod_header
DepStagesThruDomFrontier postorder : mod_dst_mac_t_0
DepStagesThruDomFrontier postorder : tbl_p_tqm486
DepStagesThruDomFrontier postorder : tbl_get_qdepth
DepStagesThruDomFrontier postorder : tbl_mag_qdepth
DepStagesThruDomFrontier postorder : map_qdepth_to_prob_t_0
DepStagesThruDomFrontier postorder : tbl_get_weighted_qdepth
DepStagesThruDomFrontier postorder : tbl_set_qdepth
DepStagesThruDomFrontier postorder : cond-8
    Maximum stage number according to dependences: 
      INGRESS: 3
      EGRESS: 2
GRAPH
    cond-5 -- CONTROL_COND_TRUE --> tbl_recirc
    cond-5 -- CONTROL_COND_TRUE --> cond-6
    cond-6 -- CONTROL_COND_TRUE --> tbl_set_drop_prob
    cond-6 -- CONTROL_COND_TRUE --> tbl_drop
    cond-5 -- CONTROL_COND_FALSE --> forward_t_0
    cond-5 -- CONTROL_COND_FALSE --> tbl_set_p4_header
    cond-5 -- CONTROL_COND_FALSE --> tbl_get_drop_prob
    cond-5 -- CONTROL_COND_FALSE --> tbl_get_rndnum
    cond-5 -- CONTROL_COND_FALSE --> tbl_get_diff
    cond-5 -- CONTROL_COND_FALSE --> cond-7
    cond-7 -- CONTROL_COND_TRUE --> tbl_drop_0
    cond-8 -- CONTROL_COND_TRUE --> tbl_p_tqm486
    cond-8 -- CONTROL_COND_TRUE --> tbl_get_qdepth
    cond-8 -- CONTROL_COND_TRUE --> tbl_mag_qdepth
    cond-8 -- CONTROL_COND_TRUE --> map_qdepth_to_prob_t_0
    cond-8 -- CONTROL_COND_FALSE --> tbl_get_weighted_qdepth
    cond-8 -- CONTROL_COND_FALSE --> tbl_set_qdepth
    tbl_recirc -- IXBAR_READ --> tbl_set_drop_prob
    forward_t_0 -- IXBAR_READ --> tbl_get_drop_prob
    tbl_get_rndnum -- ACTION_READ --> tbl_get_diff
    tbl_get_drop_prob -- ACTION_READ --> tbl_get_diff
    tbl_get_diff -- ACTION_READ --> cond-7
    forward_t_0 -- OUTPUT --> tbl_drop_0
    tbl_get_qdepth -- OUTPUT --> tbl_mag_qdepth
    tbl_get_qdepth -- ACTION_READ --> tbl_mag_qdepth
    tbl_mag_qdepth -- IXBAR_READ --> map_qdepth_to_prob_t_0
    tbl_mod_header -- ACTION_READ --> tbl_get_weighted_qdepth
    tbl_get_weighted_qdepth -- IXBAR_READ --> tbl_set_qdepth
    tbl_get_diff -- ANTI_NEXT_TABLE_DATA --> cond-7
    tbl_get_drop_prob -- ANTI_NEXT_TABLE_DATA --> tbl_get_diff
    tbl_mag_qdepth -- ANTI_NEXT_TABLE_DATA --> map_qdepth_to_prob_t_0
    tbl_get_weighted_qdepth -- ANTI_NEXT_TABLE_DATA --> tbl_set_qdepth
    tbl_recirc -- ANTI_NEXT_TABLE_DATA --> cond-6
    forward_t_0 -- ANTI_NEXT_TABLE_DATA --> tbl_get_drop_prob
    forward_t_0 -- ANTI_NEXT_TABLE_DATA --> cond-7
    tbl_get_rndnum -- ANTI_NEXT_TABLE_DATA --> tbl_get_diff
    tbl_get_qdepth -- ANTI_NEXT_TABLE_DATA --> tbl_mag_qdepth
    tbl_mod_header -- ANTI_NEXT_TABLE_DATA --> cond-8
MIN STAGE INFO
    Each table also indicates its dependency chain length
    First number refers to a dependency chain from which each tables are not split
    Second number refers to a dependency chain from which each tables are split as on  last allocation pass
 Stage #0
     cond-5 3 3
     tbl_recirc 1 1
	- Edge CONTROL_COND_TRUE cond-5
     cond-6 0 0
	- Edge CONTROL_COND_TRUE cond-5
	- Edge ANTI_NEXT_TABLE_DATA tbl_recirc
     tbl_drop 0 0
	- Edge CONTROL_COND_TRUE cond-6
     forward_t_0 3 3
	- Edge CONTROL_COND_FALSE cond-5
     tbl_set_p4_header 0 0
	- Edge CONTROL_COND_FALSE cond-5
     tbl_get_rndnum 2 2
	- Edge CONTROL_COND_FALSE cond-5
     cond-8 2 2
	- Edge ANTI_NEXT_TABLE_DATA tbl_mod_header
     tbl_p_tqm486 0 0
	- Edge CONTROL_COND_TRUE cond-8
     tbl_get_qdepth 2 2
	- Edge CONTROL_COND_TRUE cond-8
     tbl_mod_header 2 2
     mod_dst_mac_t_0 0 0
 Stage #1
     tbl_set_drop_prob 0 0
	- Edge IXBAR_READ tbl_recirc
     tbl_get_drop_prob 2 2
	- Edge IXBAR_READ forward_t_0
     tbl_mag_qdepth 1 1
	- Edge OUTPUT tbl_get_qdepth
	- Edge ACTION_READ tbl_get_qdepth
     tbl_get_weighted_qdepth 1 1
	- Edge ACTION_READ tbl_mod_header
 Stage #2
     tbl_get_diff 1 1
	- Edge ACTION_READ tbl_get_drop_prob
     map_qdepth_to_prob_t_0 0 0
	- Edge IXBAR_READ tbl_mag_qdepth
     tbl_set_qdepth 0 0
	- Edge IXBAR_READ tbl_get_weighted_qdepth
 Stage #3
     cond-7 0 0
	- Edge ACTION_READ tbl_get_diff
     tbl_drop_0 0 0
	- Edge CONTROL_COND_TRUE cond-7

ingress: [1979281]
  cond-5(ingress::hdr.timer.$valid == 1; => $true, 1 => $false)
    $true: [1979286] 1
      tbl_recirc
      cond-6(ingress::hdr.timer.again == 1; => $true, 1 => $false)
        $true: [1979361] 0
          tbl_set_drop_prob
            stateful Ingress.reg_drop_prob  512
          tbl_drop
    $false: [1979491] 0 10 000 1011 10111
      forward_t_0{ E -1+1, 4 0K }
      tbl_set_p4_header
      tbl_get_drop_prob
        stateful Ingress.reg_drop_prob  512
      tbl_get_rndnum
      tbl_get_diff
      cond-7(ingress::meta.diff == 0; => $true, 1 => $false)
        $true: [1979958]
          tbl_drop_0
egress: [1988363] 0 10
  tbl_mod_header
  mod_dst_mac_t_0{ E -1+0, 8 0K }
  cond-8(egress::hdr.timer.$valid == 1; => $true, 1 => $false)
    $true: [1988568] 0 01 011
      tbl_p_tqm486
      tbl_get_qdepth
        stateful Egress.reg_qdepth  512
      tbl_mag_qdepth
      map_qdepth_to_prob_t_0{ E 6+0, 4 64K }
    $false: [1988842] 1
      tbl_get_weighted_qdepth
      tbl_set_qdepth
        stateful Egress.reg_qdepth  512

DepStagesThruDomFrontier postorder : tbl_recirc
DepStagesThruDomFrontier postorder : tbl_set_drop_prob
DepStagesThruDomFrontier postorder : tbl_drop
DepStagesThruDomFrontier postorder : cond-6
DepStagesThruDomFrontier postorder : forward_t_0
DepStagesThruDomFrontier postorder : tbl_set_p4_header
DepStagesThruDomFrontier postorder : tbl_get_drop_prob
DepStagesThruDomFrontier postorder : tbl_get_rndnum
DepStagesThruDomFrontier postorder : tbl_get_diff
DepStagesThruDomFrontier postorder : tbl_drop_0
DepStagesThruDomFrontier postorder : cond-7
DepStagesThruDomFrontier postorder : cond-5
DepStagesThruDomFrontier postorder : tbl_mod_header
DepStagesThruDomFrontier postorder : mod_dst_mac_t_0
DepStagesThruDomFrontier postorder : tbl_p_tqm486
DepStagesThruDomFrontier postorder : tbl_get_qdepth
DepStagesThruDomFrontier postorder : tbl_mag_qdepth
DepStagesThruDomFrontier postorder : map_qdepth_to_prob_t_0
DepStagesThruDomFrontier postorder : tbl_get_weighted_qdepth
DepStagesThruDomFrontier postorder : tbl_set_qdepth
DepStagesThruDomFrontier postorder : cond-8
    Maximum stage number according to dependences: 
      INGRESS: 3
      EGRESS: 2
GRAPH
    cond-5 -- CONTROL_COND_TRUE --> tbl_recirc
    cond-5 -- CONTROL_COND_TRUE --> cond-6
    cond-6 -- CONTROL_COND_TRUE --> tbl_set_drop_prob
    cond-6 -- CONTROL_COND_TRUE --> tbl_drop
    cond-5 -- CONTROL_COND_FALSE --> forward_t_0
    cond-5 -- CONTROL_COND_FALSE --> tbl_set_p4_header
    cond-5 -- CONTROL_COND_FALSE --> tbl_get_drop_prob
    cond-5 -- CONTROL_COND_FALSE --> tbl_get_rndnum
    cond-5 -- CONTROL_COND_FALSE --> tbl_get_diff
    cond-5 -- CONTROL_COND_FALSE --> cond-7
    cond-7 -- CONTROL_COND_TRUE --> tbl_drop_0
    cond-8 -- CONTROL_COND_TRUE --> tbl_p_tqm486
    cond-8 -- CONTROL_COND_TRUE --> tbl_get_qdepth
    cond-8 -- CONTROL_COND_TRUE --> tbl_mag_qdepth
    cond-8 -- CONTROL_COND_TRUE --> map_qdepth_to_prob_t_0
    cond-8 -- CONTROL_COND_FALSE --> tbl_get_weighted_qdepth
    cond-8 -- CONTROL_COND_FALSE --> tbl_set_qdepth
    tbl_recirc -- IXBAR_READ --> tbl_set_drop_prob
    forward_t_0 -- IXBAR_READ --> tbl_get_drop_prob
    tbl_get_rndnum -- ACTION_READ --> tbl_get_diff
    tbl_get_drop_prob -- ACTION_READ --> tbl_get_diff
    tbl_get_diff -- ACTION_READ --> cond-7
    forward_t_0 -- OUTPUT --> tbl_drop_0
    tbl_get_qdepth -- OUTPUT --> tbl_mag_qdepth
    tbl_get_qdepth -- ACTION_READ --> tbl_mag_qdepth
    tbl_mag_qdepth -- IXBAR_READ --> map_qdepth_to_prob_t_0
    tbl_mod_header -- ACTION_READ --> tbl_get_weighted_qdepth
    tbl_get_weighted_qdepth -- IXBAR_READ --> tbl_set_qdepth
    tbl_get_diff -- ANTI_NEXT_TABLE_DATA --> cond-7
    tbl_get_drop_prob -- ANTI_NEXT_TABLE_DATA --> tbl_get_diff
    tbl_mag_qdepth -- ANTI_NEXT_TABLE_DATA --> map_qdepth_to_prob_t_0
    tbl_get_weighted_qdepth -- ANTI_NEXT_TABLE_DATA --> tbl_set_qdepth
    tbl_recirc -- ANTI_NEXT_TABLE_DATA --> cond-6
    forward_t_0 -- ANTI_NEXT_TABLE_DATA --> tbl_get_drop_prob
    forward_t_0 -- ANTI_NEXT_TABLE_DATA --> cond-7
    tbl_get_rndnum -- ANTI_NEXT_TABLE_DATA --> tbl_get_diff
    tbl_get_qdepth -- ANTI_NEXT_TABLE_DATA --> tbl_mag_qdepth
    tbl_mod_header -- ANTI_NEXT_TABLE_DATA --> cond-8
MIN STAGE INFO
    Each table also indicates its dependency chain length
    First number refers to a dependency chain from which each tables are not split
    Second number refers to a dependency chain from which each tables are split as on  last allocation pass
 Stage #0
     cond-5 3 3
     tbl_recirc 1 1
	- Edge CONTROL_COND_TRUE cond-5
     cond-6 0 0
	- Edge CONTROL_COND_TRUE cond-5
	- Edge ANTI_NEXT_TABLE_DATA tbl_recirc
     tbl_drop 0 0
	- Edge CONTROL_COND_TRUE cond-6
     forward_t_0 3 3
	- Edge CONTROL_COND_FALSE cond-5
     tbl_set_p4_header 0 0
	- Edge CONTROL_COND_FALSE cond-5
     tbl_get_rndnum 2 2
	- Edge CONTROL_COND_FALSE cond-5
     cond-8 2 2
	- Edge ANTI_NEXT_TABLE_DATA tbl_mod_header
     tbl_p_tqm486 0 0
	- Edge CONTROL_COND_TRUE cond-8
     tbl_get_qdepth 2 2
	- Edge CONTROL_COND_TRUE cond-8
     tbl_mod_header 2 2
     mod_dst_mac_t_0 0 0
 Stage #1
     tbl_set_drop_prob 0 0
	- Edge IXBAR_READ tbl_recirc
     tbl_get_drop_prob 2 2
	- Edge IXBAR_READ forward_t_0
     tbl_mag_qdepth 1 1
	- Edge OUTPUT tbl_get_qdepth
	- Edge ACTION_READ tbl_get_qdepth
     tbl_get_weighted_qdepth 1 1
	- Edge ACTION_READ tbl_mod_header
 Stage #2
     tbl_get_diff 1 1
	- Edge ACTION_READ tbl_get_drop_prob
     map_qdepth_to_prob_t_0 0 0
	- Edge IXBAR_READ tbl_mag_qdepth
     tbl_set_qdepth 0 0
	- Edge IXBAR_READ tbl_get_weighted_qdepth
 Stage #3
     cond-7 0 0
	- Edge ACTION_READ tbl_get_diff
     tbl_drop_0 0 0
	- Edge CONTROL_COND_TRUE cond-7

FindDependencyGraph : Before Table Placement
ingress: [1979281]
  cond-5(ingress::hdr.timer.$valid == 1; => $true, 1 => $false)
    $true: [1979286] 1
      tbl_recirc
      cond-6(ingress::hdr.timer.again == 1; => $true, 1 => $false)
        $true: [1979361] 0
          tbl_set_drop_prob
            stateful Ingress.reg_drop_prob  512
          tbl_drop
    $false: [1979491] 0 10 000 1011 10111
      forward_t_0{ E -1+1, 4 0K }
      tbl_set_p4_header
      tbl_get_drop_prob
        stateful Ingress.reg_drop_prob  512
      tbl_get_rndnum
      tbl_get_diff
      cond-7(ingress::meta.diff == 0; => $true, 1 => $false)
        $true: [1979958]
          tbl_drop_0
egress: [1988363] 0 10
  tbl_mod_header
  mod_dst_mac_t_0{ E -1+0, 8 0K }
  cond-8(egress::hdr.timer.$valid == 1; => $true, 1 => $false)
    $true: [1988568] 0 01 011
      tbl_p_tqm486
      tbl_get_qdepth
        stateful Egress.reg_qdepth  512
      tbl_mag_qdepth
      map_qdepth_to_prob_t_0{ E 6+0, 4 64K }
    $false: [1988842] 1
      tbl_get_weighted_qdepth
      tbl_set_qdepth
        stateful Egress.reg_qdepth  512

DepStagesThruDomFrontier postorder : tbl_recirc
DepStagesThruDomFrontier postorder : tbl_set_drop_prob
DepStagesThruDomFrontier postorder : tbl_drop
DepStagesThruDomFrontier postorder : cond-6
DepStagesThruDomFrontier postorder : forward_t_0
DepStagesThruDomFrontier postorder : tbl_set_p4_header
DepStagesThruDomFrontier postorder : tbl_get_drop_prob
DepStagesThruDomFrontier postorder : tbl_get_rndnum
DepStagesThruDomFrontier postorder : tbl_get_diff
DepStagesThruDomFrontier postorder : tbl_drop_0
DepStagesThruDomFrontier postorder : cond-7
DepStagesThruDomFrontier postorder : cond-5
DepStagesThruDomFrontier postorder : tbl_mod_header
DepStagesThruDomFrontier postorder : mod_dst_mac_t_0
DepStagesThruDomFrontier postorder : tbl_p_tqm486
DepStagesThruDomFrontier postorder : tbl_get_qdepth
DepStagesThruDomFrontier postorder : tbl_mag_qdepth
DepStagesThruDomFrontier postorder : map_qdepth_to_prob_t_0
DepStagesThruDomFrontier postorder : tbl_get_weighted_qdepth
DepStagesThruDomFrontier postorder : tbl_set_qdepth
DepStagesThruDomFrontier postorder : cond-8
    Maximum stage number according to dependences: 
      INGRESS: 3
      EGRESS: 2
GRAPH
    cond-5 -- CONTROL_COND_TRUE --> tbl_recirc
    cond-5 -- CONTROL_COND_TRUE --> cond-6
    cond-6 -- CONTROL_COND_TRUE --> tbl_set_drop_prob
    cond-6 -- CONTROL_COND_TRUE --> tbl_drop
    cond-5 -- CONTROL_COND_FALSE --> forward_t_0
    cond-5 -- CONTROL_COND_FALSE --> tbl_set_p4_header
    cond-5 -- CONTROL_COND_FALSE --> tbl_get_drop_prob
    cond-5 -- CONTROL_COND_FALSE --> tbl_get_rndnum
    cond-5 -- CONTROL_COND_FALSE --> tbl_get_diff
    cond-5 -- CONTROL_COND_FALSE --> cond-7
    cond-7 -- CONTROL_COND_TRUE --> tbl_drop_0
    cond-8 -- CONTROL_COND_TRUE --> tbl_p_tqm486
    cond-8 -- CONTROL_COND_TRUE --> tbl_get_qdepth
    cond-8 -- CONTROL_COND_TRUE --> tbl_mag_qdepth
    cond-8 -- CONTROL_COND_TRUE --> map_qdepth_to_prob_t_0
    cond-8 -- CONTROL_COND_FALSE --> tbl_get_weighted_qdepth
    cond-8 -- CONTROL_COND_FALSE --> tbl_set_qdepth
    tbl_recirc -- IXBAR_READ --> tbl_set_drop_prob
    forward_t_0 -- IXBAR_READ --> tbl_get_drop_prob
    tbl_get_rndnum -- ACTION_READ --> tbl_get_diff
    tbl_get_drop_prob -- ACTION_READ --> tbl_get_diff
    tbl_get_diff -- ACTION_READ --> cond-7
    forward_t_0 -- OUTPUT --> tbl_drop_0
    tbl_get_qdepth -- OUTPUT --> tbl_mag_qdepth
    tbl_get_qdepth -- ACTION_READ --> tbl_mag_qdepth
    tbl_mag_qdepth -- IXBAR_READ --> map_qdepth_to_prob_t_0
    tbl_mod_header -- ACTION_READ --> tbl_get_weighted_qdepth
    tbl_get_weighted_qdepth -- IXBAR_READ --> tbl_set_qdepth
    tbl_get_diff -- ANTI_NEXT_TABLE_DATA --> cond-7
    tbl_get_drop_prob -- ANTI_NEXT_TABLE_DATA --> tbl_get_diff
    tbl_mag_qdepth -- ANTI_NEXT_TABLE_DATA --> map_qdepth_to_prob_t_0
    tbl_get_weighted_qdepth -- ANTI_NEXT_TABLE_DATA --> tbl_set_qdepth
    tbl_recirc -- ANTI_NEXT_TABLE_DATA --> cond-6
    forward_t_0 -- ANTI_NEXT_TABLE_DATA --> tbl_get_drop_prob
    forward_t_0 -- ANTI_NEXT_TABLE_DATA --> cond-7
    tbl_get_rndnum -- ANTI_NEXT_TABLE_DATA --> tbl_get_diff
    tbl_get_qdepth -- ANTI_NEXT_TABLE_DATA --> tbl_mag_qdepth
    tbl_mod_header -- ANTI_NEXT_TABLE_DATA --> cond-8
MIN STAGE INFO
    Each table also indicates its dependency chain length
    First number refers to a dependency chain from which each tables are not split
    Second number refers to a dependency chain from which each tables are split as on  last allocation pass
 Stage #0
     cond-5 3 3
     tbl_recirc 1 1
	- Edge CONTROL_COND_TRUE cond-5
     cond-6 0 0
	- Edge CONTROL_COND_TRUE cond-5
	- Edge ANTI_NEXT_TABLE_DATA tbl_recirc
     tbl_drop 0 0
	- Edge CONTROL_COND_TRUE cond-6
     forward_t_0 3 3
	- Edge CONTROL_COND_FALSE cond-5
     tbl_set_p4_header 0 0
	- Edge CONTROL_COND_FALSE cond-5
     tbl_get_rndnum 2 2
	- Edge CONTROL_COND_FALSE cond-5
     cond-8 2 2
	- Edge ANTI_NEXT_TABLE_DATA tbl_mod_header
     tbl_p_tqm486 0 0
	- Edge CONTROL_COND_TRUE cond-8
     tbl_get_qdepth 2 2
	- Edge CONTROL_COND_TRUE cond-8
     tbl_mod_header 2 2
     mod_dst_mac_t_0 0 0
 Stage #1
     tbl_set_drop_prob 0 0
	- Edge IXBAR_READ tbl_recirc
     tbl_get_drop_prob 2 2
	- Edge IXBAR_READ forward_t_0
     tbl_mag_qdepth 1 1
	- Edge OUTPUT tbl_get_qdepth
	- Edge ACTION_READ tbl_get_qdepth
     tbl_get_weighted_qdepth 1 1
	- Edge ACTION_READ tbl_mod_header
 Stage #2
     tbl_get_diff 1 1
	- Edge ACTION_READ tbl_get_drop_prob
     map_qdepth_to_prob_t_0 0 0
	- Edge IXBAR_READ tbl_mag_qdepth
     tbl_set_qdepth 0 0
	- Edge IXBAR_READ tbl_get_weighted_qdepth
 Stage #3
     cond-7 0 0
	- Edge ACTION_READ tbl_get_diff
     tbl_drop_0 0 0
	- Edge CONTROL_COND_TRUE cond-7

FindDependencyGraph : Just Before Incremental PHV allocation
ingress: [1979281]
  0: forward_t_0(ingress::hdr.timer.$valid == 1; => $true, 1){ GE -1+10, 2 [1x1 1K] }
    $true: [1979286] 1
      4: tbl_recirc{ E 0+18, 4 0K }
      6: tbl_drop(ingress::hdr.timer.again == 1;, 1 => $false)
        $default: [1979361]
          12: tbl_set_drop_prob
            stateful Ingress.reg_drop_prob  512
        $false: [2108932]
    $default: [1979491] 0 00 101 1011
      1: tbl_get_rndnum
      5: tbl_set_p4_header
      11: tbl_get_drop_prob
        stateful Ingress.reg_drop_prob  512
      20: tbl_get_diff
      31: tbl_drop_0(ingress::meta.diff == 0;, 1 => $false)
        $false: [2109285]
egress: [1988363] 1 00
  2: tbl_mod_header
  3: tbl_p_tqm486(egress::hdr.timer.$valid == 1;, 1 => $false)
    $false: [1988842] 1
      13: tbl_get_weighted_qdepth
      21: tbl_set_qdepth
        stateful Egress.reg_qdepth  512
    $default: [1988568] 1 11 111
      10: tbl_get_qdepth
      22: tbl_get_qdepth
        stateful Egress.reg_qdepth  512
      30: tbl_mag_qdepth
      40: map_qdepth_to_prob_t_0{ E 6+0, 4 64K }
  41: mod_dst_mac_t_0{ E -1+32, 6 [1x1 1K] }

DepStagesThruDomFrontier postorder : tbl_recirc
DepStagesThruDomFrontier postorder : tbl_set_drop_prob
DepStagesThruDomFrontier postorder : tbl_drop
DepStagesThruDomFrontier postorder : tbl_get_rndnum
DepStagesThruDomFrontier postorder : tbl_set_p4_header
DepStagesThruDomFrontier postorder : tbl_get_drop_prob
DepStagesThruDomFrontier postorder : tbl_get_diff
DepStagesThruDomFrontier postorder : tbl_drop_0
DepStagesThruDomFrontier postorder : forward_t_0
DepStagesThruDomFrontier postorder : tbl_mod_header
DepStagesThruDomFrontier postorder : tbl_get_weighted_qdepth
DepStagesThruDomFrontier postorder : tbl_set_qdepth
DepStagesThruDomFrontier postorder : tbl_get_qdepth
DepStagesThruDomFrontier postorder : tbl_get_qdepth
DepStagesThruDomFrontier postorder : tbl_mag_qdepth
DepStagesThruDomFrontier postorder : map_qdepth_to_prob_t_0
DepStagesThruDomFrontier postorder : tbl_p_tqm486
DepStagesThruDomFrontier postorder : mod_dst_mac_t_0
    Maximum stage number according to dependences: 
      INGRESS: 3
      EGRESS: 3
GRAPH
    forward_t_0 -- CONTROL_COND_TRUE --> tbl_recirc
    forward_t_0 -- CONTROL_COND_TRUE --> tbl_drop
    tbl_drop -- CONTROL_DEFAULT_NEXT_TABLE --> tbl_set_drop_prob
    forward_t_0 -- CONTROL_DEFAULT_NEXT_TABLE --> tbl_get_rndnum
    forward_t_0 -- CONTROL_DEFAULT_NEXT_TABLE --> tbl_set_p4_header
    forward_t_0 -- CONTROL_DEFAULT_NEXT_TABLE --> tbl_get_drop_prob
    forward_t_0 -- CONTROL_DEFAULT_NEXT_TABLE --> tbl_get_diff
    forward_t_0 -- CONTROL_DEFAULT_NEXT_TABLE --> tbl_drop_0
    tbl_p_tqm486 -- CONTROL_COND_FALSE --> tbl_get_weighted_qdepth
    tbl_p_tqm486 -- CONTROL_COND_FALSE --> tbl_set_qdepth
    tbl_p_tqm486 -- CONTROL_DEFAULT_NEXT_TABLE --> tbl_get_qdepth
    tbl_p_tqm486 -- CONTROL_DEFAULT_NEXT_TABLE --> tbl_get_qdepth
    tbl_p_tqm486 -- CONTROL_DEFAULT_NEXT_TABLE --> tbl_mag_qdepth
    tbl_p_tqm486 -- CONTROL_DEFAULT_NEXT_TABLE --> map_qdepth_to_prob_t_0
    tbl_recirc -- IXBAR_READ --> tbl_set_drop_prob
    forward_t_0 -- IXBAR_READ --> tbl_get_drop_prob
    tbl_get_rndnum -- ACTION_READ --> tbl_get_diff
    tbl_get_drop_prob -- ACTION_READ --> tbl_get_diff
    tbl_get_diff -- ACTION_READ --> tbl_drop_0
    forward_t_0 -- OUTPUT --> tbl_drop_0
    tbl_mod_header -- ACTION_READ --> tbl_get_weighted_qdepth
    tbl_get_weighted_qdepth -- IXBAR_READ --> tbl_set_qdepth
    tbl_get_qdepth -- IXBAR_READ --> tbl_get_qdepth
    tbl_get_qdepth -- OUTPUT --> tbl_mag_qdepth
    tbl_get_qdepth -- ACTION_READ --> tbl_mag_qdepth
    tbl_mag_qdepth -- IXBAR_READ --> map_qdepth_to_prob_t_0
    tbl_get_diff -- ANTI_NEXT_TABLE_DATA --> tbl_drop_0
    tbl_mag_qdepth -- ANTI_NEXT_TABLE_DATA --> map_qdepth_to_prob_t_0
    tbl_get_drop_prob -- ANTI_NEXT_TABLE_DATA --> tbl_get_diff
    tbl_get_weighted_qdepth -- ANTI_NEXT_TABLE_DATA --> tbl_set_qdepth
    tbl_get_qdepth -- ANTI_NEXT_TABLE_DATA --> tbl_mag_qdepth
    tbl_recirc -- ANTI_NEXT_TABLE_DATA --> tbl_drop
    tbl_get_rndnum -- ANTI_NEXT_TABLE_DATA --> tbl_get_diff
    tbl_get_qdepth -- ANTI_NEXT_TABLE_DATA --> tbl_get_qdepth
    tbl_mod_header -- ANTI_NEXT_TABLE_DATA --> tbl_p_tqm486
MIN STAGE INFO
    Each table also indicates its dependency chain length
    First number refers to a dependency chain from which each tables are not split
    Second number refers to a dependency chain from which each tables are split as on  last allocation pass
 Stage #0
     forward_t_0 3 3
     tbl_recirc 1 1
	- Edge CONTROL_COND_TRUE forward_t_0
     tbl_drop 0 0
	- Edge CONTROL_COND_TRUE forward_t_0
	- Edge ANTI_NEXT_TABLE_DATA tbl_recirc
     tbl_get_rndnum 2 2
	- Edge CONTROL_DEFAULT_NEXT_TABLE forward_t_0
     tbl_set_p4_header 0 0
	- Edge CONTROL_DEFAULT_NEXT_TABLE forward_t_0
     tbl_p_tqm486 3 3
	- Edge ANTI_NEXT_TABLE_DATA tbl_mod_header
     tbl_get_qdepth 3 3
	- Edge CONTROL_DEFAULT_NEXT_TABLE tbl_p_tqm486
     tbl_mod_header 3 3
     mod_dst_mac_t_0 0 0
 Stage #1
     tbl_set_drop_prob 0 0
	- Edge IXBAR_READ tbl_recirc
     tbl_get_drop_prob 2 2
	- Edge IXBAR_READ forward_t_0
     tbl_get_weighted_qdepth 1 1
	- Edge ACTION_READ tbl_mod_header
     tbl_get_qdepth 2 2
	- Edge IXBAR_READ tbl_get_qdepth
 Stage #2
     tbl_get_diff 1 1
	- Edge ACTION_READ tbl_get_drop_prob
     tbl_set_qdepth 0 0
	- Edge IXBAR_READ tbl_get_weighted_qdepth
     tbl_mag_qdepth 1 1
	- Edge OUTPUT tbl_get_qdepth
	- Edge ACTION_READ tbl_get_qdepth
 Stage #3
     tbl_drop_0 0 0
	- Edge ACTION_READ tbl_get_diff
     map_qdepth_to_prob_t_0 0 0
	- Edge IXBAR_READ tbl_mag_qdepth

ingress: [1979281]
  cond-5(ingress::hdr.timer.$valid == 1; => $true, 1 => $false)
    $true: [1979286] 1
      tbl_recirc
      cond-6(ingress::hdr.timer.again == 1; => $true, 1 => $false)
        $true: [1979361] 0
          tbl_set_drop_prob
            stateful Ingress.reg_drop_prob  512
          tbl_drop
    $false: [1979491] 0 10 000 1011 10111
      forward_t_0{ E -1+1, 4 0K }
      tbl_set_p4_header
      tbl_get_drop_prob
        stateful Ingress.reg_drop_prob  512
      tbl_get_rndnum
      tbl_get_diff
      cond-7(ingress::meta.diff == 0; => $true, 1 => $false)
        $true: [1979958]
          tbl_drop_0
egress: [1988363] 0 10
  tbl_mod_header
  mod_dst_mac_t_0{ E -1+0, 8 0K }
  cond-8(egress::hdr.timer.$valid == 1; => $true, 1 => $false)
    $true: [1988568] 0 01 011
      tbl_p_tqm486
      tbl_get_qdepth
        stateful Egress.reg_qdepth  512
      tbl_mag_qdepth
      map_qdepth_to_prob_t_0{ E 6+0, 4 64K }
    $false: [1988842] 1
      tbl_get_weighted_qdepth
      tbl_set_qdepth
        stateful Egress.reg_qdepth  512

DepStagesThruDomFrontier postorder : tbl_recirc
DepStagesThruDomFrontier postorder : tbl_set_drop_prob
DepStagesThruDomFrontier postorder : tbl_drop
DepStagesThruDomFrontier postorder : cond-6
DepStagesThruDomFrontier postorder : forward_t_0
DepStagesThruDomFrontier postorder : tbl_set_p4_header
DepStagesThruDomFrontier postorder : tbl_get_drop_prob
DepStagesThruDomFrontier postorder : tbl_get_rndnum
DepStagesThruDomFrontier postorder : tbl_get_diff
DepStagesThruDomFrontier postorder : tbl_drop_0
DepStagesThruDomFrontier postorder : cond-7
DepStagesThruDomFrontier postorder : cond-5
DepStagesThruDomFrontier postorder : tbl_mod_header
DepStagesThruDomFrontier postorder : mod_dst_mac_t_0
DepStagesThruDomFrontier postorder : tbl_p_tqm486
DepStagesThruDomFrontier postorder : tbl_get_qdepth
DepStagesThruDomFrontier postorder : tbl_mag_qdepth
DepStagesThruDomFrontier postorder : map_qdepth_to_prob_t_0
DepStagesThruDomFrontier postorder : tbl_get_weighted_qdepth
DepStagesThruDomFrontier postorder : tbl_set_qdepth
DepStagesThruDomFrontier postorder : cond-8
    Maximum stage number according to dependences: 
      INGRESS: 3
      EGRESS: 2
GRAPH
    cond-5 -- CONTROL_COND_TRUE --> tbl_recirc
    cond-5 -- CONTROL_COND_TRUE --> cond-6
    cond-6 -- CONTROL_COND_TRUE --> tbl_set_drop_prob
    cond-6 -- CONTROL_COND_TRUE --> tbl_drop
    cond-5 -- CONTROL_COND_FALSE --> forward_t_0
    cond-5 -- CONTROL_COND_FALSE --> tbl_set_p4_header
    cond-5 -- CONTROL_COND_FALSE --> tbl_get_drop_prob
    cond-5 -- CONTROL_COND_FALSE --> tbl_get_rndnum
    cond-5 -- CONTROL_COND_FALSE --> tbl_get_diff
    cond-5 -- CONTROL_COND_FALSE --> cond-7
    cond-7 -- CONTROL_COND_TRUE --> tbl_drop_0
    cond-8 -- CONTROL_COND_TRUE --> tbl_p_tqm486
    cond-8 -- CONTROL_COND_TRUE --> tbl_get_qdepth
    cond-8 -- CONTROL_COND_TRUE --> tbl_mag_qdepth
    cond-8 -- CONTROL_COND_TRUE --> map_qdepth_to_prob_t_0
    cond-8 -- CONTROL_COND_FALSE --> tbl_get_weighted_qdepth
    cond-8 -- CONTROL_COND_FALSE --> tbl_set_qdepth
    tbl_recirc -- IXBAR_READ --> tbl_set_drop_prob
    forward_t_0 -- IXBAR_READ --> tbl_get_drop_prob
    tbl_get_rndnum -- ACTION_READ --> tbl_get_diff
    tbl_get_drop_prob -- ACTION_READ --> tbl_get_diff
    tbl_get_diff -- ACTION_READ --> cond-7
    forward_t_0 -- OUTPUT --> tbl_drop_0
    tbl_get_qdepth -- OUTPUT --> tbl_mag_qdepth
    tbl_get_qdepth -- ACTION_READ --> tbl_mag_qdepth
    tbl_mag_qdepth -- IXBAR_READ --> map_qdepth_to_prob_t_0
    tbl_mod_header -- ACTION_READ --> tbl_get_weighted_qdepth
    tbl_get_weighted_qdepth -- IXBAR_READ --> tbl_set_qdepth
    tbl_get_diff -- ANTI_NEXT_TABLE_DATA --> cond-7
    tbl_get_drop_prob -- ANTI_NEXT_TABLE_DATA --> tbl_get_diff
    tbl_mag_qdepth -- ANTI_NEXT_TABLE_DATA --> map_qdepth_to_prob_t_0
    tbl_get_weighted_qdepth -- ANTI_NEXT_TABLE_DATA --> tbl_set_qdepth
    tbl_recirc -- ANTI_NEXT_TABLE_DATA --> cond-6
    forward_t_0 -- ANTI_NEXT_TABLE_DATA --> tbl_get_drop_prob
    forward_t_0 -- ANTI_NEXT_TABLE_DATA --> cond-7
    tbl_get_rndnum -- ANTI_NEXT_TABLE_DATA --> tbl_get_diff
    tbl_get_qdepth -- ANTI_NEXT_TABLE_DATA --> tbl_mag_qdepth
    tbl_mod_header -- ANTI_NEXT_TABLE_DATA --> cond-8
MIN STAGE INFO
    Each table also indicates its dependency chain length
    First number refers to a dependency chain from which each tables are not split
    Second number refers to a dependency chain from which each tables are split as on  last allocation pass
 Stage #0
     cond-5 3 3
     tbl_recirc 1 1
	- Edge CONTROL_COND_TRUE cond-5
     cond-6 0 0
	- Edge CONTROL_COND_TRUE cond-5
	- Edge ANTI_NEXT_TABLE_DATA tbl_recirc
     tbl_drop 0 0
	- Edge CONTROL_COND_TRUE cond-6
     forward_t_0 3 3
	- Edge CONTROL_COND_FALSE cond-5
     tbl_set_p4_header 0 0
	- Edge CONTROL_COND_FALSE cond-5
     tbl_get_rndnum 2 2
	- Edge CONTROL_COND_FALSE cond-5
     cond-8 2 2
	- Edge ANTI_NEXT_TABLE_DATA tbl_mod_header
     tbl_p_tqm486 0 0
	- Edge CONTROL_COND_TRUE cond-8
     tbl_get_qdepth 2 2
	- Edge CONTROL_COND_TRUE cond-8
     tbl_mod_header 2 2
     mod_dst_mac_t_0 0 0
 Stage #1
     tbl_set_drop_prob 0 0
	- Edge IXBAR_READ tbl_recirc
     tbl_get_drop_prob 2 2
	- Edge IXBAR_READ forward_t_0
     tbl_mag_qdepth 1 1
	- Edge OUTPUT tbl_get_qdepth
	- Edge ACTION_READ tbl_get_qdepth
     tbl_get_weighted_qdepth 1 1
	- Edge ACTION_READ tbl_mod_header
 Stage #2
     tbl_get_diff 1 1
	- Edge ACTION_READ tbl_get_drop_prob
     map_qdepth_to_prob_t_0 0 0
	- Edge IXBAR_READ tbl_mag_qdepth
     tbl_set_qdepth 0 0
	- Edge IXBAR_READ tbl_get_weighted_qdepth
 Stage #3
     cond-7 0 0
	- Edge ACTION_READ tbl_get_diff
     tbl_drop_0 0 0
	- Edge CONTROL_COND_TRUE cond-7

FindDependencyGraph : Before Table Placement
ingress: [1979281]
  cond-5(ingress::hdr.timer.$valid == 1; => $true, 1 => $false)
    $true: [1979286] 1
      tbl_recirc
      cond-6(ingress::hdr.timer.again == 1; => $true, 1 => $false)
        $true: [1979361] 0
          tbl_set_drop_prob
            stateful Ingress.reg_drop_prob  512
          tbl_drop
    $false: [1979491] 0 10 000 1011 10111
      forward_t_0{ E -1+1, 4 0K }
      tbl_set_p4_header
      tbl_get_drop_prob
        stateful Ingress.reg_drop_prob  512
      tbl_get_rndnum
      tbl_get_diff
      cond-7(ingress::meta.diff == 0; => $true, 1 => $false)
        $true: [1979958]
          tbl_drop_0
egress: [1988363] 0 10
  tbl_mod_header
  mod_dst_mac_t_0{ E -1+0, 8 0K }
  cond-8(egress::hdr.timer.$valid == 1; => $true, 1 => $false)
    $true: [1988568] 0 01 011
      tbl_p_tqm486
      tbl_get_qdepth
        stateful Egress.reg_qdepth  512
      tbl_mag_qdepth
      map_qdepth_to_prob_t_0{ E 6+0, 4 64K }
    $false: [1988842] 1
      tbl_get_weighted_qdepth
      tbl_set_qdepth
        stateful Egress.reg_qdepth  512

DepStagesThruDomFrontier postorder : tbl_recirc
DepStagesThruDomFrontier postorder : tbl_set_drop_prob
DepStagesThruDomFrontier postorder : tbl_drop
DepStagesThruDomFrontier postorder : cond-6
DepStagesThruDomFrontier postorder : forward_t_0
DepStagesThruDomFrontier postorder : tbl_set_p4_header
DepStagesThruDomFrontier postorder : tbl_get_drop_prob
DepStagesThruDomFrontier postorder : tbl_get_rndnum
DepStagesThruDomFrontier postorder : tbl_get_diff
DepStagesThruDomFrontier postorder : tbl_drop_0
DepStagesThruDomFrontier postorder : cond-7
DepStagesThruDomFrontier postorder : cond-5
DepStagesThruDomFrontier postorder : tbl_mod_header
DepStagesThruDomFrontier postorder : mod_dst_mac_t_0
DepStagesThruDomFrontier postorder : tbl_p_tqm486
DepStagesThruDomFrontier postorder : tbl_get_qdepth
DepStagesThruDomFrontier postorder : tbl_mag_qdepth
DepStagesThruDomFrontier postorder : map_qdepth_to_prob_t_0
DepStagesThruDomFrontier postorder : tbl_get_weighted_qdepth
DepStagesThruDomFrontier postorder : tbl_set_qdepth
DepStagesThruDomFrontier postorder : cond-8
    Maximum stage number according to dependences: 
      INGRESS: 3
      EGRESS: 2
GRAPH
    cond-5 -- CONTROL_COND_TRUE --> tbl_recirc
    cond-5 -- CONTROL_COND_TRUE --> cond-6
    cond-6 -- CONTROL_COND_TRUE --> tbl_set_drop_prob
    cond-6 -- CONTROL_COND_TRUE --> tbl_drop
    cond-5 -- CONTROL_COND_FALSE --> forward_t_0
    cond-5 -- CONTROL_COND_FALSE --> tbl_set_p4_header
    cond-5 -- CONTROL_COND_FALSE --> tbl_get_drop_prob
    cond-5 -- CONTROL_COND_FALSE --> tbl_get_rndnum
    cond-5 -- CONTROL_COND_FALSE --> tbl_get_diff
    cond-5 -- CONTROL_COND_FALSE --> cond-7
    cond-7 -- CONTROL_COND_TRUE --> tbl_drop_0
    cond-8 -- CONTROL_COND_TRUE --> tbl_p_tqm486
    cond-8 -- CONTROL_COND_TRUE --> tbl_get_qdepth
    cond-8 -- CONTROL_COND_TRUE --> tbl_mag_qdepth
    cond-8 -- CONTROL_COND_TRUE --> map_qdepth_to_prob_t_0
    cond-8 -- CONTROL_COND_FALSE --> tbl_get_weighted_qdepth
    cond-8 -- CONTROL_COND_FALSE --> tbl_set_qdepth
    tbl_recirc -- IXBAR_READ --> tbl_set_drop_prob
    forward_t_0 -- IXBAR_READ --> tbl_get_drop_prob
    tbl_get_rndnum -- ACTION_READ --> tbl_get_diff
    tbl_get_drop_prob -- ACTION_READ --> tbl_get_diff
    tbl_get_diff -- ACTION_READ --> cond-7
    forward_t_0 -- OUTPUT --> tbl_drop_0
    tbl_get_qdepth -- OUTPUT --> tbl_mag_qdepth
    tbl_get_qdepth -- ACTION_READ --> tbl_mag_qdepth
    tbl_mag_qdepth -- IXBAR_READ --> map_qdepth_to_prob_t_0
    tbl_mod_header -- ACTION_READ --> tbl_get_weighted_qdepth
    tbl_get_weighted_qdepth -- IXBAR_READ --> tbl_set_qdepth
    tbl_get_diff -- ANTI_NEXT_TABLE_DATA --> cond-7
    tbl_get_drop_prob -- ANTI_NEXT_TABLE_DATA --> tbl_get_diff
    tbl_mag_qdepth -- ANTI_NEXT_TABLE_DATA --> map_qdepth_to_prob_t_0
    tbl_get_weighted_qdepth -- ANTI_NEXT_TABLE_DATA --> tbl_set_qdepth
    tbl_recirc -- ANTI_NEXT_TABLE_DATA --> cond-6
    forward_t_0 -- ANTI_NEXT_TABLE_DATA --> tbl_get_drop_prob
    forward_t_0 -- ANTI_NEXT_TABLE_DATA --> cond-7
    tbl_get_rndnum -- ANTI_NEXT_TABLE_DATA --> tbl_get_diff
    tbl_get_qdepth -- ANTI_NEXT_TABLE_DATA --> tbl_mag_qdepth
    tbl_mod_header -- ANTI_NEXT_TABLE_DATA --> cond-8
MIN STAGE INFO
    Each table also indicates its dependency chain length
    First number refers to a dependency chain from which each tables are not split
    Second number refers to a dependency chain from which each tables are split as on  last allocation pass
 Stage #0
     cond-5 3 3
     tbl_recirc 1 1
	- Edge CONTROL_COND_TRUE cond-5
     cond-6 0 0
	- Edge CONTROL_COND_TRUE cond-5
	- Edge ANTI_NEXT_TABLE_DATA tbl_recirc
     tbl_drop 0 0
	- Edge CONTROL_COND_TRUE cond-6
     forward_t_0 3 3
	- Edge CONTROL_COND_FALSE cond-5
     tbl_set_p4_header 0 0
	- Edge CONTROL_COND_FALSE cond-5
     tbl_get_rndnum 2 2
	- Edge CONTROL_COND_FALSE cond-5
     cond-8 2 3
	- Edge ANTI_NEXT_TABLE_DATA tbl_mod_header
     tbl_p_tqm486 0 0
	- Edge CONTROL_COND_TRUE cond-8
     tbl_get_qdepth 2 3
	- Edge CONTROL_COND_TRUE cond-8
     tbl_mod_header 2 3
     mod_dst_mac_t_0 0 0
 Stage #1
     tbl_set_drop_prob 0 0
	- Edge IXBAR_READ tbl_recirc
     tbl_get_drop_prob 2 2
	- Edge IXBAR_READ forward_t_0
     tbl_mag_qdepth 1 1
	- Edge OUTPUT tbl_get_qdepth
	- Edge ACTION_READ tbl_get_qdepth
     tbl_get_weighted_qdepth 1 1
	- Edge ACTION_READ tbl_mod_header
 Stage #2
     tbl_get_diff 1 1
	- Edge ACTION_READ tbl_get_drop_prob
     map_qdepth_to_prob_t_0 0 0
	- Edge IXBAR_READ tbl_mag_qdepth
     tbl_set_qdepth 0 0
	- Edge IXBAR_READ tbl_get_weighted_qdepth
 Stage #3
     cond-7 0 0
	- Edge ACTION_READ tbl_get_diff
     tbl_drop_0 0 0
	- Edge CONTROL_COND_TRUE cond-7

FindDependencyGraph : After Table Placement
ingress: [1979281]
  0: forward_t_0(ingress::hdr.timer.$valid == 1; => $true, 1){ GE -1+10, 2 [1x1 1K] }
    $true: [1979286] 1
      4: tbl_recirc{ E 0+18, 4 0K }
      6: tbl_drop(ingress::hdr.timer.again == 1;, 1 => $false)
        $default: [1979361]
          12: tbl_set_drop_prob
            stateful Ingress.reg_drop_prob 512 
        $false: [2128390]
    $default: [1979491] 0 00 101 1011
      1: tbl_get_rndnum
      5: tbl_set_p4_header
      11: tbl_get_drop_prob
        stateful Ingress.reg_drop_prob 512 
      20: tbl_get_diff
      31: tbl_drop_0(ingress::meta.diff == 0;, 1 => $false)
        $false: [2128743]
egress: [1988363] 1 00
  2: tbl_mod_header
  3: tbl_p_tqm486(egress::hdr.timer.$valid == 1;, 1 => $false)
    $false: [1988842] 1
      13: tbl_get_weighted_qdepth
      21: tbl_set_qdepth
        stateful Egress.reg_qdepth 512 
    $default: [1988568] 1 11 111
      10: tbl_get_qdepth
      22: tbl_get_qdepth
        stateful Egress.reg_qdepth 512 
      30: tbl_mag_qdepth
      40: map_qdepth_to_prob_t_0{ E 6+0, 4 64K }
  41: mod_dst_mac_t_0{ E -1+32, 6 [1x1 1K] }

DepStagesThruDomFrontier postorder : tbl_recirc
DepStagesThruDomFrontier postorder : tbl_set_drop_prob
DepStagesThruDomFrontier postorder : tbl_drop
DepStagesThruDomFrontier postorder : tbl_get_rndnum
DepStagesThruDomFrontier postorder : tbl_set_p4_header
DepStagesThruDomFrontier postorder : tbl_get_drop_prob
DepStagesThruDomFrontier postorder : tbl_get_diff
DepStagesThruDomFrontier postorder : tbl_drop_0
DepStagesThruDomFrontier postorder : forward_t_0
DepStagesThruDomFrontier postorder : tbl_mod_header
DepStagesThruDomFrontier postorder : tbl_get_weighted_qdepth
DepStagesThruDomFrontier postorder : tbl_set_qdepth
DepStagesThruDomFrontier postorder : tbl_get_qdepth
DepStagesThruDomFrontier postorder : tbl_get_qdepth
DepStagesThruDomFrontier postorder : tbl_mag_qdepth
DepStagesThruDomFrontier postorder : map_qdepth_to_prob_t_0
DepStagesThruDomFrontier postorder : tbl_p_tqm486
DepStagesThruDomFrontier postorder : mod_dst_mac_t_0
    Maximum stage number according to dependences: 
      INGRESS: 3
      EGRESS: 3
GRAPH
    forward_t_0 -- CONTROL_COND_TRUE --> tbl_recirc
    forward_t_0 -- CONTROL_COND_TRUE --> tbl_drop
    tbl_drop -- CONTROL_DEFAULT_NEXT_TABLE --> tbl_set_drop_prob
    forward_t_0 -- CONTROL_DEFAULT_NEXT_TABLE --> tbl_get_rndnum
    forward_t_0 -- CONTROL_DEFAULT_NEXT_TABLE --> tbl_set_p4_header
    forward_t_0 -- CONTROL_DEFAULT_NEXT_TABLE --> tbl_get_drop_prob
    forward_t_0 -- CONTROL_DEFAULT_NEXT_TABLE --> tbl_get_diff
    forward_t_0 -- CONTROL_DEFAULT_NEXT_TABLE --> tbl_drop_0
    tbl_p_tqm486 -- CONTROL_COND_FALSE --> tbl_get_weighted_qdepth
    tbl_p_tqm486 -- CONTROL_COND_FALSE --> tbl_set_qdepth
    tbl_p_tqm486 -- CONTROL_DEFAULT_NEXT_TABLE --> tbl_get_qdepth
    tbl_p_tqm486 -- CONTROL_DEFAULT_NEXT_TABLE --> tbl_get_qdepth
    tbl_p_tqm486 -- CONTROL_DEFAULT_NEXT_TABLE --> tbl_mag_qdepth
    tbl_p_tqm486 -- CONTROL_DEFAULT_NEXT_TABLE --> map_qdepth_to_prob_t_0
    tbl_recirc -- IXBAR_READ --> tbl_set_drop_prob
    forward_t_0 -- IXBAR_READ --> tbl_get_drop_prob
    tbl_get_rndnum -- ACTION_READ --> tbl_get_diff
    tbl_get_drop_prob -- ACTION_READ --> tbl_get_diff
    tbl_get_diff -- ACTION_READ --> tbl_drop_0
    forward_t_0 -- OUTPUT --> tbl_drop_0
    tbl_mod_header -- ACTION_READ --> tbl_get_weighted_qdepth
    tbl_get_weighted_qdepth -- IXBAR_READ --> tbl_set_qdepth
    tbl_get_qdepth -- IXBAR_READ --> tbl_get_qdepth
    tbl_get_qdepth -- OUTPUT --> tbl_mag_qdepth
    tbl_get_qdepth -- ACTION_READ --> tbl_mag_qdepth
    tbl_mag_qdepth -- IXBAR_READ --> map_qdepth_to_prob_t_0
    tbl_get_diff -- ANTI_NEXT_TABLE_DATA --> tbl_drop_0
    tbl_mag_qdepth -- ANTI_NEXT_TABLE_DATA --> map_qdepth_to_prob_t_0
    tbl_get_drop_prob -- ANTI_NEXT_TABLE_DATA --> tbl_get_diff
    tbl_get_weighted_qdepth -- ANTI_NEXT_TABLE_DATA --> tbl_set_qdepth
    tbl_get_qdepth -- ANTI_NEXT_TABLE_DATA --> tbl_mag_qdepth
    tbl_recirc -- ANTI_NEXT_TABLE_DATA --> tbl_drop
    tbl_get_rndnum -- ANTI_NEXT_TABLE_DATA --> tbl_get_diff
    tbl_get_qdepth -- ANTI_NEXT_TABLE_DATA --> tbl_get_qdepth
    tbl_mod_header -- ANTI_NEXT_TABLE_DATA --> tbl_p_tqm486
MIN STAGE INFO
    Each table also indicates its dependency chain length
    First number refers to a dependency chain from which each tables are not split
    Second number refers to a dependency chain from which each tables are split as on  last allocation pass
 Stage #0
     forward_t_0 3 3
     tbl_recirc 1 1
	- Edge CONTROL_COND_TRUE forward_t_0
     tbl_drop 0 0
	- Edge CONTROL_COND_TRUE forward_t_0
	- Edge ANTI_NEXT_TABLE_DATA tbl_recirc
     tbl_get_rndnum 2 2
	- Edge CONTROL_DEFAULT_NEXT_TABLE forward_t_0
     tbl_set_p4_header 0 0
	- Edge CONTROL_DEFAULT_NEXT_TABLE forward_t_0
     tbl_p_tqm486 3 3
	- Edge ANTI_NEXT_TABLE_DATA tbl_mod_header
     tbl_get_qdepth 3 3
	- Edge CONTROL_DEFAULT_NEXT_TABLE tbl_p_tqm486
     tbl_mod_header 3 3
     mod_dst_mac_t_0 0 0
 Stage #1
     tbl_set_drop_prob 0 0
	- Edge IXBAR_READ tbl_recirc
     tbl_get_drop_prob 2 2
	- Edge IXBAR_READ forward_t_0
     tbl_get_weighted_qdepth 1 1
	- Edge ACTION_READ tbl_mod_header
     tbl_get_qdepth 2 2
	- Edge IXBAR_READ tbl_get_qdepth
 Stage #2
     tbl_get_diff 1 1
	- Edge ACTION_READ tbl_get_drop_prob
     tbl_set_qdepth 0 0
	- Edge IXBAR_READ tbl_get_weighted_qdepth
     tbl_mag_qdepth 1 1
	- Edge OUTPUT tbl_get_qdepth
	- Edge ACTION_READ tbl_get_qdepth
 Stage #3
     tbl_drop_0 0 0
	- Edge ACTION_READ tbl_get_diff
     map_qdepth_to_prob_t_0 0 0
	- Edge IXBAR_READ tbl_mag_qdepth

FindDependencyGraph : Power Calculation
ingress: [1979281]
  0: forward_t_0(ingress::hdr.timer.$valid == 1; => $true, 1){ GE -1+10, 2 [1x1 1K] }
    $true: [1979286] 1
      4: tbl_recirc{ E 0+18, 4 0K }
      6: tbl_drop(ingress::hdr.timer.again == 1;, 1 => $false)
        $default: [1979361]
          12: tbl_set_drop_prob
            stateful Ingress.reg_drop_prob 512 
        $false: [2128390]
    $default: [1979491] 0 00 101 1011
      1: tbl_get_rndnum
      5: tbl_set_p4_header
      11: tbl_get_drop_prob
        stateful Ingress.reg_drop_prob 512 
      20: tbl_get_diff
      31: tbl_drop_0(ingress::meta.diff == 0;, 1 => $false)
        $false: [2128743]
egress: [1988363] 1 00
  2: tbl_mod_header
  3: tbl_p_tqm486(egress::hdr.timer.$valid == 1;, 1 => $false)
    $false: [1988842] 1
      13: tbl_get_weighted_qdepth
      21: tbl_set_qdepth
        stateful Egress.reg_qdepth 512 
    $default: [1988568] 1 11 111
      10: tbl_get_qdepth
      22: tbl_get_qdepth
        stateful Egress.reg_qdepth 512 
      30: tbl_mag_qdepth
      40: map_qdepth_to_prob_t_0{ E 6+0, 4 64K }
  41: mod_dst_mac_t_0{ E -1+32, 6 [1x1 1K] }

DepStagesThruDomFrontier postorder : tbl_recirc
DepStagesThruDomFrontier postorder : tbl_set_drop_prob
DepStagesThruDomFrontier postorder : tbl_drop
DepStagesThruDomFrontier postorder : tbl_get_rndnum
DepStagesThruDomFrontier postorder : tbl_set_p4_header
DepStagesThruDomFrontier postorder : tbl_get_drop_prob
DepStagesThruDomFrontier postorder : tbl_get_diff
DepStagesThruDomFrontier postorder : tbl_drop_0
DepStagesThruDomFrontier postorder : forward_t_0
DepStagesThruDomFrontier postorder : tbl_mod_header
DepStagesThruDomFrontier postorder : tbl_get_weighted_qdepth
DepStagesThruDomFrontier postorder : tbl_set_qdepth
DepStagesThruDomFrontier postorder : tbl_get_qdepth
DepStagesThruDomFrontier postorder : tbl_get_qdepth
DepStagesThruDomFrontier postorder : tbl_mag_qdepth
DepStagesThruDomFrontier postorder : map_qdepth_to_prob_t_0
DepStagesThruDomFrontier postorder : tbl_p_tqm486
DepStagesThruDomFrontier postorder : mod_dst_mac_t_0
    Maximum stage number according to dependences: 
      INGRESS: 3
      EGRESS: 3
GRAPH
    forward_t_0 -- CONTROL_COND_TRUE --> tbl_recirc
    forward_t_0 -- CONTROL_COND_TRUE --> tbl_drop
    tbl_drop -- CONTROL_DEFAULT_NEXT_TABLE --> tbl_set_drop_prob
    forward_t_0 -- CONTROL_DEFAULT_NEXT_TABLE --> tbl_get_rndnum
    forward_t_0 -- CONTROL_DEFAULT_NEXT_TABLE --> tbl_set_p4_header
    forward_t_0 -- CONTROL_DEFAULT_NEXT_TABLE --> tbl_get_drop_prob
    forward_t_0 -- CONTROL_DEFAULT_NEXT_TABLE --> tbl_get_diff
    forward_t_0 -- CONTROL_DEFAULT_NEXT_TABLE --> tbl_drop_0
    tbl_p_tqm486 -- CONTROL_COND_FALSE --> tbl_get_weighted_qdepth
    tbl_p_tqm486 -- CONTROL_COND_FALSE --> tbl_set_qdepth
    tbl_p_tqm486 -- CONTROL_DEFAULT_NEXT_TABLE --> tbl_get_qdepth
    tbl_p_tqm486 -- CONTROL_DEFAULT_NEXT_TABLE --> tbl_get_qdepth
    tbl_p_tqm486 -- CONTROL_DEFAULT_NEXT_TABLE --> tbl_mag_qdepth
    tbl_p_tqm486 -- CONTROL_DEFAULT_NEXT_TABLE --> map_qdepth_to_prob_t_0
    tbl_recirc -- IXBAR_READ --> tbl_set_drop_prob
    forward_t_0 -- IXBAR_READ --> tbl_get_drop_prob
    tbl_get_rndnum -- ACTION_READ --> tbl_get_diff
    tbl_get_drop_prob -- ACTION_READ --> tbl_get_diff
    tbl_get_diff -- ACTION_READ --> tbl_drop_0
    forward_t_0 -- OUTPUT --> tbl_drop_0
    tbl_mod_header -- ACTION_READ --> tbl_get_weighted_qdepth
    tbl_get_weighted_qdepth -- IXBAR_READ --> tbl_set_qdepth
    tbl_get_qdepth -- IXBAR_READ --> tbl_get_qdepth
    tbl_get_qdepth -- OUTPUT --> tbl_mag_qdepth
    tbl_get_qdepth -- ACTION_READ --> tbl_mag_qdepth
    tbl_mag_qdepth -- IXBAR_READ --> map_qdepth_to_prob_t_0
    tbl_get_diff -- ANTI_NEXT_TABLE_DATA --> tbl_drop_0
    tbl_mag_qdepth -- ANTI_NEXT_TABLE_DATA --> map_qdepth_to_prob_t_0
    tbl_get_drop_prob -- ANTI_NEXT_TABLE_DATA --> tbl_get_diff
    tbl_get_weighted_qdepth -- ANTI_NEXT_TABLE_DATA --> tbl_set_qdepth
    tbl_get_qdepth -- ANTI_NEXT_TABLE_DATA --> tbl_mag_qdepth
    tbl_recirc -- ANTI_NEXT_TABLE_DATA --> tbl_drop
    tbl_get_rndnum -- ANTI_NEXT_TABLE_DATA --> tbl_get_diff
    tbl_get_qdepth -- ANTI_NEXT_TABLE_DATA --> tbl_get_qdepth
    tbl_mod_header -- ANTI_NEXT_TABLE_DATA --> tbl_p_tqm486
MIN STAGE INFO
    Each table also indicates its dependency chain length
    First number refers to a dependency chain from which each tables are not split
    Second number refers to a dependency chain from which each tables are split as on  last allocation pass
 Stage #0
     forward_t_0 3 3
     tbl_recirc 1 1
	- Edge CONTROL_COND_TRUE forward_t_0
     tbl_drop 0 0
	- Edge CONTROL_COND_TRUE forward_t_0
	- Edge ANTI_NEXT_TABLE_DATA tbl_recirc
     tbl_get_rndnum 2 2
	- Edge CONTROL_DEFAULT_NEXT_TABLE forward_t_0
     tbl_set_p4_header 0 0
	- Edge CONTROL_DEFAULT_NEXT_TABLE forward_t_0
     tbl_p_tqm486 3 3
	- Edge ANTI_NEXT_TABLE_DATA tbl_mod_header
     tbl_get_qdepth 3 3
	- Edge CONTROL_DEFAULT_NEXT_TABLE tbl_p_tqm486
     tbl_mod_header 3 3
     mod_dst_mac_t_0 0 0
 Stage #1
     tbl_set_drop_prob 0 0
	- Edge IXBAR_READ tbl_recirc
     tbl_get_drop_prob 2 2
	- Edge IXBAR_READ forward_t_0
     tbl_get_weighted_qdepth 1 1
	- Edge ACTION_READ tbl_mod_header
     tbl_get_qdepth 2 2
	- Edge IXBAR_READ tbl_get_qdepth
 Stage #2
     tbl_get_diff 1 1
	- Edge ACTION_READ tbl_get_drop_prob
     tbl_set_qdepth 0 0
	- Edge IXBAR_READ tbl_get_weighted_qdepth
     tbl_mag_qdepth 1 1
	- Edge OUTPUT tbl_get_qdepth
	- Edge ACTION_READ tbl_get_qdepth
 Stage #3
     tbl_drop_0 0 0
	- Edge ACTION_READ tbl_get_diff
     map_qdepth_to_prob_t_0 0 0
	- Edge IXBAR_READ tbl_mag_qdepth

