Table allocation done 1 time(s), state = INITIAL
Number of stages in table allocation: 5
  Number of stages for ingress table allocation: 4
  Number of stages for egress table allocation: 5
Critical path length through the table dependency graph: 4
Number of tables allocated: 18
+-------+-----------------------------+
|Stage  |Table Name                   |
+-------+-----------------------------+
|0      |Ingress.forward_t            |
|0      |tbl_get_rndnum               |
|0      |tbl_mod_header               |
|0      |tbl_p_tqm486                 |
|0      |tbl_recirc                   |
|0      |tbl_set_p4_header            |
|0      |tbl_drop                     |
|1      |tbl_get_qdepth               |
|2      |tbl_get_qdepth               |
|1      |tbl_get_drop_prob            |
|1      |tbl_set_drop_prob            |
|1      |tbl_get_weighted_qdepth      |
|2      |tbl_get_diff                 |
|2      |tbl_set_qdepth               |
|3      |tbl_mag_qdepth               |
|3      |tbl_drop_0                   |
|4      |Egress.map_qdepth_to_prob_t  |
|4      |Egress.mod_dst_mac_t         |
|0      |cond-5                       |
|0      |cond-6                       |
|3      |cond-7                       |
|0      |cond-8                       |
+-------+-----------------------------+

Table allocation done 2 time(s), state = FINAL_PLACEMENT
Number of stages in table allocation: 5
  Number of stages for ingress table allocation: 4
  Number of stages for egress table allocation: 5
Critical path length through the table dependency graph: 4
Number of tables allocated: 18
+-------+-----------------------------+
|Stage  |Table Name                   |
+-------+-----------------------------+
|0      |Ingress.forward_t            |
|0      |tbl_get_rndnum               |
|0      |tbl_mod_header               |
|0      |tbl_p_tqm486                 |
|0      |tbl_recirc                   |
|0      |tbl_set_p4_header            |
|0      |tbl_drop                     |
|1      |tbl_get_qdepth               |
|2      |tbl_get_qdepth               |
|1      |tbl_get_drop_prob            |
|1      |tbl_set_drop_prob            |
|1      |tbl_get_weighted_qdepth      |
|2      |tbl_get_diff                 |
|2      |tbl_set_qdepth               |
|3      |tbl_mag_qdepth               |
|3      |tbl_drop_0                   |
|4      |Egress.map_qdepth_to_prob_t  |
|4      |Egress.mod_dst_mac_t         |
|0      |cond-5                       |
|0      |cond-6                       |
|3      |cond-7                       |
|0      |cond-8                       |
+-------+-----------------------------+

