Table Placement ignores container conflicts? 0
table placement starting pipe
ingress: [1979281]
  cond-5(ingress::hdr.timer.$valid == 1; => $true, 1 => $false)
    $true: [1979286] 1
      tbl_recirc
      cond-6(ingress::hdr.timer.again == 1; => $true, 1 => $false)
        $true: [1979361] 0
          tbl_set_drop_prob
            stateful Ingress.reg_drop_prob  512
          tbl_drop
    $false: [1979491] 0 10 000 1011 10111
      forward_t_0{ E -1+1, 4 0K }
      tbl_set_p4_header
      tbl_get_drop_prob
        stateful Ingress.reg_drop_prob  512
      tbl_get_rndnum
      tbl_get_diff
      cond-7(ingress::meta.diff == 0; => $true, 1 => $false)
        $true: [1979958]
          tbl_drop_0
egress: [1988363] 0 10
  tbl_mod_header
  mod_dst_mac_t_0{ E -1+0, 8 0K }
  cond-8(egress::hdr.timer.$valid == 1; => $true, 1 => $false)
    $true: [1988568] 0 01 011
      tbl_p_tqm486
      tbl_get_qdepth
        stateful Egress.reg_qdepth  512
      tbl_mag_qdepth
      map_qdepth_to_prob_t_0{ E 6+0, 4 64K }
    $false: [1988842] 1
      tbl_get_weighted_qdepth
      tbl_set_qdepth
        stateful Egress.reg_qdepth  512

stage 0, work: [ 1979281, 1988363 ], partly placed 0, placed 0
    { id=0 ram=0 tcam=0 mram=0 eixb=0 tixb=0 malu=0 salu=0 }
  Group table: cond-5
try_place_table(cond-5, stage=0)
  Merging with match table forward_t_0
  Initial stage is 0, initial entries is 512
  Selected stage: 0    Furthest stage: 0
  try_place_table returning 1024 of forward_t_0 in stage 0
  Merging with match table tbl_set_p4_header
  Initial stage is 0, initial entries is 1
  Selected stage: 0    Furthest stage: 0
  try_place_table returning 1 of tbl_set_p4_header in stage 0
  Merging with match table tbl_get_rndnum
  Initial stage is 0, initial entries is 1
  Selected stage: 0    Furthest stage: 0
  try_place_table returning 1 of tbl_get_rndnum in stage 0
  Merging with match table tbl_recirc
  Initial stage is 0, initial entries is 1
  Selected stage: 0    Furthest stage: 0
  try_place_table returning 1 of tbl_recirc in stage 0
    Pl vector: [ forward_t_0, tbl_set_p4_header, tbl_get_rndnum, tbl_recirc ]
  Group table: tbl_mod_header
  Group table: mod_dst_mac_t_0
  Group table: cond-8
tbl_mod_header is not a gateway! Aborting search for merge choices
try_place_table(tbl_mod_header, stage=0)
  Initial stage is 0, initial entries is 1
  Selected stage: 0    Furthest stage: 0
  try_place_table returning 1 of tbl_mod_header in stage 0
    Pl vector: [ tbl_mod_header ]
mod_dst_mac_t_0 is not a gateway! Aborting search for merge choices
try_place_table(mod_dst_mac_t_0, stage=0)
  Initial stage is 0, initial entries is 512
  Selected stage: 0    Furthest stage: 0
  try_place_table returning 1024 of mod_dst_mac_t_0 in stage 0
    Pl vector: [ mod_dst_mac_t_0 ]
  - skipping cond-8 because it depends on tbl_mod_header
    - removing tbl_get_weighted_qdepth from merge list because it depends on tbl_mod_header
    - removing tbl_p_tqm486 from merge list because it depends on tbl_mod_header
    - removing tbl_get_qdepth from merge list because it depends on tbl_mod_header
    - skipping gateway cond-8 until mergeable tables are available
found 6 tables that could be placed: [ forward_t_0, tbl_set_p4_header, tbl_get_rndnum, tbl_recirc, tbl_mod_header, mod_dst_mac_t_0 ]
Initial best is first table seen: forward_t_0
For trial t : tbl_set_p4_header with best: forward_t_0
    Keeping best forward_t_0 for reason: longer downward prop control-included dependence tail chain
For trial t : tbl_get_rndnum with best: forward_t_0
    Keeping best forward_t_0 for reason: longer downward prop control-included dependence tail chain
For trial t : tbl_recirc with best: forward_t_0
    Keeping best forward_t_0 for reason: longer downward prop control-included dependence tail chain
For trial t : tbl_mod_header with best: forward_t_0
    Keeping best forward_t_0 for reason: longer downward prop control-included dependence tail chain
For trial t : mod_dst_mac_t_0 with best: forward_t_0
    Keeping best forward_t_0 for reason: longer downward prop control-included dependence tail chain
placing 1024 entries of forward_t_0 (with gw cond-5) in stage 0(0) FormatType(02)
stage 0, work: [ 1988363, 1979286, 1979491 ], partly placed 0, placed 1
    { id=1 ram=1 tcam=0 mram=0 eixb=2 tixb=0 malu=0 salu=0 }
  Group table: tbl_mod_header
  Group table: mod_dst_mac_t_0
  Group table: cond-8
tbl_mod_header is not a gateway! Aborting search for merge choices
try_place_table(tbl_mod_header, stage=0)
  Initial stage is 0, initial entries is 1
  Selected stage: 0    Furthest stage: 1
  try_place_table returning 1 of tbl_mod_header in stage 0
    Pl vector: [ tbl_mod_header ]
mod_dst_mac_t_0 is not a gateway! Aborting search for merge choices
try_place_table(mod_dst_mac_t_0, stage=0)
  Initial stage is 0, initial entries is 512
  Selected stage: 0    Furthest stage: 1
  try_place_table returning 1024 of mod_dst_mac_t_0 in stage 0
    Pl vector: [ mod_dst_mac_t_0 ]
  - skipping cond-8 because it depends on tbl_mod_header
    - removing tbl_get_weighted_qdepth from merge list because it depends on tbl_mod_header
    - removing tbl_p_tqm486 from merge list because it depends on tbl_mod_header
    - removing tbl_get_qdepth from merge list because it depends on tbl_mod_header
    - skipping gateway cond-8 until mergeable tables are available
  Group table: tbl_recirc
  Group table: cond-6
tbl_recirc is not a gateway! Aborting search for merge choices
try_place_table(tbl_recirc, stage=0)
  Initial stage is 0, initial entries is 1
  Selected stage: 0    Furthest stage: 1
  try_place_table returning 1 of tbl_recirc in stage 0
    Pl vector: [ tbl_recirc ]
  - skipping cond-6 because it depends on tbl_recirc
    - removing tbl_set_drop_prob from merge list because it depends on tbl_recirc
    - removing tbl_drop from merge list because it depends on tbl_recirc
    - skipping gateway cond-6 until mergeable tables are available
  Group table: forward_t_0
  Group table: tbl_set_p4_header
  Group table: tbl_get_drop_prob
  Group table: tbl_get_rndnum
  Group table: tbl_get_diff
  Group table: cond-7
    - skipping forward_t_0 as its already done
tbl_set_p4_header is not a gateway! Aborting search for merge choices
try_place_table(tbl_set_p4_header, stage=0)
  Initial stage is 0, initial entries is 1
  Selected stage: 0    Furthest stage: 1
  try_place_table returning 1 of tbl_set_p4_header in stage 0
    Pl vector: [ tbl_set_p4_header ]
tbl_get_drop_prob is not a gateway! Aborting search for merge choices
try_place_table(tbl_get_drop_prob, stage=0)
  - dependency between forward_t_0 and table advances stage
  Initial stage is 1, initial entries is 1
  Selected stage: 1    Furthest stage: 1
  try_place_table returning 1 of tbl_get_drop_prob in stage 1 (need more)
    Pl vector: [ tbl_get_drop_prob ]
tbl_get_rndnum is not a gateway! Aborting search for merge choices
try_place_table(tbl_get_rndnum, stage=0)
  Initial stage is 0, initial entries is 1
  Selected stage: 0    Furthest stage: 1
  try_place_table returning 1 of tbl_get_rndnum in stage 0
    Pl vector: [ tbl_get_rndnum ]
  - skipping tbl_get_diff due to in-sequence control dependence on tbl_get_drop_prob
  - skipping cond-7 due to in-sequence control dependence on tbl_get_drop_prob
found 6 tables that could be placed: [ tbl_mod_header, mod_dst_mac_t_0, tbl_recirc, tbl_set_p4_header, tbl_get_drop_prob, tbl_get_rndnum ]
Initial best is first table seen: tbl_mod_header
For trial t : mod_dst_mac_t_0 with best: tbl_mod_header
    Keeping best tbl_mod_header for reason: longer downward prop control-included dependence tail chain
For trial t : tbl_recirc with best: tbl_mod_header
    Keeping best tbl_mod_header for reason: longer downward prop control-included dependence tail chain
For trial t : tbl_set_p4_header with best: tbl_mod_header
    Keeping best tbl_mod_header for reason: longer downward prop control-included dependence tail chain
For trial t : tbl_get_drop_prob with best: tbl_mod_header
    Keeping best tbl_mod_header for reason: earlier stage calculated
For trial t : tbl_get_rndnum with best: tbl_mod_header
    Updating best to tbl_get_rndnum from tbl_mod_header for reason: default choice
placing 1 entries of tbl_get_rndnum in stage 0(1) FormatType(02)
stage 0, work: [ 1988363, 1979286, 1979491 ], partly placed 0, placed 2
    { id=1 ram=1 tcam=0 mram=0 eixb=2 tixb=0 malu=0 salu=0 }
  Group table: tbl_mod_header
  Group table: mod_dst_mac_t_0
  Group table: cond-8
tbl_mod_header is not a gateway! Aborting search for merge choices
try_place_table(tbl_mod_header, stage=0)
  Initial stage is 0, initial entries is 1
  Selected stage: 0    Furthest stage: 1
  try_place_table returning 1 of tbl_mod_header in stage 0
    Pl vector: [ tbl_mod_header ]
mod_dst_mac_t_0 is not a gateway! Aborting search for merge choices
try_place_table(mod_dst_mac_t_0, stage=0)
  Initial stage is 0, initial entries is 512
  Selected stage: 0    Furthest stage: 1
  try_place_table returning 1024 of mod_dst_mac_t_0 in stage 0
    Pl vector: [ mod_dst_mac_t_0 ]
  - skipping cond-8 because it depends on tbl_mod_header
    - removing tbl_get_weighted_qdepth from merge list because it depends on tbl_mod_header
    - removing tbl_p_tqm486 from merge list because it depends on tbl_mod_header
    - removing tbl_get_qdepth from merge list because it depends on tbl_mod_header
    - skipping gateway cond-8 until mergeable tables are available
  Group table: tbl_recirc
  Group table: cond-6
tbl_recirc is not a gateway! Aborting search for merge choices
try_place_table(tbl_recirc, stage=0)
  Initial stage is 0, initial entries is 1
  Selected stage: 0    Furthest stage: 1
  try_place_table returning 1 of tbl_recirc in stage 0
    Pl vector: [ tbl_recirc ]
  - skipping cond-6 because it depends on tbl_recirc
    - removing tbl_set_drop_prob from merge list because it depends on tbl_recirc
    - removing tbl_drop from merge list because it depends on tbl_recirc
    - skipping gateway cond-6 until mergeable tables are available
  Group table: forward_t_0
  Group table: tbl_set_p4_header
  Group table: tbl_get_drop_prob
  Group table: tbl_get_rndnum
  Group table: tbl_get_diff
  Group table: cond-7
    - skipping forward_t_0 as its already done
tbl_set_p4_header is not a gateway! Aborting search for merge choices
try_place_table(tbl_set_p4_header, stage=0)
  Initial stage is 0, initial entries is 1
  Selected stage: 0    Furthest stage: 1
  try_place_table returning 1 of tbl_set_p4_header in stage 0
    Pl vector: [ tbl_set_p4_header ]
tbl_get_drop_prob is not a gateway! Aborting search for merge choices
try_place_table(tbl_get_drop_prob, stage=0)
  - dependency between forward_t_0 and table advances stage
  Initial stage is 1, initial entries is 1
  Selected stage: 1    Furthest stage: 1
  try_place_table returning 1 of tbl_get_drop_prob in stage 1 (need more)
    Pl vector: [ tbl_get_drop_prob ]
    - skipping tbl_get_rndnum as its already done
  - skipping tbl_get_diff due to in-sequence control dependence on tbl_get_drop_prob
  - skipping cond-7 due to in-sequence control dependence on tbl_get_drop_prob
found 5 tables that could be placed: [ tbl_mod_header, mod_dst_mac_t_0, tbl_recirc, tbl_set_p4_header, tbl_get_drop_prob ]
Initial best is first table seen: tbl_mod_header
For trial t : mod_dst_mac_t_0 with best: tbl_mod_header
    Keeping best tbl_mod_header for reason: longer downward prop control-included dependence tail chain
For trial t : tbl_recirc with best: tbl_mod_header
    Keeping best tbl_mod_header for reason: longer downward prop control-included dependence tail chain
For trial t : tbl_set_p4_header with best: tbl_mod_header
    Keeping best tbl_mod_header for reason: longer downward prop control-included dependence tail chain
For trial t : tbl_get_drop_prob with best: tbl_mod_header
    Keeping best tbl_mod_header for reason: earlier stage calculated
placing 1 entries of tbl_mod_header in stage 0(2) FormatType(02)
stage 0, work: [ 1988363, 1979286, 1979491 ], partly placed 0, placed 3
    { id=1 ram=1 tcam=0 mram=0 eixb=2 tixb=0 malu=0 salu=0 }
  Group table: tbl_mod_header
  Group table: mod_dst_mac_t_0
  Group table: cond-8
    - skipping tbl_mod_header as its already done
mod_dst_mac_t_0 is not a gateway! Aborting search for merge choices
try_place_table(mod_dst_mac_t_0, stage=0)
  Initial stage is 0, initial entries is 512
  Selected stage: 0    Furthest stage: 1
  try_place_table returning 1024 of mod_dst_mac_t_0 in stage 0
    Pl vector: [ mod_dst_mac_t_0 ]
try_place_table(cond-8, stage=0)
  Merging with match table tbl_get_weighted_qdepth
  - dependency between tbl_mod_header and table advances stage
  Initial stage is 1, initial entries is 1
  Selected stage: 1    Furthest stage: 1
  try_place_table returning 1 of tbl_get_weighted_qdepth in stage 1
  Merging with match table tbl_p_tqm486
  Initial stage is 0, initial entries is 1
  Selected stage: 0    Furthest stage: 1
  try_place_table returning 1 of tbl_p_tqm486 in stage 0
  Merging with match table tbl_get_qdepth
  - dependency between tbl_mod_header and tbl_set_qdepth advances stage
  Initial stage is 1, initial entries is 1
  Selected stage: 1    Furthest stage: 1
  try_place_table returning 1 of tbl_get_qdepth in stage 1 (need more)
    Pl vector: [ tbl_get_weighted_qdepth, tbl_p_tqm486, tbl_get_qdepth ]
  Group table: tbl_recirc
  Group table: cond-6
tbl_recirc is not a gateway! Aborting search for merge choices
try_place_table(tbl_recirc, stage=0)
  Initial stage is 0, initial entries is 1
  Selected stage: 0    Furthest stage: 1
  try_place_table returning 1 of tbl_recirc in stage 0
    Pl vector: [ tbl_recirc ]
  - skipping cond-6 because it depends on tbl_recirc
    - removing tbl_set_drop_prob from merge list because it depends on tbl_recirc
    - removing tbl_drop from merge list because it depends on tbl_recirc
    - skipping gateway cond-6 until mergeable tables are available
  Group table: forward_t_0
  Group table: tbl_set_p4_header
  Group table: tbl_get_drop_prob
  Group table: tbl_get_rndnum
  Group table: tbl_get_diff
  Group table: cond-7
    - skipping forward_t_0 as its already done
tbl_set_p4_header is not a gateway! Aborting search for merge choices
try_place_table(tbl_set_p4_header, stage=0)
  Initial stage is 0, initial entries is 1
  Selected stage: 0    Furthest stage: 1
  try_place_table returning 1 of tbl_set_p4_header in stage 0
    Pl vector: [ tbl_set_p4_header ]
tbl_get_drop_prob is not a gateway! Aborting search for merge choices
try_place_table(tbl_get_drop_prob, stage=0)
  - dependency between forward_t_0 and table advances stage
  Initial stage is 1, initial entries is 1
  Selected stage: 1    Furthest stage: 1
  try_place_table returning 1 of tbl_get_drop_prob in stage 1 (need more)
    Pl vector: [ tbl_get_drop_prob ]
    - skipping tbl_get_rndnum as its already done
  - skipping tbl_get_diff due to in-sequence control dependence on tbl_get_drop_prob
  - skipping cond-7 due to in-sequence control dependence on tbl_get_drop_prob
found 7 tables that could be placed: [ mod_dst_mac_t_0, tbl_get_weighted_qdepth, tbl_p_tqm486, tbl_get_qdepth, tbl_recirc, tbl_set_p4_header, tbl_get_drop_prob ]
Initial best is first table seen: mod_dst_mac_t_0
For trial t : tbl_get_weighted_qdepth with best: mod_dst_mac_t_0
    Keeping best mod_dst_mac_t_0 for reason: earlier stage calculated
For trial t : tbl_p_tqm486 with best: mod_dst_mac_t_0
    Updating best to tbl_p_tqm486 from mod_dst_mac_t_0 for reason: longer downward prop control-included dependence tail chain
For trial t : tbl_get_qdepth with best: tbl_p_tqm486
    Keeping best tbl_p_tqm486 for reason: earlier stage calculated
For trial t : tbl_recirc with best: tbl_p_tqm486
    Keeping best tbl_p_tqm486 for reason: longer downward prop control-included dependence tail chain
For trial t : tbl_set_p4_header with best: tbl_p_tqm486
    Keeping best tbl_p_tqm486 for reason: longer downward prop control-included dependence tail chain
For trial t : tbl_get_drop_prob with best: tbl_p_tqm486
    Keeping best tbl_p_tqm486 for reason: earlier stage calculated
placing 1 entries of tbl_p_tqm486 (with gw cond-8) in stage 0(3) FormatType(02)
potential backfill mod_dst_mac_t_0 before tbl_p_tqm486
stage 0, work: [ 1979286, 1979491, 1988568, 1988842 ], partly placed 0, placed 4
    { id=1 ram=1 tcam=0 mram=0 eixb=2 tixb=0 malu=0 salu=0 }
  Group table: tbl_recirc
  Group table: cond-6
tbl_recirc is not a gateway! Aborting search for merge choices
try_place_table(tbl_recirc, stage=0)
  Initial stage is 0, initial entries is 1
  Selected stage: 0    Furthest stage: 1
  try_place_table returning 1 of tbl_recirc in stage 0
    Pl vector: [ tbl_recirc ]
  - skipping cond-6 because it depends on tbl_recirc
    - removing tbl_set_drop_prob from merge list because it depends on tbl_recirc
    - removing tbl_drop from merge list because it depends on tbl_recirc
    - skipping gateway cond-6 until mergeable tables are available
  Group table: forward_t_0
  Group table: tbl_set_p4_header
  Group table: tbl_get_drop_prob
  Group table: tbl_get_rndnum
  Group table: tbl_get_diff
  Group table: cond-7
    - skipping forward_t_0 as its already done
tbl_set_p4_header is not a gateway! Aborting search for merge choices
try_place_table(tbl_set_p4_header, stage=0)
  Initial stage is 0, initial entries is 1
  Selected stage: 0    Furthest stage: 1
  try_place_table returning 1 of tbl_set_p4_header in stage 0
    Pl vector: [ tbl_set_p4_header ]
tbl_get_drop_prob is not a gateway! Aborting search for merge choices
try_place_table(tbl_get_drop_prob, stage=0)
  - dependency between forward_t_0 and table advances stage
  Initial stage is 1, initial entries is 1
  Selected stage: 1    Furthest stage: 1
  try_place_table returning 1 of tbl_get_drop_prob in stage 1 (need more)
    Pl vector: [ tbl_get_drop_prob ]
    - skipping tbl_get_rndnum as its already done
  - skipping tbl_get_diff due to in-sequence control dependence on tbl_get_drop_prob
  - skipping cond-7 due to in-sequence control dependence on tbl_get_drop_prob
  Group table: tbl_p_tqm486
  Group table: tbl_get_qdepth
  Group table: tbl_mag_qdepth
  Group table: map_qdepth_to_prob_t_0
    - skipping tbl_p_tqm486 as its already done
tbl_get_qdepth is not a gateway! Aborting search for merge choices
try_place_table(tbl_get_qdepth, stage=0)
  - dependency between tbl_mod_header and tbl_set_qdepth advances stage
  Initial stage is 1, initial entries is 1
  Selected stage: 1    Furthest stage: 1
  try_place_table returning 1 of tbl_get_qdepth in stage 1 (need more)
    Pl vector: [ tbl_get_qdepth ]
  - skipping tbl_mag_qdepth due to in-sequence control dependence on tbl_get_qdepth
  - skipping map_qdepth_to_prob_t_0 due to in-sequence control dependence on tbl_get_qdepth
  Group table: tbl_get_weighted_qdepth
  Group table: tbl_set_qdepth
tbl_get_weighted_qdepth is not a gateway! Aborting search for merge choices
try_place_table(tbl_get_weighted_qdepth, stage=0)
  - dependency between tbl_mod_header and table advances stage
  Initial stage is 1, initial entries is 1
  Selected stage: 1    Furthest stage: 1
  try_place_table returning 1 of tbl_get_weighted_qdepth in stage 1
    Pl vector: [ tbl_get_weighted_qdepth ]
  - skipping tbl_set_qdepth due to in-sequence control dependence on tbl_get_weighted_qdepth
found 5 tables that could be placed: [ tbl_recirc, tbl_set_p4_header, tbl_get_drop_prob, tbl_get_qdepth, tbl_get_weighted_qdepth ]
Initial best is first table seen: tbl_recirc
For trial t : tbl_set_p4_header with best: tbl_recirc
    Keeping best tbl_recirc for reason: longer downward prop control-included dependence tail chain
For trial t : tbl_get_drop_prob with best: tbl_recirc
    Keeping best tbl_recirc for reason: earlier stage calculated
For trial t : tbl_get_qdepth with best: tbl_recirc
    Keeping best tbl_recirc for reason: earlier stage calculated
For trial t : tbl_get_weighted_qdepth with best: tbl_recirc
    Keeping best tbl_recirc for reason: earlier stage calculated
placing 1 entries of tbl_recirc in stage 0(4) FormatType(02)
stage 0, work: [ 1979286, 1979491, 1988568, 1988842 ], partly placed 0, placed 5
    { id=1 ram=1 tcam=0 mram=0 eixb=2 tixb=0 malu=0 salu=0 }
  Group table: tbl_recirc
  Group table: cond-6
    - skipping tbl_recirc as its already done
try_place_table(cond-6, stage=0)
  Merging with match table tbl_set_drop_prob
  - dependency between tbl_recirc and table advances stage
  Initial stage is 1, initial entries is 1
  Selected stage: 1    Furthest stage: 1
  try_place_table returning 1 of tbl_set_drop_prob in stage 1 (need more)
  Merging with match table tbl_drop
  Initial stage is 0, initial entries is 1
  Selected stage: 0    Furthest stage: 1
  try_place_table returning 1 of tbl_drop in stage 0
    Pl vector: [ tbl_set_drop_prob, tbl_drop ]
  Group table: forward_t_0
  Group table: tbl_set_p4_header
  Group table: tbl_get_drop_prob
  Group table: tbl_get_rndnum
  Group table: tbl_get_diff
  Group table: cond-7
    - skipping forward_t_0 as its already done
tbl_set_p4_header is not a gateway! Aborting search for merge choices
try_place_table(tbl_set_p4_header, stage=0)
  Initial stage is 0, initial entries is 1
  Selected stage: 0    Furthest stage: 1
  try_place_table returning 1 of tbl_set_p4_header in stage 0
    Pl vector: [ tbl_set_p4_header ]
tbl_get_drop_prob is not a gateway! Aborting search for merge choices
try_place_table(tbl_get_drop_prob, stage=0)
  - dependency between tbl_recirc and tbl_set_drop_prob advances stage
  Initial stage is 1, initial entries is 1
  Selected stage: 1    Furthest stage: 1
  try_place_table returning 1 of tbl_get_drop_prob in stage 1 (need more)
    Pl vector: [ tbl_get_drop_prob ]
    - skipping tbl_get_rndnum as its already done
  - skipping tbl_get_diff due to in-sequence control dependence on tbl_get_drop_prob
  - skipping cond-7 due to in-sequence control dependence on tbl_get_drop_prob
  Group table: tbl_p_tqm486
  Group table: tbl_get_qdepth
  Group table: tbl_mag_qdepth
  Group table: map_qdepth_to_prob_t_0
    - skipping tbl_p_tqm486 as its already done
tbl_get_qdepth is not a gateway! Aborting search for merge choices
try_place_table(tbl_get_qdepth, stage=0)
  - dependency between tbl_mod_header and tbl_set_qdepth advances stage
  Initial stage is 1, initial entries is 1
  Selected stage: 1    Furthest stage: 1
  try_place_table returning 1 of tbl_get_qdepth in stage 1 (need more)
    Pl vector: [ tbl_get_qdepth ]
  - skipping tbl_mag_qdepth due to in-sequence control dependence on tbl_get_qdepth
  - skipping map_qdepth_to_prob_t_0 due to in-sequence control dependence on tbl_get_qdepth
  Group table: tbl_get_weighted_qdepth
  Group table: tbl_set_qdepth
tbl_get_weighted_qdepth is not a gateway! Aborting search for merge choices
try_place_table(tbl_get_weighted_qdepth, stage=0)
  - dependency between tbl_mod_header and table advances stage
  Initial stage is 1, initial entries is 1
  Selected stage: 1    Furthest stage: 1
  try_place_table returning 1 of tbl_get_weighted_qdepth in stage 1
    Pl vector: [ tbl_get_weighted_qdepth ]
  - skipping tbl_set_qdepth due to in-sequence control dependence on tbl_get_weighted_qdepth
found 6 tables that could be placed: [ tbl_set_drop_prob, tbl_drop, tbl_set_p4_header, tbl_get_drop_prob, tbl_get_qdepth, tbl_get_weighted_qdepth ]
Initial best is first table seen: tbl_set_drop_prob
For trial t : tbl_drop with best: tbl_set_drop_prob
    Updating best to tbl_drop from tbl_set_drop_prob for reason: earlier stage calculated
For trial t : tbl_set_p4_header with best: tbl_drop
    Updating best to tbl_set_p4_header from tbl_drop for reason: control dom set is placeable in this stage
For trial t : tbl_get_drop_prob with best: tbl_set_p4_header
    Keeping best tbl_set_p4_header for reason: earlier stage calculated
For trial t : tbl_get_qdepth with best: tbl_set_p4_header
    Keeping best tbl_set_p4_header for reason: earlier stage calculated
For trial t : tbl_get_weighted_qdepth with best: tbl_set_p4_header
    Keeping best tbl_set_p4_header for reason: earlier stage calculated
placing 1 entries of tbl_set_p4_header in stage 0(5) FormatType(02)
stage 0, work: [ 1979286, 1979491, 1988568, 1988842 ], partly placed 0, placed 6
    { id=1 ram=1 tcam=0 mram=0 eixb=2 tixb=0 malu=0 salu=0 }
  Group table: tbl_recirc
  Group table: cond-6
    - skipping tbl_recirc as its already done
try_place_table(cond-6, stage=0)
  Merging with match table tbl_set_drop_prob
  - dependency between tbl_recirc and table advances stage
  Initial stage is 1, initial entries is 1
  Selected stage: 1    Furthest stage: 1
  try_place_table returning 1 of tbl_set_drop_prob in stage 1 (need more)
  Merging with match table tbl_drop
  Initial stage is 0, initial entries is 1
  Selected stage: 0    Furthest stage: 1
  try_place_table returning 1 of tbl_drop in stage 0
    Pl vector: [ tbl_set_drop_prob, tbl_drop ]
  Group table: forward_t_0
  Group table: tbl_set_p4_header
  Group table: tbl_get_drop_prob
  Group table: tbl_get_rndnum
  Group table: tbl_get_diff
  Group table: cond-7
    - skipping forward_t_0 as its already done
    - skipping tbl_set_p4_header as its already done
tbl_get_drop_prob is not a gateway! Aborting search for merge choices
try_place_table(tbl_get_drop_prob, stage=0)
  - dependency between tbl_recirc and tbl_set_drop_prob advances stage
  Initial stage is 1, initial entries is 1
  Selected stage: 1    Furthest stage: 1
  try_place_table returning 1 of tbl_get_drop_prob in stage 1 (need more)
    Pl vector: [ tbl_get_drop_prob ]
    - skipping tbl_get_rndnum as its already done
  - skipping tbl_get_diff due to in-sequence control dependence on tbl_get_drop_prob
  - skipping cond-7 due to in-sequence control dependence on tbl_get_drop_prob
  Group table: tbl_p_tqm486
  Group table: tbl_get_qdepth
  Group table: tbl_mag_qdepth
  Group table: map_qdepth_to_prob_t_0
    - skipping tbl_p_tqm486 as its already done
tbl_get_qdepth is not a gateway! Aborting search for merge choices
try_place_table(tbl_get_qdepth, stage=0)
  - dependency between tbl_mod_header and tbl_set_qdepth advances stage
  Initial stage is 1, initial entries is 1
  Selected stage: 1    Furthest stage: 1
  try_place_table returning 1 of tbl_get_qdepth in stage 1 (need more)
    Pl vector: [ tbl_get_qdepth ]
  - skipping tbl_mag_qdepth due to in-sequence control dependence on tbl_get_qdepth
  - skipping map_qdepth_to_prob_t_0 due to in-sequence control dependence on tbl_get_qdepth
  Group table: tbl_get_weighted_qdepth
  Group table: tbl_set_qdepth
tbl_get_weighted_qdepth is not a gateway! Aborting search for merge choices
try_place_table(tbl_get_weighted_qdepth, stage=0)
  - dependency between tbl_mod_header and table advances stage
  Initial stage is 1, initial entries is 1
  Selected stage: 1    Furthest stage: 1
  try_place_table returning 1 of tbl_get_weighted_qdepth in stage 1
    Pl vector: [ tbl_get_weighted_qdepth ]
  - skipping tbl_set_qdepth due to in-sequence control dependence on tbl_get_weighted_qdepth
found 5 tables that could be placed: [ tbl_set_drop_prob, tbl_drop, tbl_get_drop_prob, tbl_get_qdepth, tbl_get_weighted_qdepth ]
Initial best is first table seen: tbl_set_drop_prob
For trial t : tbl_drop with best: tbl_set_drop_prob
    Updating best to tbl_drop from tbl_set_drop_prob for reason: earlier stage calculated
For trial t : tbl_get_drop_prob with best: tbl_drop
    Keeping best tbl_drop for reason: earlier stage calculated
For trial t : tbl_get_qdepth with best: tbl_drop
    Keeping best tbl_drop for reason: earlier stage calculated
For trial t : tbl_get_weighted_qdepth with best: tbl_drop
    Keeping best tbl_drop for reason: earlier stage calculated
placing 1 entries of tbl_drop (with gw cond-6) in stage 0(6) FormatType(02)
stage 0, work: [ 1979491, 1988568, 1988842, 1979361 ], partly placed 0, placed 7
    { id=1 ram=1 tcam=0 mram=0 eixb=2 tixb=0 malu=0 salu=0 }
  Group table: forward_t_0
  Group table: tbl_set_p4_header
  Group table: tbl_get_drop_prob
  Group table: tbl_get_rndnum
  Group table: tbl_get_diff
  Group table: cond-7
    - skipping forward_t_0 as its already done
    - skipping tbl_set_p4_header as its already done
tbl_get_drop_prob is not a gateway! Aborting search for merge choices
try_place_table(tbl_get_drop_prob, stage=0)
  - dependency between tbl_recirc and tbl_set_drop_prob advances stage
  Initial stage is 1, initial entries is 1
  Selected stage: 1    Furthest stage: 1
  try_place_table returning 1 of tbl_get_drop_prob in stage 1 (need more)
    Pl vector: [ tbl_get_drop_prob ]
    - skipping tbl_get_rndnum as its already done
  - skipping tbl_get_diff due to in-sequence control dependence on tbl_get_drop_prob
  - skipping cond-7 due to in-sequence control dependence on tbl_get_drop_prob
  Group table: tbl_p_tqm486
  Group table: tbl_get_qdepth
  Group table: tbl_mag_qdepth
  Group table: map_qdepth_to_prob_t_0
    - skipping tbl_p_tqm486 as its already done
tbl_get_qdepth is not a gateway! Aborting search for merge choices
try_place_table(tbl_get_qdepth, stage=0)
  - dependency between tbl_mod_header and tbl_set_qdepth advances stage
  Initial stage is 1, initial entries is 1
  Selected stage: 1    Furthest stage: 1
  try_place_table returning 1 of tbl_get_qdepth in stage 1 (need more)
    Pl vector: [ tbl_get_qdepth ]
  - skipping tbl_mag_qdepth due to in-sequence control dependence on tbl_get_qdepth
  - skipping map_qdepth_to_prob_t_0 due to in-sequence control dependence on tbl_get_qdepth
  Group table: tbl_get_weighted_qdepth
  Group table: tbl_set_qdepth
tbl_get_weighted_qdepth is not a gateway! Aborting search for merge choices
try_place_table(tbl_get_weighted_qdepth, stage=0)
  - dependency between tbl_mod_header and table advances stage
  Initial stage is 1, initial entries is 1
  Selected stage: 1    Furthest stage: 1
  try_place_table returning 1 of tbl_get_weighted_qdepth in stage 1
    Pl vector: [ tbl_get_weighted_qdepth ]
  - skipping tbl_set_qdepth due to in-sequence control dependence on tbl_get_weighted_qdepth
  Group table: tbl_set_drop_prob
  Group table: tbl_drop
tbl_set_drop_prob is not a gateway! Aborting search for merge choices
try_place_table(tbl_set_drop_prob, stage=0)
  - dependency between tbl_recirc and table advances stage
  Initial stage is 1, initial entries is 1
  Selected stage: 1    Furthest stage: 1
  try_place_table returning 1 of tbl_set_drop_prob in stage 1 (need more)
    Pl vector: [ tbl_set_drop_prob ]
    - skipping tbl_drop as its already done
found 4 tables that could be placed: [ tbl_get_drop_prob, tbl_get_qdepth, tbl_get_weighted_qdepth, tbl_set_drop_prob ]
Initial best is first table seen: tbl_get_drop_prob
For trial t : tbl_get_qdepth with best: tbl_get_drop_prob
    Updating best to tbl_get_qdepth from tbl_get_drop_prob for reason: default choice
For trial t : tbl_get_weighted_qdepth with best: tbl_get_qdepth
    Keeping best tbl_get_qdepth for reason: longer downward prop control-included dependence tail chain
For trial t : tbl_set_drop_prob with best: tbl_get_qdepth
    Keeping best tbl_get_qdepth for reason: longer downward prop control-included dependence tail chain
try to backfill mod_dst_mac_t_0 before tbl_p_tqm486
placing 1 entries of tbl_get_qdepth in stage 1(10) FormatType(042) (need more)
stage 1, work: [ 1979491, 1988568, 1988842, 1979361 ], partly placed 1, placed 8
    { id=0 ram=0 tcam=0 mram=0 eixb=0 tixb=0 malu=0 salu=0 }
  Group table: forward_t_0
  Group table: tbl_set_p4_header
  Group table: tbl_get_drop_prob
  Group table: tbl_get_rndnum
  Group table: tbl_get_diff
  Group table: cond-7
    - skipping forward_t_0 as its already done
    - skipping tbl_set_p4_header as its already done
tbl_get_drop_prob is not a gateway! Aborting search for merge choices
try_place_table(tbl_get_drop_prob, stage=1)
  Initial stage is 1, initial entries is 1
  Selected stage: 1    Furthest stage: 2
  try_place_table returning 1 of tbl_get_drop_prob in stage 1 (need more)
    Pl vector: [ tbl_get_drop_prob ]
    - skipping tbl_get_rndnum as its already done
  - skipping tbl_get_diff due to in-sequence control dependence on tbl_get_drop_prob
  - skipping cond-7 due to in-sequence control dependence on tbl_get_drop_prob
  Group table: tbl_p_tqm486
  Group table: tbl_get_qdepth
  Group table: tbl_mag_qdepth
  Group table: map_qdepth_to_prob_t_0
    - skipping tbl_p_tqm486 as its already done
tbl_get_qdepth is not a gateway! Aborting search for merge choices
try_place_table(tbl_get_qdepth, stage=1)
  Cannot place multiple sections of an individual table in the same stage
    Pl vector: []
  - skipping tbl_mag_qdepth due to in-sequence control dependence on tbl_get_qdepth
  - skipping map_qdepth_to_prob_t_0 due to in-sequence control dependence on tbl_get_qdepth
  Group table: tbl_get_weighted_qdepth
  Group table: tbl_set_qdepth
tbl_get_weighted_qdepth is not a gateway! Aborting search for merge choices
try_place_table(tbl_get_weighted_qdepth, stage=1)
  Initial stage is 1, initial entries is 1
  Selected stage: 1    Furthest stage: 2
  try_place_table returning 1 of tbl_get_weighted_qdepth in stage 1
    Pl vector: [ tbl_get_weighted_qdepth ]
  - skipping tbl_set_qdepth due to in-sequence control dependence on tbl_get_weighted_qdepth
  Group table: tbl_set_drop_prob
  Group table: tbl_drop
tbl_set_drop_prob is not a gateway! Aborting search for merge choices
try_place_table(tbl_set_drop_prob, stage=1)
  Initial stage is 1, initial entries is 1
  Selected stage: 1    Furthest stage: 2
  try_place_table returning 1 of tbl_set_drop_prob in stage 1 (need more)
    Pl vector: [ tbl_set_drop_prob ]
    - skipping tbl_drop as its already done
found 3 tables that could be placed: [ tbl_get_drop_prob, tbl_get_weighted_qdepth, tbl_set_drop_prob ]
Initial best is first table seen: tbl_get_drop_prob
For trial t : tbl_get_weighted_qdepth with best: tbl_get_drop_prob
    Keeping best tbl_get_drop_prob for reason: longer downward prop control-included dependence tail chain
For trial t : tbl_set_drop_prob with best: tbl_get_drop_prob
    Keeping best tbl_get_drop_prob for reason: longer downward prop control-included dependence tail chain
placing 1 entries of tbl_get_drop_prob in stage 1(11) FormatType(042) (need more)
stage 1, work: [ 1979491, 1988568, 1988842, 1979361 ], partly placed 2, placed 9
    { id=0 ram=0 tcam=0 mram=0 eixb=0 tixb=0 malu=0 salu=0 }
  Group table: forward_t_0
  Group table: tbl_set_p4_header
  Group table: tbl_get_drop_prob
  Group table: tbl_get_rndnum
  Group table: tbl_get_diff
  Group table: cond-7
    - skipping forward_t_0 as its already done
    - skipping tbl_set_p4_header as its already done
tbl_get_drop_prob is not a gateway! Aborting search for merge choices
try_place_table(tbl_get_drop_prob, stage=1)
  Cannot place multiple sections of an individual table in the same stage
    Pl vector: []
    - skipping tbl_get_rndnum as its already done
  - skipping tbl_get_diff due to in-sequence control dependence on tbl_get_drop_prob
  - skipping cond-7 due to in-sequence control dependence on tbl_get_drop_prob
  Group table: tbl_p_tqm486
  Group table: tbl_get_qdepth
  Group table: tbl_mag_qdepth
  Group table: map_qdepth_to_prob_t_0
    - skipping tbl_p_tqm486 as its already done
tbl_get_qdepth is not a gateway! Aborting search for merge choices
try_place_table(tbl_get_qdepth, stage=1)
  Cannot place multiple sections of an individual table in the same stage
    Pl vector: []
  - skipping tbl_mag_qdepth due to in-sequence control dependence on tbl_get_qdepth
  - skipping map_qdepth_to_prob_t_0 due to in-sequence control dependence on tbl_get_qdepth
  Group table: tbl_get_weighted_qdepth
  Group table: tbl_set_qdepth
tbl_get_weighted_qdepth is not a gateway! Aborting search for merge choices
try_place_table(tbl_get_weighted_qdepth, stage=1)
  Initial stage is 1, initial entries is 1
  Selected stage: 1    Furthest stage: 2
  try_place_table returning 1 of tbl_get_weighted_qdepth in stage 1
    Pl vector: [ tbl_get_weighted_qdepth ]
  - skipping tbl_set_qdepth due to in-sequence control dependence on tbl_get_weighted_qdepth
  Group table: tbl_set_drop_prob
  Group table: tbl_drop
tbl_set_drop_prob is not a gateway! Aborting search for merge choices
try_place_table(tbl_set_drop_prob, stage=1)
    tbl_get_drop_prob is now also placed (1)
  Initial stage is 1, initial entries is 1
  Selected stage: 1    Furthest stage: 2
  try_place_table returning 1 of tbl_set_drop_prob in stage 1
    Pl vector: [ tbl_set_drop_prob ]
    - skipping tbl_drop as its already done
found 2 tables that could be placed: [ tbl_get_weighted_qdepth, tbl_set_drop_prob ]
Initial best is first table seen: tbl_get_weighted_qdepth
For trial t : tbl_set_drop_prob with best: tbl_get_weighted_qdepth
    Updating best to tbl_set_drop_prob from tbl_get_weighted_qdepth for reason: completes more shared tables
placing 1 entries of tbl_set_drop_prob in stage 1(12) FormatType(022)
stage 1, work: [ 1979491, 1988568, 1988842 ], partly placed 1, placed 10
    { id=0 ram=0 tcam=0 mram=0 eixb=0 tixb=0 malu=0 salu=0 }
  Group table: forward_t_0
  Group table: tbl_set_p4_header
  Group table: tbl_get_drop_prob
  Group table: tbl_get_rndnum
  Group table: tbl_get_diff
  Group table: cond-7
    - skipping forward_t_0 as its already done
    - skipping tbl_set_p4_header as its already done
    - skipping tbl_get_drop_prob as its already done
    - skipping tbl_get_rndnum as its already done
tbl_get_diff is not a gateway! Aborting search for merge choices
try_place_table(tbl_get_diff, stage=1)
  - dependency between tbl_get_drop_prob and table advances stage
  Initial stage is 2, initial entries is 1
  Selected stage: 2    Furthest stage: 2
  try_place_table returning 1 of tbl_get_diff in stage 2
    Pl vector: [ tbl_get_diff ]
  - skipping cond-7 due to in-sequence control dependence on tbl_get_diff
  Group table: tbl_p_tqm486
  Group table: tbl_get_qdepth
  Group table: tbl_mag_qdepth
  Group table: map_qdepth_to_prob_t_0
    - skipping tbl_p_tqm486 as its already done
tbl_get_qdepth is not a gateway! Aborting search for merge choices
try_place_table(tbl_get_qdepth, stage=1)
  Cannot place multiple sections of an individual table in the same stage
    Pl vector: []
  - skipping tbl_mag_qdepth due to in-sequence control dependence on tbl_get_qdepth
  - skipping map_qdepth_to_prob_t_0 due to in-sequence control dependence on tbl_get_qdepth
  Group table: tbl_get_weighted_qdepth
  Group table: tbl_set_qdepth
tbl_get_weighted_qdepth is not a gateway! Aborting search for merge choices
try_place_table(tbl_get_weighted_qdepth, stage=1)
  Initial stage is 1, initial entries is 1
  Selected stage: 1    Furthest stage: 2
  try_place_table returning 1 of tbl_get_weighted_qdepth in stage 1
    Pl vector: [ tbl_get_weighted_qdepth ]
  - skipping tbl_set_qdepth due to in-sequence control dependence on tbl_get_weighted_qdepth
found 2 tables that could be placed: [ tbl_get_diff, tbl_get_weighted_qdepth ]
Initial best is first table seen: tbl_get_diff
For trial t : tbl_get_weighted_qdepth with best: tbl_get_diff
    Updating best to tbl_get_weighted_qdepth from tbl_get_diff for reason: earlier stage calculated
placing 1 entries of tbl_get_weighted_qdepth in stage 1(13) FormatType(02)
stage 1, work: [ 1979491, 1988568, 1988842 ], partly placed 1, placed 11
    { id=0 ram=0 tcam=0 mram=0 eixb=0 tixb=0 malu=0 salu=0 }
  Group table: forward_t_0
  Group table: tbl_set_p4_header
  Group table: tbl_get_drop_prob
  Group table: tbl_get_rndnum
  Group table: tbl_get_diff
  Group table: cond-7
    - skipping forward_t_0 as its already done
    - skipping tbl_set_p4_header as its already done
    - skipping tbl_get_drop_prob as its already done
    - skipping tbl_get_rndnum as its already done
tbl_get_diff is not a gateway! Aborting search for merge choices
try_place_table(tbl_get_diff, stage=1)
  - dependency between tbl_get_drop_prob and table advances stage
  Initial stage is 2, initial entries is 1
  Selected stage: 2    Furthest stage: 2
  try_place_table returning 1 of tbl_get_diff in stage 2
    Pl vector: [ tbl_get_diff ]
  - skipping cond-7 due to in-sequence control dependence on tbl_get_diff
  Group table: tbl_p_tqm486
  Group table: tbl_get_qdepth
  Group table: tbl_mag_qdepth
  Group table: map_qdepth_to_prob_t_0
    - skipping tbl_p_tqm486 as its already done
tbl_get_qdepth is not a gateway! Aborting search for merge choices
try_place_table(tbl_get_qdepth, stage=1)
  - dependency between tbl_get_weighted_qdepth and tbl_set_qdepth advances stage
    Pl vector: []
  - skipping tbl_mag_qdepth due to in-sequence control dependence on tbl_get_qdepth
  - skipping map_qdepth_to_prob_t_0 due to in-sequence control dependence on tbl_get_qdepth
  Group table: tbl_get_weighted_qdepth
  Group table: tbl_set_qdepth
    - skipping tbl_get_weighted_qdepth as its already done
tbl_set_qdepth is not a gateway! Aborting search for merge choices
try_place_table(tbl_set_qdepth, stage=1)
  - dependency between tbl_get_weighted_qdepth and table advances stage
  Initial stage is 2, initial entries is 1
  Selected stage: 2    Furthest stage: 2
  try_place_table returning 1 of tbl_set_qdepth in stage 2
    Pl vector: [ tbl_set_qdepth ]
found 2 tables that could be placed: [ tbl_get_diff, tbl_set_qdepth ]
Initial best is first table seen: tbl_get_diff
For trial t : tbl_set_qdepth with best: tbl_get_diff
    Keeping best tbl_get_diff for reason: longer downward prop control-included dependence tail chain
placing 1 entries of tbl_get_diff in stage 2(20) FormatType(02)
stage 2, work: [ 1979491, 1988568, 1988842 ], partly placed 1, placed 12
    { id=0 ram=0 tcam=0 mram=0 eixb=0 tixb=0 malu=0 salu=0 }
  Group table: forward_t_0
  Group table: tbl_set_p4_header
  Group table: tbl_get_drop_prob
  Group table: tbl_get_rndnum
  Group table: tbl_get_diff
  Group table: cond-7
    - skipping forward_t_0 as its already done
    - skipping tbl_set_p4_header as its already done
    - skipping tbl_get_drop_prob as its already done
    - skipping tbl_get_rndnum as its already done
    - skipping tbl_get_diff as its already done
try_place_table(cond-7, stage=2)
  Merging with match table tbl_drop_0
  - dependency between tbl_get_diff and table advances stage
  Initial stage is 3, initial entries is 1
  Selected stage: 3    Furthest stage: 3
  try_place_table returning 1 of tbl_drop_0 in stage 3
    Pl vector: [ tbl_drop_0 ]
  Group table: tbl_p_tqm486
  Group table: tbl_get_qdepth
  Group table: tbl_mag_qdepth
  Group table: map_qdepth_to_prob_t_0
    - skipping tbl_p_tqm486 as its already done
tbl_get_qdepth is not a gateway! Aborting search for merge choices
try_place_table(tbl_get_qdepth, stage=2)
    Pl vector: []
  - skipping tbl_mag_qdepth due to in-sequence control dependence on tbl_get_qdepth
  - skipping map_qdepth_to_prob_t_0 due to in-sequence control dependence on tbl_get_qdepth
  Group table: tbl_get_weighted_qdepth
  Group table: tbl_set_qdepth
    - skipping tbl_get_weighted_qdepth as its already done
tbl_set_qdepth is not a gateway! Aborting search for merge choices
try_place_table(tbl_set_qdepth, stage=2)
  Initial stage is 2, initial entries is 1
  Selected stage: 2    Furthest stage: 3
  try_place_table returning 1 of tbl_set_qdepth in stage 2
    Pl vector: [ tbl_set_qdepth ]
found 2 tables that could be placed: [ tbl_drop_0, tbl_set_qdepth ]
Initial best is first table seen: tbl_drop_0
For trial t : tbl_set_qdepth with best: tbl_drop_0
    Updating best to tbl_set_qdepth from tbl_drop_0 for reason: earlier stage calculated
placing 1 entries of tbl_set_qdepth in stage 2(21) FormatType(022)
stage 2, work: [ 1979491, 1988568 ], partly placed 1, placed 13
    { id=0 ram=0 tcam=0 mram=0 eixb=0 tixb=0 malu=0 salu=0 }
  Group table: forward_t_0
  Group table: tbl_set_p4_header
  Group table: tbl_get_drop_prob
  Group table: tbl_get_rndnum
  Group table: tbl_get_diff
  Group table: cond-7
    - skipping forward_t_0 as its already done
    - skipping tbl_set_p4_header as its already done
    - skipping tbl_get_drop_prob as its already done
    - skipping tbl_get_rndnum as its already done
    - skipping tbl_get_diff as its already done
try_place_table(cond-7, stage=2)
  Merging with match table tbl_drop_0
  - dependency between tbl_get_diff and table advances stage
  Initial stage is 3, initial entries is 1
  Selected stage: 3    Furthest stage: 3
  try_place_table returning 1 of tbl_drop_0 in stage 3
    Pl vector: [ tbl_drop_0 ]
  Group table: tbl_p_tqm486
  Group table: tbl_get_qdepth
  Group table: tbl_mag_qdepth
  Group table: map_qdepth_to_prob_t_0
    - skipping tbl_p_tqm486 as its already done
tbl_get_qdepth is not a gateway! Aborting search for merge choices
try_place_table(tbl_get_qdepth, stage=2)
  Initial stage is 2, initial entries is 0
  Selected stage: 2    Furthest stage: 3
  try_place_table returning 0 of tbl_get_qdepth in stage 2
    Pl vector: [ tbl_get_qdepth ]
  - skipping tbl_mag_qdepth due to in-sequence control dependence on tbl_get_qdepth
  - skipping map_qdepth_to_prob_t_0 due to in-sequence control dependence on tbl_get_qdepth
found 2 tables that could be placed: [ tbl_drop_0, tbl_get_qdepth ]
Initial best is first table seen: tbl_drop_0
For trial t : tbl_get_qdepth with best: tbl_drop_0
    Updating best to tbl_get_qdepth from tbl_drop_0 for reason: earlier stage calculated
placing 0 entries of tbl_get_qdepth in stage 2(22) FormatType(021)
stage 2, work: [ 1979491, 1988568 ], partly placed 0, placed 14
    { id=0 ram=0 tcam=0 mram=0 eixb=0 tixb=0 malu=0 salu=0 }
  Group table: forward_t_0
  Group table: tbl_set_p4_header
  Group table: tbl_get_drop_prob
  Group table: tbl_get_rndnum
  Group table: tbl_get_diff
  Group table: cond-7
    - skipping forward_t_0 as its already done
    - skipping tbl_set_p4_header as its already done
    - skipping tbl_get_drop_prob as its already done
    - skipping tbl_get_rndnum as its already done
    - skipping tbl_get_diff as its already done
try_place_table(cond-7, stage=2)
  Merging with match table tbl_drop_0
  - dependency between tbl_get_diff and table advances stage
  Initial stage is 3, initial entries is 1
  Selected stage: 3    Furthest stage: 3
  try_place_table returning 1 of tbl_drop_0 in stage 3
    Pl vector: [ tbl_drop_0 ]
  Group table: tbl_p_tqm486
  Group table: tbl_get_qdepth
  Group table: tbl_mag_qdepth
  Group table: map_qdepth_to_prob_t_0
    - skipping tbl_p_tqm486 as its already done
    - skipping tbl_get_qdepth as its already done
tbl_mag_qdepth is not a gateway! Aborting search for merge choices
try_place_table(tbl_mag_qdepth, stage=2)
  - dependency between tbl_get_qdepth and table advances stage
  Initial stage is 3, initial entries is 1
  Selected stage: 3    Furthest stage: 3
  try_place_table returning 1 of tbl_mag_qdepth in stage 3
    Pl vector: [ tbl_mag_qdepth ]
  - skipping map_qdepth_to_prob_t_0 due to in-sequence control dependence on tbl_mag_qdepth
found 2 tables that could be placed: [ tbl_drop_0, tbl_mag_qdepth ]
Initial best is first table seen: tbl_drop_0
For trial t : tbl_mag_qdepth with best: tbl_drop_0
    Updating best to tbl_mag_qdepth from tbl_drop_0 for reason: longer downward prop control-included dependence tail chain
placing 1 entries of tbl_mag_qdepth in stage 3(30) FormatType(02)
stage 3, work: [ 1979491, 1988568 ], partly placed 0, placed 15
    { id=0 ram=0 tcam=0 mram=0 eixb=0 tixb=0 malu=0 salu=0 }
  Group table: forward_t_0
  Group table: tbl_set_p4_header
  Group table: tbl_get_drop_prob
  Group table: tbl_get_rndnum
  Group table: tbl_get_diff
  Group table: cond-7
    - skipping forward_t_0 as its already done
    - skipping tbl_set_p4_header as its already done
    - skipping tbl_get_drop_prob as its already done
    - skipping tbl_get_rndnum as its already done
    - skipping tbl_get_diff as its already done
try_place_table(cond-7, stage=3)
  Merging with match table tbl_drop_0
  Initial stage is 3, initial entries is 1
  Selected stage: 3    Furthest stage: 4
  try_place_table returning 1 of tbl_drop_0 in stage 3
    Pl vector: [ tbl_drop_0 ]
  Group table: tbl_p_tqm486
  Group table: tbl_get_qdepth
  Group table: tbl_mag_qdepth
  Group table: map_qdepth_to_prob_t_0
    - skipping tbl_p_tqm486 as its already done
    - skipping tbl_get_qdepth as its already done
    - skipping tbl_mag_qdepth as its already done
map_qdepth_to_prob_t_0 is not a gateway! Aborting search for merge choices
try_place_table(map_qdepth_to_prob_t_0, stage=3)
  - dependency between tbl_mag_qdepth and table advances stage
  Initial stage is 4, initial entries is 65536
  Selected stage: 4    Furthest stage: 4
  try_place_table returning 65536 of map_qdepth_to_prob_t_0 in stage 4
    Pl vector: [ map_qdepth_to_prob_t_0 ]
found 2 tables that could be placed: [ tbl_drop_0, map_qdepth_to_prob_t_0 ]
Initial best is first table seen: tbl_drop_0
For trial t : map_qdepth_to_prob_t_0 with best: tbl_drop_0
    Keeping best tbl_drop_0 for reason: earlier stage calculated
placing 1 entries of tbl_drop_0 (with gw cond-7) in stage 3(31) FormatType(02)
stage 3, work: [ 1988568 ], partly placed 0, placed 16
    { id=0 ram=0 tcam=0 mram=0 eixb=0 tixb=0 malu=0 salu=0 }
  Group table: tbl_p_tqm486
  Group table: tbl_get_qdepth
  Group table: tbl_mag_qdepth
  Group table: map_qdepth_to_prob_t_0
    - skipping tbl_p_tqm486 as its already done
    - skipping tbl_get_qdepth as its already done
    - skipping tbl_mag_qdepth as its already done
map_qdepth_to_prob_t_0 is not a gateway! Aborting search for merge choices
try_place_table(map_qdepth_to_prob_t_0, stage=3)
  - dependency between tbl_mag_qdepth and table advances stage
  Initial stage is 4, initial entries is 65536
  Selected stage: 4    Furthest stage: 4
  try_place_table returning 65536 of map_qdepth_to_prob_t_0 in stage 4
    Pl vector: [ map_qdepth_to_prob_t_0 ]
found 1 tables that could be placed: [ map_qdepth_to_prob_t_0 ]
Initial best is first table seen: map_qdepth_to_prob_t_0
placing 65536 entries of map_qdepth_to_prob_t_0 in stage 4(40) FormatType(02)
stage 4, work: [ 1988363 ], partly placed 0, placed 17
    { id=1 ram=16 tcam=0 mram=0 eixb=2 tixb=0 malu=0 salu=0 }
  Group table: tbl_mod_header
  Group table: mod_dst_mac_t_0
  Group table: cond-8
    - skipping tbl_mod_header as its already done
mod_dst_mac_t_0 is not a gateway! Aborting search for merge choices
try_place_table(mod_dst_mac_t_0, stage=4)
  Initial stage is 4, initial entries is 512
  Selected stage: 4    Furthest stage: 5
  try_place_table returning 1024 of mod_dst_mac_t_0 in stage 4
    Pl vector: [ mod_dst_mac_t_0 ]
    - skipping cond-8 as its already done
found 1 tables that could be placed: [ mod_dst_mac_t_0 ]
Initial best is first table seen: mod_dst_mac_t_0
placing 1024 entries of mod_dst_mac_t_0 in stage 4(41) FormatType(02)
Table placement placed 18 tables in 5 stages
  Table mod_dst_mac_t_0 logical id 0x41 entries=1024
  Table map_qdepth_to_prob_t_0 logical id 0x40 entries=65536
  Table tbl_drop_0 logical id 0x31 entries=1
  Gateway cond-7 is also logical id 0x31
  Table tbl_mag_qdepth logical id 0x30 entries=1
  Table tbl_get_qdepth logical id 0x22 entries=0
    attached table Egress.reg_qdepth entries=512
  Table tbl_set_qdepth logical id 0x21 entries=1
    attached table Egress.reg_qdepth entries=512
  Table tbl_get_diff logical id 0x20 entries=1
  Table tbl_get_weighted_qdepth logical id 0x13 entries=1
  Table tbl_set_drop_prob logical id 0x12 entries=1
    attached table Ingress.reg_drop_prob entries=512
  Table tbl_get_drop_prob logical id 0x11 entries=1
    attached table Ingress.reg_drop_prob entries=512
  Table tbl_get_qdepth logical id 0x10 entries=1
    attached table Egress.reg_qdepth entries=0 (need_more)
  Table tbl_drop logical id 0x6 entries=1
  Gateway cond-6 is also logical id 0x6
  Table tbl_set_p4_header logical id 0x5 entries=1
  Table tbl_recirc logical id 0x4 entries=1
  Table tbl_p_tqm486 logical id 0x3 entries=1
  Gateway cond-8 is also logical id 0x3
  Table tbl_mod_header logical id 0x2 entries=1
  Table tbl_get_rndnum logical id 0x1 entries=1
  Table forward_t_0 logical id 0x0 entries=1024
  Gateway cond-5 is also logical id 0x0
Finished table placement decisions pipe
folding gateway cond-5 onto forward_t_0
  Adding Ternary Indirect table to tbl_recirc
folding gateway cond-6 onto tbl_drop
  Adding Ternary Indirect table to tbl_drop
  Adding Ternary Indirect table to tbl_set_p4_header
  Adding Ternary Indirect table to tbl_get_diff
folding gateway cond-7 onto tbl_drop_0
  Adding Ternary Indirect table to tbl_drop_0
  Adding Ternary Indirect table to tbl_mod_header
  Adding Action Data Table to mod_dst_mac_t_0
folding gateway cond-8 onto tbl_p_tqm486
  Adding Ternary Indirect table to tbl_p_tqm486
  Adding Ternary Indirect table to tbl_get_weighted_qdepth
splitting tbl_get_qdepth across 2 stages
  Adding Ternary Indirect table to tbl_mag_qdepth
  Adding Action Data Table to map_qdepth_to_prob_t_0
table placement completed pipe
ingress: [1979281]
  0: forward_t_0(ingress::hdr.timer.$valid == 1; => $true, 1){ GE -1+10, 2 [1x1 1K] }
    $true: [1979286] 0
      4: tbl_recirc{ E 0+18, 4 0K }
      6: tbl_drop(ingress::hdr.timer.again == 1;, 1 => $false)
        $default: [1979361]
          12: tbl_set_drop_prob
            stateful Ingress.reg_drop_prob  512
        $false: [2128390]
    $default: [1979491] 0 00 000 0000
      1: tbl_get_rndnum
      5: tbl_set_p4_header
      11: tbl_get_drop_prob
        stateful Ingress.reg_drop_prob  512
      20: tbl_get_diff
      31: tbl_drop_0(ingress::meta.diff == 0;, 1 => $false)
        $false: [2128743]
egress: [1988363] 0 00
  2: tbl_mod_header
  3: tbl_p_tqm486(egress::hdr.timer.$valid == 1;, 1 => $false)
    $false: [1988842] 0
      13: tbl_get_weighted_qdepth
      21: tbl_set_qdepth
        stateful Egress.reg_qdepth  512
    $default: [1988568] 0 00 000
      10: tbl_get_qdepth
      22: tbl_get_qdepth
        stateful Egress.reg_qdepth  512
      30: tbl_mag_qdepth
      40: map_qdepth_to_prob_t_0{ E 6+0, 4 64K }
  41: mod_dst_mac_t_0{ E -1+32, 6 [1x1 1K] }

