+---------------------------------------------------------------------+
|  Log file: pa.characterize.log                                      |
|  Compiler version: 9.7.0                                            |
|  Created on: Sat Feb 10 18:30:52 2024                               |
|  Run ID: 586d36d7a21f26c0                                           |
+---------------------------------------------------------------------+

Program: n_tqm.p4

------------------------------------------------------------------------------------------------------------------------------------------
| Container |  Gress  |                    Name                   | Class |  | P | 0  | 1 | 2 | 3 | 4 | 5 | 6 | 7 | 8 | 9 | 10 | 11 | D |
------------------------------------------------------------------------------------------------------------------------------------------
|    phv0   | ingress |                                           |       |  |   |    |   |   |   |   |   |   |   |   |   |    |    |   |
|   [31:0]  | ingress |  ig_intr_md_from_prsr.global_tstamp[31:0] | imeta |  | W | ~  | R |   |   |   |   |   |   |   |   |    |    |   |
|    phv1   | ingress |                                           |       |  |   |    |   |   |   |   |   |   |   |   |   |    |    |   |
|   [31:0]  | ingress |         hdr.p4_header.delay[31:0]         |  pkt  |  | W | ~  | W | ~ | ~ | ~ | ~ | ~ | ~ | ~ | ~ | ~  | ~  | R |
|    phv2   | ingress |                                           |   SH  |  |   |    |   |   |   |   |   |   |   |   |   |    |    |   |
|   [31:25] | ingress |          hdr.p4_header.pad2[6:0]          |  pkt  |  | W | ~  | W | ~ | ~ | ~ | ~ | ~ | ~ | ~ | ~ | ~  | ~  | R |
|   [24:16] | ingress |       hdr.p4_header.egress_port[8:0]      |  pkt  |  | W | W  | ~ | ~ | ~ | ~ | ~ | ~ | ~ | ~ | ~ | ~  | ~  | R |
|   [15:0]  | ingress |       hdr.p4_header.drop_prob[15:0]       |  pkt  |  | W | ~  | W | ~ | ~ | ~ | ~ | ~ | ~ | ~ | ~ | ~  | ~  | R |
|    phv3   | ingress |                                           |       |  |   |    |   |   |   |   |   |   |   |   |   |    |    |   |
|   [31:0]  | ingress |         hdr.p4_header.depth[31:0]         |  pkt  |  | W | ~  | W | ~ | ~ | ~ | ~ | ~ | ~ | ~ | ~ | ~  | ~  | R |
|    phv4   |    -    |                                           |       |  |   |    |   |   |   |   |   |   |   |   |   |    |    |   |
|    phv5   |    -    |                                           |       |  |   |    |   |   |   |   |   |   |   |   |   |    |    |   |
|    phv6   |    -    |                                           |       |  |   |    |   |   |   |   |   |   |   |   |   |    |    |   |
|    phv7   |    -    |                                           |       |  |   |    |   |   |   |   |   |   |   |   |   |    |    |   |
|    phv8   |    -    |                                           |       |  |   |    |   |   |   |   |   |   |   |   |   |    |    |   |
|    phv9   |    -    |                                           |       |  |   |    |   |   |   |   |   |   |   |   |   |    |    |   |
|   phv10   |    -    |                                           |       |  |   |    |   |   |   |   |   |   |   |   |   |    |    |   |
|   phv11   |    -    |                                           |       |  |   |    |   |   |   |   |   |   |   |   |   |    |    |   |
|   phv12   |    -    |                                           |       |  |   |    |   |   |   |   |   |   |   |   |   |    |    |   |
|   phv13   |    -    |                                           |       |  |   |    |   |   |   |   |   |   |   |   |   |    |    |   |
|   phv14   |    -    |                                           |       |  |   |    |   |   |   |   |   |   |   |   |   |    |    |   |
|   phv15   |    -    |                                           |       |  |   |    |   |   |   |   |   |   |   |   |   |    |    |   |
|   phv16   |  egress |                                           | OL,SH |  |   |    |   |   |   |   |   |   |   |   |   |    |    |   |
|   [31:0]  |  egress |  eg_intr_md_from_prsr.global_tstamp[31:0] | imeta |  | W | R  |   |   |   |   |   |   |   |   |   |    |    |   |
|    [9:0]  |  egress |        meta.qdepth_for_match[15:6]        |  meta |  |   |    |   |   | W | R |   |   |   |   |   |    |    |   |
|   phv17   |  egress |                                           |       |  |   |    |   |   |   |   |   |   |   |   |   |    |    |   |
|   [31:0]  |  egress |         hdr.p4_header.delay[31:0]         |  pkt  |  | W | RW | ~ | ~ | ~ | ~ | ~ | ~ | ~ | ~ | ~ | ~  | ~  | R |
|   phv18   |  egress |                                           | OL,SH |  |   |    |   |   |   |   |   |   |   |   |   |    |    |   |
|   [18:0]  |  egress |        eg_intr_md.enq_qdepth[18:0]        | imeta |  | W | R  |   |   |   |   |   |   |   |   |   |    |    |   |
|    [5:0]  |  egress |         meta.qdepth_for_match[5:0]        |  meta |  |   |    |   |   | W | R |   |   |   |   |   |    |    |   |
|   phv19   |  egress |                                           |       |  |   |    |   |   |   |   |   |   |   |   |   |    |    |   |
|   [31:0]  |  egress |         hdr.p4_header.depth[31:0]         |  pkt  |  | W | ~  | R | ~ | ~ | ~ | ~ | ~ | ~ | ~ | ~ | ~  | ~  | R |
|   phv20   |  egress |                                           |       |  |   |    |   |   |   |   |   |   |   |   |   |    |    |   |
|   [31:0]  |  egress |         meta.weighted_qdepth[31:0]        |  meta |  |   |    | W |   |   |   |   |   |   |   |   |    |    |   |
|   phv21   |  egress |                                           |   SH  |  |   |    |   |   |   |   |   |   |   |   |   |    |    |   |
|   [31:25] |  egress |          hdr.p4_header.pad2[6:0]          |  pkt  |  | W | ~  | ~ | ~ | ~ | ~ | ~ | ~ | ~ | ~ | ~ | ~  | ~  | R |
|   [24:16] |  egress |       hdr.p4_header.egress_port[8:0]      |  pkt  |  | W | ~  | ~ | ~ | ~ | ~ | ~ | ~ | ~ | ~ | ~ | ~  | ~  | R |
|   [15:0]  |  egress |       hdr.p4_header.drop_prob[15:0]       |  pkt  |  | W | ~  | ~ | ~ | ~ | W | ~ | ~ | ~ | ~ | ~ | ~  | ~  | R |
|   phv22   |  egress |                                           |       |  |   |    |   |   |   |   |   |   |   |   |   |    |    |   |
|   [31:0]  |  egress |        hdr.ethernet.dst_addr[31:0]        |  pkt  |  | W | W  | ~ | ~ | ~ | ~ | ~ | ~ | ~ | ~ | ~ | ~  | ~  | R |
|   phv23   |  egress |                                           |       |  |   |    |   |   |   |   |   |   |   |   |   |    |    |   |
|   [31:0]  |  egress |              meta.ewma[31:0]              |  meta |  |   |    |   | W |   |   |   |   |   |   |   |    |    |   |
|   phv24   |    -    |                                           |       |  |   |    |   |   |   |   |   |   |   |   |   |    |    |   |
|   phv25   |    -    |                                           |       |  |   |    |   |   |   |   |   |   |   |   |   |    |    |   |
|   phv26   |    -    |                                           |       |  |   |    |   |   |   |   |   |   |   |   |   |    |    |   |
|   phv27   |    -    |                                           |       |  |   |    |   |   |   |   |   |   |   |   |   |    |    |   |
|   phv28   |    -    |                                           |       |  |   |    |   |   |   |   |   |   |   |   |   |    |    |   |
|   phv29   |    -    |                                           |       |  |   |    |   |   |   |   |   |   |   |   |   |    |    |   |
|   phv30   |    -    |                                           |       |  |   |    |   |   |   |   |   |   |   |   |   |    |    |   |
|   phv31   |    -    |                                           |       |  |   |    |   |   |   |   |   |   |   |   |   |    |    |   |
|   phv32   |    -    |                                           |       |  |   |    |   |   |   |   |   |   |   |   |   |    |    |   |
|   phv33   |    -    |                                           |       |  |   |    |   |   |   |   |   |   |   |   |   |    |    |   |
|   phv34   |    -    |                                           |       |  |   |    |   |   |   |   |   |   |   |   |   |    |    |   |
|   phv35   |    -    |                                           |       |  |   |    |   |   |   |   |   |   |   |   |   |    |    |   |
|   phv36   |    -    |                                           |       |  |   |    |   |   |   |   |   |   |   |   |   |    |    |   |
|   phv37   |    -    |                                           |       |  |   |    |   |   |   |   |   |   |   |   |   |    |    |   |
|   phv38   |    -    |                                           |       |  |   |    |   |   |   |   |   |   |   |   |   |    |    |   |
|   phv39   |    -    |                                           |       |  |   |    |   |   |   |   |   |   |   |   |   |    |    |   |
|   phv40   |    -    |                                           |       |  |   |    |   |   |   |   |   |   |   |   |   |    |    |   |
|   phv41   |    -    |                                           |       |  |   |    |   |   |   |   |   |   |   |   |   |    |    |   |
|   phv42   |    -    |                                           |       |  |   |    |   |   |   |   |   |   |   |   |   |    |    |   |
|   phv43   |    -    |                                           |       |  |   |    |   |   |   |   |   |   |   |   |   |    |    |   |
|   phv44   |    -    |                                           |       |  |   |    |   |   |   |   |   |   |   |   |   |    |    |   |
|   phv45   |    -    |                                           |       |  |   |    |   |   |   |   |   |   |   |   |   |    |    |   |
|   phv46   |    -    |                                           |       |  |   |    |   |   |   |   |   |   |   |   |   |    |    |   |
|   phv47   |    -    |                                           |       |  |   |    |   |   |   |   |   |   |   |   |   |    |    |   |
|   phv48   |    -    |                                           |       |  |   |    |   |   |   |   |   |   |   |   |   |    |    |   |
|   phv49   |    -    |                                           |       |  |   |    |   |   |   |   |   |   |   |   |   |    |    |   |
|   phv50   |    -    |                                           |       |  |   |    |   |   |   |   |   |   |   |   |   |    |    |   |
|   phv51   |    -    |                                           |       |  |   |    |   |   |   |   |   |   |   |   |   |    |    |   |
|   phv52   |    -    |                                           |       |  |   |    |   |   |   |   |   |   |   |   |   |    |    |   |
|   phv53   |    -    |                                           |       |  |   |    |   |   |   |   |   |   |   |   |   |    |    |   |
|   phv54   |    -    |                                           |       |  |   |    |   |   |   |   |   |   |   |   |   |    |    |   |
|   phv55   |    -    |                                           |       |  |   |    |   |   |   |   |   |   |   |   |   |    |    |   |
|   phv56   |    -    |                                           |       |  |   |    |   |   |   |   |   |   |   |   |   |    |    |   |
|   phv57   |    -    |                                           |       |  |   |    |   |   |   |   |   |   |   |   |   |    |    |   |
|   phv58   |    -    |                                           |       |  |   |    |   |   |   |   |   |   |   |   |   |    |    |   |
|   phv59   |    -    |                                           |       |  |   |    |   |   |   |   |   |   |   |   |   |    |    |   |
|   phv60   |    -    |                                           |       |  |   |    |   |   |   |   |   |   |   |   |   |    |    |   |
|   phv61   |    -    |                                           |       |  |   |    |   |   |   |   |   |   |   |   |   |    |    |   |
|   phv62   |    -    |                                           |       |  |   |    |   |   |   |   |   |   |   |   |   |    |    |   |
|   phv63   |    -    |                                           |       |  |   |    |   |   |   |   |   |   |   |   |   |    |    |   |
|           |         |                                           |       |  |   |    |   |   |   |   |   |   |   |   |   |    |    |   |
|   phv64   | ingress |                                           |       |  |   |    |   |   |   |   |   |   |   |   |   |    |    |   |
|    [2:0]  | ingress |     ig_intr_md_for_dprsr.drop_ctl[2:0]    | imeta |  |   | W  | ~ | ~ | ~ | W | ~ | ~ | ~ | ~ | ~ | ~  | ~  | R |
|   phv65   | ingress |                                           |   SH  |  |   |    |   |   |   |   |   |   |   |   |   |    |    |   |
|    [3:3]  | ingress |         hdr.p4_header.$valid[0:0]         |  pov  |  | W | ~  | ~ | ~ | ~ | ~ | ~ | ~ | ~ | ~ | ~ | ~  | ~  | R |
|    [2:2]  | ingress |            hdr.udp.$valid[0:0]            |  pov  |  | W | ~  | ~ | ~ | ~ | ~ | ~ | ~ | ~ | ~ | ~ | ~  | ~  | R |
|    [1:1]  | ingress |            hdr.ipv4.$valid[0:0]           |  pov  |  | W | ~  | ~ | ~ | ~ | ~ | ~ | ~ | ~ | ~ | ~ | ~  | ~  | R |
|    [0:0]  | ingress |          hdr.ethernet.$valid[0:0]         |  pov  |  | W | ~  | ~ | ~ | ~ | ~ | ~ | ~ | ~ | ~ | ~ | ~  | ~  | R |
|   phv66   |    -    |                                           |       |  |   |    |   |   |   |   |   |   |   |   |   |    |    |   |
|   phv67   |    -    |                                           |       |  |   |    |   |   |   |   |   |   |   |   |   |    |    |   |
|   phv68   |    -    |                                           |       |  |   |    |   |   |   |   |   |   |   |   |   |    |    |   |
|   phv69   |    -    |                                           |       |  |   |    |   |   |   |   |   |   |   |   |   |    |    |   |
|   phv70   |    -    |                                           |       |  |   |    |   |   |   |   |   |   |   |   |   |    |    |   |
|   phv71   |    -    |                                           |       |  |   |    |   |   |   |   |   |   |   |   |   |    |    |   |
|   phv72   |    -    |                                           |       |  |   |    |   |   |   |   |   |   |   |   |   |    |    |   |
|   phv73   |    -    |                                           |       |  |   |    |   |   |   |   |   |   |   |   |   |    |    |   |
|   phv74   |    -    |                                           |       |  |   |    |   |   |   |   |   |   |   |   |   |    |    |   |
|   phv75   |    -    |                                           |       |  |   |    |   |   |   |   |   |   |   |   |   |    |    |   |
|   phv76   |    -    |                                           |       |  |   |    |   |   |   |   |   |   |   |   |   |    |    |   |
|   phv77   |    -    |                                           |       |  |   |    |   |   |   |   |   |   |   |   |   |    |    |   |
|   phv78   |    -    |                                           |       |  |   |    |   |   |   |   |   |   |   |   |   |    |    |   |
|   phv79   |    -    |                                           |       |  |   |    |   |   |   |   |   |   |   |   |   |    |    |   |
|   phv80   |  egress |                                           |   SH  |  |   |    |   |   |   |   |   |   |   |   |   |    |    |   |
|    [3:3]  |  egress |         hdr.p4_header.$valid[0:0]         |  pov  |  | W | ~  | ~ | ~ | ~ | ~ | ~ | ~ | ~ | ~ | ~ | ~  | ~  | R |
|    [2:2]  |  egress |            hdr.udp.$valid[0:0]            |  pov  |  | W | ~  | ~ | ~ | ~ | ~ | ~ | ~ | ~ | ~ | ~ | ~  | ~  | R |
|    [1:1]  |  egress |            hdr.ipv4.$valid[0:0]           |  pov  |  | W | ~  | ~ | ~ | ~ | ~ | ~ | ~ | ~ | ~ | ~ | ~  | ~  | R |
|    [0:0]  |  egress |          hdr.ethernet.$valid[0:0]         |  pov  |  | W | ~  | ~ | ~ | ~ | ~ | ~ | ~ | ~ | ~ | ~ | ~  | ~  | R |
|   phv81   |    -    |                                           |       |  |   |    |   |   |   |   |   |   |   |   |   |    |    |   |
|   phv82   |    -    |                                           |       |  |   |    |   |   |   |   |   |   |   |   |   |    |    |   |
|   phv83   |    -    |                                           |       |  |   |    |   |   |   |   |   |   |   |   |   |    |    |   |
|   phv84   |    -    |                                           |       |  |   |    |   |   |   |   |   |   |   |   |   |    |    |   |
|   phv85   |    -    |                                           |       |  |   |    |   |   |   |   |   |   |   |   |   |    |    |   |
|   phv86   |    -    |                                           |       |  |   |    |   |   |   |   |   |   |   |   |   |    |    |   |
|   phv87   |    -    |                                           |       |  |   |    |   |   |   |   |   |   |   |   |   |    |    |   |
|   phv88   |    -    |                                           |       |  |   |    |   |   |   |   |   |   |   |   |   |    |    |   |
|   phv89   |    -    |                                           |       |  |   |    |   |   |   |   |   |   |   |   |   |    |    |   |
|   phv90   |    -    |                                           |       |  |   |    |   |   |   |   |   |   |   |   |   |    |    |   |
|   phv91   |    -    |                                           |       |  |   |    |   |   |   |   |   |   |   |   |   |    |    |   |
|   phv92   |    -    |                                           |       |  |   |    |   |   |   |   |   |   |   |   |   |    |    |   |
|   phv93   |    -    |                                           |       |  |   |    |   |   |   |   |   |   |   |   |   |    |    |   |
|   phv94   |    -    |                                           |       |  |   |    |   |   |   |   |   |   |   |   |   |    |    |   |
|   phv95   |    -    |                                           |       |  |   |    |   |   |   |   |   |   |   |   |   |    |    |   |
|   phv96   |    -    |                                           |       |  |   |    |   |   |   |   |   |   |   |   |   |    |    |   |
|   phv97   |    -    |                                           |       |  |   |    |   |   |   |   |   |   |   |   |   |    |    |   |
|   phv98   |    -    |                                           |       |  |   |    |   |   |   |   |   |   |   |   |   |    |    |   |
|   phv99   |    -    |                                           |       |  |   |    |   |   |   |   |   |   |   |   |   |    |    |   |
|   phv100  |    -    |                                           |       |  |   |    |   |   |   |   |   |   |   |   |   |    |    |   |
|   phv101  |    -    |                                           |       |  |   |    |   |   |   |   |   |   |   |   |   |    |    |   |
|   phv102  |    -    |                                           |       |  |   |    |   |   |   |   |   |   |   |   |   |    |    |   |
|   phv103  |    -    |                                           |       |  |   |    |   |   |   |   |   |   |   |   |   |    |    |   |
|   phv104  |    -    |                                           |       |  |   |    |   |   |   |   |   |   |   |   |   |    |    |   |
|   phv105  |    -    |                                           |       |  |   |    |   |   |   |   |   |   |   |   |   |    |    |   |
|   phv106  |    -    |                                           |       |  |   |    |   |   |   |   |   |   |   |   |   |    |    |   |
|   phv107  |    -    |                                           |       |  |   |    |   |   |   |   |   |   |   |   |   |    |    |   |
|   phv108  |    -    |                                           |       |  |   |    |   |   |   |   |   |   |   |   |   |    |    |   |
|   phv109  |    -    |                                           |       |  |   |    |   |   |   |   |   |   |   |   |   |    |    |   |
|   phv110  |    -    |                                           |       |  |   |    |   |   |   |   |   |   |   |   |   |    |    |   |
|   phv111  |    -    |                                           |       |  |   |    |   |   |   |   |   |   |   |   |   |    |    |   |
|   phv112  |    -    |                                           |       |  |   |    |   |   |   |   |   |   |   |   |   |    |    |   |
|   phv113  |    -    |                                           |       |  |   |    |   |   |   |   |   |   |   |   |   |    |    |   |
|   phv114  |    -    |                                           |       |  |   |    |   |   |   |   |   |   |   |   |   |    |    |   |
|   phv115  |    -    |                                           |       |  |   |    |   |   |   |   |   |   |   |   |   |    |    |   |
|   phv116  |    -    |                                           |       |  |   |    |   |   |   |   |   |   |   |   |   |    |    |   |
|   phv117  |    -    |                                           |       |  |   |    |   |   |   |   |   |   |   |   |   |    |    |   |
|   phv118  |    -    |                                           |       |  |   |    |   |   |   |   |   |   |   |   |   |    |    |   |
|   phv119  |    -    |                                           |       |  |   |    |   |   |   |   |   |   |   |   |   |    |    |   |
|   phv120  |    -    |                                           |       |  |   |    |   |   |   |   |   |   |   |   |   |    |    |   |
|   phv121  |    -    |                                           |       |  |   |    |   |   |   |   |   |   |   |   |   |    |    |   |
|   phv122  |    -    |                                           |       |  |   |    |   |   |   |   |   |   |   |   |   |    |    |   |
|   phv123  |    -    |                                           |       |  |   |    |   |   |   |   |   |   |   |   |   |    |    |   |
|   phv124  |    -    |                                           |       |  |   |    |   |   |   |   |   |   |   |   |   |    |    |   |
|   phv125  |    -    |                                           |       |  |   |    |   |   |   |   |   |   |   |   |   |    |    |   |
|   phv126  |    -    |                                           |       |  |   |    |   |   |   |   |   |   |   |   |   |    |    |   |
|   phv127  |    -    |                                           |       |  |   |    |   |   |   |   |   |   |   |   |   |    |    |   |
|           |         |                                           |       |  |   |    |   |   |   |   |   |   |   |   |   |    |    |   |
|   phv128  | ingress |                                           |       |  |   |    |   |   |   |   |   |   |   |   |   |    |    |   |
|   [15:0]  | ingress |    ig_intr_md_for_tm.mcast_grp_a[15:0]    | imeta |  |   |    |   |   |   |   |   |   |   |   |   |    |    | R |
|   phv129  | ingress |                                           |       |  |   |    |   |   |   |   |   |   |   |   |   |    |    |   |
|   [15:0]  | ingress |             meta.rndnum[15:0]             |  meta |  |   | W  | ~ | ~ | R |   |   |   |   |   |   |    |    |   |
|   phv130  | ingress |                                           |       |  |   |    |   |   |   |   |   |   |   |   |   |    |    |   |
|   [15:0]  | ingress |            meta.drop_prob[15:0]           |  meta |  |   |    |   | W | R |   |   |   |   |   |   |    |    |   |
|   phv131  | ingress |                                           |       |  |   |    |   |   |   |   |   |   |   |   |   |    |    |   |
|   [15:0]  | ingress |              meta.diff[15:0]              |  meta |  |   |    |   |   | W |   |   |   |   |   |   |    |    |   |
|   phv132  | ingress |                                           |       |  |   |    |   |   |   |   |   |   |   |   |   |    |    |   |
|    [8:0]  | ingress |        ig_intr_md.ingress_port[8:0]       | imeta |  | W | R  |   |   |   |   |   |   |   |   |   |    |    |   |
|   phv133  |    -    |                                           |       |  |   |    |   |   |   |   |   |   |   |   |   |    |    |   |
|   phv134  |    -    |                                           |       |  |   |    |   |   |   |   |   |   |   |   |   |    |    |   |
|   phv135  |    -    |                                           |       |  |   |    |   |   |   |   |   |   |   |   |   |    |    |   |
|   phv136  |    -    |                                           |       |  |   |    |   |   |   |   |   |   |   |   |   |    |    |   |
|   phv137  |    -    |                                           |       |  |   |    |   |   |   |   |   |   |   |   |   |    |    |   |
|   phv138  |    -    |                                           |       |  |   |    |   |   |   |   |   |   |   |   |   |    |    |   |
|   phv139  |    -    |                                           |       |  |   |    |   |   |   |   |   |   |   |   |   |    |    |   |
|   phv140  |    -    |                                           |       |  |   |    |   |   |   |   |   |   |   |   |   |    |    |   |
|   phv141  |    -    |                                           |       |  |   |    |   |   |   |   |   |   |   |   |   |    |    |   |
|   phv142  |    -    |                                           |       |  |   |    |   |   |   |   |   |   |   |   |   |    |    |   |
|   phv143  |    -    |                                           |       |  |   |    |   |   |   |   |   |   |   |   |   |    |    |   |
|   phv144  |  egress |                                           |       |  |   |    |   |   |   |   |   |   |   |   |   |    |    |   |
|    [8:0]  |  egress |        eg_intr_md.egress_port[8:0]        | imeta |  | W | R  | ~ | ~ | ~ | ~ | ~ | ~ | ~ | ~ | ~ | ~  | ~  | R |
|   phv145  |  egress |                                           |       |  |   |    |   |   |   |   |   |   |   |   |   |    |    |   |
|   [15:0]  |  egress |        hdr.ethernet.dst_addr[47:32]       |  pkt  |  | W | W  | ~ | ~ | ~ | ~ | ~ | ~ | ~ | ~ | ~ | ~  | ~  | R |
|   phv146  |    -    |                                           |       |  |   |    |   |   |   |   |   |   |   |   |   |    |    |   |
|   phv147  |    -    |                                           |       |  |   |    |   |   |   |   |   |   |   |   |   |    |    |   |
|   phv148  |    -    |                                           |       |  |   |    |   |   |   |   |   |   |   |   |   |    |    |   |
|   phv149  |    -    |                                           |       |  |   |    |   |   |   |   |   |   |   |   |   |    |    |   |
|   phv150  |    -    |                                           |       |  |   |    |   |   |   |   |   |   |   |   |   |    |    |   |
|   phv151  |    -    |                                           |       |  |   |    |   |   |   |   |   |   |   |   |   |    |    |   |
|   phv152  |    -    |                                           |       |  |   |    |   |   |   |   |   |   |   |   |   |    |    |   |
|   phv153  |    -    |                                           |       |  |   |    |   |   |   |   |   |   |   |   |   |    |    |   |
|   phv154  |    -    |                                           |       |  |   |    |   |   |   |   |   |   |   |   |   |    |    |   |
|   phv155  |    -    |                                           |       |  |   |    |   |   |   |   |   |   |   |   |   |    |    |   |
|   phv156  |    -    |                                           |       |  |   |    |   |   |   |   |   |   |   |   |   |    |    |   |
|   phv157  |    -    |                                           |       |  |   |    |   |   |   |   |   |   |   |   |   |    |    |   |
|   phv158  |    -    |                                           |       |  |   |    |   |   |   |   |   |   |   |   |   |    |    |   |
|   phv159  |    -    |                                           |       |  |   |    |   |   |   |   |   |   |   |   |   |    |    |   |
|   phv160  |    -    |                                           |       |  |   |    |   |   |   |   |   |   |   |   |   |    |    |   |
|   phv161  |    -    |                                           |       |  |   |    |   |   |   |   |   |   |   |   |   |    |    |   |
|   phv162  |    -    |                                           |       |  |   |    |   |   |   |   |   |   |   |   |   |    |    |   |
|   phv163  |    -    |                                           |       |  |   |    |   |   |   |   |   |   |   |   |   |    |    |   |
|   phv164  |    -    |                                           |       |  |   |    |   |   |   |   |   |   |   |   |   |    |    |   |
|   phv165  |    -    |                                           |       |  |   |    |   |   |   |   |   |   |   |   |   |    |    |   |
|   phv166  |    -    |                                           |       |  |   |    |   |   |   |   |   |   |   |   |   |    |    |   |
|   phv167  |    -    |                                           |       |  |   |    |   |   |   |   |   |   |   |   |   |    |    |   |
|   phv168  |    -    |                                           |       |  |   |    |   |   |   |   |   |   |   |   |   |    |    |   |
|   phv169  |    -    |                                           |       |  |   |    |   |   |   |   |   |   |   |   |   |    |    |   |
|   phv170  |    -    |                                           |       |  |   |    |   |   |   |   |   |   |   |   |   |    |    |   |
|   phv171  |    -    |                                           |       |  |   |    |   |   |   |   |   |   |   |   |   |    |    |   |
|   phv172  |    -    |                                           |       |  |   |    |   |   |   |   |   |   |   |   |   |    |    |   |
|   phv173  |    -    |                                           |       |  |   |    |   |   |   |   |   |   |   |   |   |    |    |   |
|   phv174  |    -    |                                           |       |  |   |    |   |   |   |   |   |   |   |   |   |    |    |   |
|   phv175  |    -    |                                           |       |  |   |    |   |   |   |   |   |   |   |   |   |    |    |   |
|   phv176  |    -    |                                           |       |  |   |    |   |   |   |   |   |   |   |   |   |    |    |   |
|   phv177  |    -    |                                           |       |  |   |    |   |   |   |   |   |   |   |   |   |    |    |   |
|   phv178  |    -    |                                           |       |  |   |    |   |   |   |   |   |   |   |   |   |    |    |   |
|   phv179  |    -    |                                           |       |  |   |    |   |   |   |   |   |   |   |   |   |    |    |   |
|   phv180  |    -    |                                           |       |  |   |    |   |   |   |   |   |   |   |   |   |    |    |   |
|   phv181  |    -    |                                           |       |  |   |    |   |   |   |   |   |   |   |   |   |    |    |   |
|   phv182  |    -    |                                           |       |  |   |    |   |   |   |   |   |   |   |   |   |    |    |   |
|   phv183  |    -    |                                           |       |  |   |    |   |   |   |   |   |   |   |   |   |    |    |   |
|   phv184  |    -    |                                           |       |  |   |    |   |   |   |   |   |   |   |   |   |    |    |   |
|   phv185  |    -    |                                           |       |  |   |    |   |   |   |   |   |   |   |   |   |    |    |   |
|   phv186  |    -    |                                           |       |  |   |    |   |   |   |   |   |   |   |   |   |    |    |   |
|   phv187  |    -    |                                           |       |  |   |    |   |   |   |   |   |   |   |   |   |    |    |   |
|   phv188  |    -    |                                           |       |  |   |    |   |   |   |   |   |   |   |   |   |    |    |   |
|   phv189  |    -    |                                           |       |  |   |    |   |   |   |   |   |   |   |   |   |    |    |   |
|   phv190  |    -    |                                           |       |  |   |    |   |   |   |   |   |   |   |   |   |    |    |   |
|   phv191  |    -    |                                           |       |  |   |    |   |   |   |   |   |   |   |   |   |    |    |   |
|   phv192  |    -    |                                           |       |  |   |    |   |   |   |   |   |   |   |   |   |    |    |   |
|   phv193  |    -    |                                           |       |  |   |    |   |   |   |   |   |   |   |   |   |    |    |   |
|   phv194  |    -    |                                           |       |  |   |    |   |   |   |   |   |   |   |   |   |    |    |   |
|   phv195  |    -    |                                           |       |  |   |    |   |   |   |   |   |   |   |   |   |    |    |   |
|   phv196  |    -    |                                           |       |  |   |    |   |   |   |   |   |   |   |   |   |    |    |   |
|   phv197  |    -    |                                           |       |  |   |    |   |   |   |   |   |   |   |   |   |    |    |   |
|   phv198  |    -    |                                           |       |  |   |    |   |   |   |   |   |   |   |   |   |    |    |   |
|   phv199  |    -    |                                           |       |  |   |    |   |   |   |   |   |   |   |   |   |    |    |   |
|   phv200  |    -    |                                           |       |  |   |    |   |   |   |   |   |   |   |   |   |    |    |   |
|   phv201  |    -    |                                           |       |  |   |    |   |   |   |   |   |   |   |   |   |    |    |   |
|   phv202  |    -    |                                           |       |  |   |    |   |   |   |   |   |   |   |   |   |    |    |   |
|   phv203  |    -    |                                           |       |  |   |    |   |   |   |   |   |   |   |   |   |    |    |   |
|   phv204  |    -    |                                           |       |  |   |    |   |   |   |   |   |   |   |   |   |    |    |   |
|   phv205  |    -    |                                           |       |  |   |    |   |   |   |   |   |   |   |   |   |    |    |   |
|   phv206  |    -    |                                           |       |  |   |    |   |   |   |   |   |   |   |   |   |    |    |   |
|   phv207  |    -    |                                           |       |  |   |    |   |   |   |   |   |   |   |   |   |    |    |   |
|   phv208  |    -    |                                           |       |  |   |    |   |   |   |   |   |   |   |   |   |    |    |   |
|   phv209  |    -    |                                           |       |  |   |    |   |   |   |   |   |   |   |   |   |    |    |   |
|   phv210  |    -    |                                           |       |  |   |    |   |   |   |   |   |   |   |   |   |    |    |   |
|   phv211  |    -    |                                           |       |  |   |    |   |   |   |   |   |   |   |   |   |    |    |   |
|   phv212  |    -    |                                           |       |  |   |    |   |   |   |   |   |   |   |   |   |    |    |   |
|   phv213  |    -    |                                           |       |  |   |    |   |   |   |   |   |   |   |   |   |    |    |   |
|   phv214  |    -    |                                           |       |  |   |    |   |   |   |   |   |   |   |   |   |    |    |   |
|   phv215  |    -    |                                           |       |  |   |    |   |   |   |   |   |   |   |   |   |    |    |   |
|   phv216  |    -    |                                           |       |  |   |    |   |   |   |   |   |   |   |   |   |    |    |   |
|   phv217  |    -    |                                           |       |  |   |    |   |   |   |   |   |   |   |   |   |    |    |   |
|   phv218  |    -    |                                           |       |  |   |    |   |   |   |   |   |   |   |   |   |    |    |   |
|   phv219  |    -    |                                           |       |  |   |    |   |   |   |   |   |   |   |   |   |    |    |   |
|   phv220  |    -    |                                           |       |  |   |    |   |   |   |   |   |   |   |   |   |    |    |   |
|   phv221  |    -    |                                           |       |  |   |    |   |   |   |   |   |   |   |   |   |    |    |   |
|   phv222  |    -    |                                           |       |  |   |    |   |   |   |   |   |   |   |   |   |    |    |   |
|   phv223  |    -    |                                           |       |  |   |    |   |   |   |   |   |   |   |   |   |    |    |   |
|   phv224  |    -    |                                           |       |  |   |    |   |   |   |   |   |   |   |   |   |    |    |   |
|   phv225  |    -    |                                           |       |  |   |    |   |   |   |   |   |   |   |   |   |    |    |   |
|   phv226  |    -    |                                           |       |  |   |    |   |   |   |   |   |   |   |   |   |    |    |   |
|   phv227  |    -    |                                           |       |  |   |    |   |   |   |   |   |   |   |   |   |    |    |   |
|   phv228  |    -    |                                           |       |  |   |    |   |   |   |   |   |   |   |   |   |    |    |   |
|   phv229  |    -    |                                           |       |  |   |    |   |   |   |   |   |   |   |   |   |    |    |   |
|   phv230  |    -    |                                           |       |  |   |    |   |   |   |   |   |   |   |   |   |    |    |   |
|   phv231  |    -    |                                           |       |  |   |    |   |   |   |   |   |   |   |   |   |    |    |   |
|   phv232  |    -    |                                           |       |  |   |    |   |   |   |   |   |   |   |   |   |    |    |   |
|   phv233  |    -    |                                           |       |  |   |    |   |   |   |   |   |   |   |   |   |    |    |   |
|   phv234  |    -    |                                           |       |  |   |    |   |   |   |   |   |   |   |   |   |    |    |   |
|   phv235  |    -    |                                           |       |  |   |    |   |   |   |   |   |   |   |   |   |    |    |   |
|   phv236  |    -    |                                           |       |  |   |    |   |   |   |   |   |   |   |   |   |    |    |   |
|   phv237  |    -    |                                           |       |  |   |    |   |   |   |   |   |   |   |   |   |    |    |   |
|   phv238  |    -    |                                           |       |  |   |    |   |   |   |   |   |   |   |   |   |    |    |   |
|   phv239  |    -    |                                           |       |  |   |    |   |   |   |   |   |   |   |   |   |    |    |   |
|   phv240  |    -    |                                           |       |  |   |    |   |   |   |   |   |   |   |   |   |    |    |   |
|   phv241  |    -    |                                           |       |  |   |    |   |   |   |   |   |   |   |   |   |    |    |   |
|   phv242  |    -    |                                           |       |  |   |    |   |   |   |   |   |   |   |   |   |    |    |   |
|   phv243  |    -    |                                           |       |  |   |    |   |   |   |   |   |   |   |   |   |    |    |   |
|   phv244  |    -    |                                           |       |  |   |    |   |   |   |   |   |   |   |   |   |    |    |   |
|   phv245  |    -    |                                           |       |  |   |    |   |   |   |   |   |   |   |   |   |    |    |   |
|   phv246  |    -    |                                           |       |  |   |    |   |   |   |   |   |   |   |   |   |    |    |   |
|   phv247  |    -    |                                           |       |  |   |    |   |   |   |   |   |   |   |   |   |    |    |   |
|   phv248  |    -    |                                           |       |  |   |    |   |   |   |   |   |   |   |   |   |    |    |   |
|   phv249  |    -    |                                           |       |  |   |    |   |   |   |   |   |   |   |   |   |    |    |   |
|   phv250  |    -    |                                           |       |  |   |    |   |   |   |   |   |   |   |   |   |    |    |   |
|   phv251  |    -    |                                           |       |  |   |    |   |   |   |   |   |   |   |   |   |    |    |   |
|   phv252  |    -    |                                           |       |  |   |    |   |   |   |   |   |   |   |   |   |    |    |   |
|   phv253  |    -    |                                           |       |  |   |    |   |   |   |   |   |   |   |   |   |    |    |   |
|   phv254  |    -    |                                           |       |  |   |    |   |   |   |   |   |   |   |   |   |    |    |   |
|   phv255  |    -    |                                           |       |  |   |    |   |   |   |   |   |   |   |   |   |    |    |   |
|           |         |                                           |       |  |   |    |   |   |   |   |   |   |   |   |   |    |    |   |
|   phv256  |  egress |                                           |   SH  |  |   |    |   |   |   |   |   |   |   |   |   |    |    |   |
|   [31:28] |  egress |           hdr.ipv4.version[3:0]           |  pkt  |  | W | ~  | ~ | ~ | ~ | ~ | ~ | ~ | ~ | ~ | ~ | ~  | ~  | R |
|   [27:24] |  egress |             hdr.ipv4.ihl[3:0]             |  pkt  |  | W | ~  | ~ | ~ | ~ | ~ | ~ | ~ | ~ | ~ | ~ | ~  | ~  | R |
|   [23:16] |  egress |           hdr.ipv4.diffserv[7:0]          |  pkt  |  | W | ~  | ~ | ~ | ~ | ~ | ~ | ~ | ~ | ~ | ~ | ~  | ~  | R |
|   [15:0]  |  egress |          hdr.ipv4.total_len[15:0]         |  pkt  |  | W | ~  | ~ | ~ | ~ | ~ | ~ | ~ | ~ | ~ | ~ | ~  | ~  | R |
|   phv257  |  egress |                                           |   SH  |  |   |    |   |   |   |   |   |   |   |   |   |    |    |   |
|   [31:24] |  egress |             hdr.ipv4.ttl[7:0]             |  pkt  |  | W | ~  | ~ | ~ | ~ | ~ | ~ | ~ | ~ | ~ | ~ | ~  | ~  | R |
|   [23:16] |  egress |           hdr.ipv4.protocol[7:0]          |  pkt  |  | W | ~  | ~ | ~ | ~ | ~ | ~ | ~ | ~ | ~ | ~ | ~  | ~  | R |
|   [15:0]  |  egress |        hdr.ipv4.hdr_checksum[15:0]        |  pkt  |  | W | ~  | ~ | ~ | ~ | ~ | ~ | ~ | ~ | ~ | ~ | ~  | ~  | R |
|   phv258  |  egress |                                           |   SH  |  |   |    |   |   |   |   |   |   |   |   |   |    |    |   |
|   [31:16] |  egress |       hdr.ipv4.identification[15:0]       |  pkt  |  | W | ~  | ~ | ~ | ~ | ~ | ~ | ~ | ~ | ~ | ~ | ~  | ~  | R |
|   [15:13] |  egress |            hdr.ipv4.flags[2:0]            |  pkt  |  | W | ~  | ~ | ~ | ~ | ~ | ~ | ~ | ~ | ~ | ~ | ~  | ~  | R |
|   [12:0]  |  egress |         hdr.ipv4.frag_offset[12:0]        |  pkt  |  | W | ~  | ~ | ~ | ~ | ~ | ~ | ~ | ~ | ~ | ~ | ~  | ~  | R |
|   phv259  |  egress |                                           |   SH  |  |   |    |   |   |   |   |   |   |   |   |   |    |    |   |
|   [31:16] |  egress |             hdr.udp.len[15:0]             |  pkt  |  | W | ~  | ~ | ~ | ~ | ~ | ~ | ~ | ~ | ~ | ~ | ~  | ~  | R |
|   [15:0]  |  egress |           hdr.udp.checksum[15:0]          |  pkt  |  | W | ~  | ~ | ~ | ~ | ~ | ~ | ~ | ~ | ~ | ~ | ~  | ~  | R |
|   phv260  | ingress |                                           |   SH  |  |   |    |   |   |   |   |   |   |   |   |   |    |    |   |
|   [31:28] | ingress |           hdr.ipv4.version[3:0]           |  pkt  |  | W | ~  | ~ | ~ | ~ | ~ | ~ | ~ | ~ | ~ | ~ | ~  | ~  | R |
|   [27:24] | ingress |             hdr.ipv4.ihl[3:0]             |  pkt  |  | W | ~  | ~ | ~ | ~ | ~ | ~ | ~ | ~ | ~ | ~ | ~  | ~  | R |
|   [23:16] | ingress |           hdr.ipv4.diffserv[7:0]          |  pkt  |  | W | ~  | ~ | ~ | ~ | ~ | ~ | ~ | ~ | ~ | ~ | ~  | ~  | R |
|   [15:0]  | ingress |          hdr.ipv4.total_len[15:0]         |  pkt  |  | W | ~  | ~ | ~ | ~ | ~ | ~ | ~ | ~ | ~ | ~ | ~  | ~  | R |
|   phv261  | ingress |                                           |   SH  |  |   |    |   |   |   |   |   |   |   |   |   |    |    |   |
|   [31:24] | ingress |             hdr.ipv4.ttl[7:0]             |  pkt  |  | W | ~  | ~ | ~ | ~ | ~ | ~ | ~ | ~ | ~ | ~ | ~  | ~  | R |
|   [23:16] | ingress |           hdr.ipv4.protocol[7:0]          |  pkt  |  | W | ~  | ~ | ~ | ~ | ~ | ~ | ~ | ~ | ~ | ~ | ~  | ~  | R |
|   [15:0]  | ingress |        hdr.ipv4.hdr_checksum[15:0]        |  pkt  |  | W | ~  | ~ | ~ | ~ | ~ | ~ | ~ | ~ | ~ | ~ | ~  | ~  | R |
|   phv262  | ingress |                                           |   SH  |  |   |    |   |   |   |   |   |   |   |   |   |    |    |   |
|   [31:16] | ingress |       hdr.ipv4.identification[15:0]       |  pkt  |  | W | ~  | ~ | ~ | ~ | ~ | ~ | ~ | ~ | ~ | ~ | ~  | ~  | R |
|   [15:13] | ingress |            hdr.ipv4.flags[2:0]            |  pkt  |  | W | ~  | ~ | ~ | ~ | ~ | ~ | ~ | ~ | ~ | ~ | ~  | ~  | R |
|   [12:0]  | ingress |         hdr.ipv4.frag_offset[12:0]        |  pkt  |  | W | ~  | ~ | ~ | ~ | ~ | ~ | ~ | ~ | ~ | ~ | ~  | ~  | R |
|   phv263  | ingress |                                           |   SH  |  |   |    |   |   |   |   |   |   |   |   |   |    |    |   |
|   [31:16] | ingress |             hdr.udp.len[15:0]             |  pkt  |  | W | ~  | ~ | ~ | ~ | ~ | ~ | ~ | ~ | ~ | ~ | ~  | ~  | R |
|   [15:0]  | ingress |           hdr.udp.checksum[15:0]          |  pkt  |  | W | ~  | ~ | ~ | ~ | ~ | ~ | ~ | ~ | ~ | ~ | ~  | ~  | R |
|   phv264  | ingress |                                           |       |  |   |    |   |   |   |   |   |   |   |   |   |    |    |   |
|   [31:0]  | ingress |          hdr.ipv4.src_addr[31:0]          |  pkt  |  | W | ~  | ~ | ~ | ~ | ~ | ~ | ~ | ~ | ~ | ~ | ~  | ~  | R |
|   phv265  |    -    |                                           |       |  |   |    |   |   |   |   |   |   |   |   |   |    |    |   |
|   phv266  |    -    |                                           |       |  |   |    |   |   |   |   |   |   |   |   |   |    |    |   |
|   phv267  |    -    |                                           |       |  |   |    |   |   |   |   |   |   |   |   |   |    |    |   |
|   phv268  |  egress |                                           |       |  |   |    |   |   |   |   |   |   |   |   |   |    |    |   |
|   [31:0]  |  egress |          hdr.ipv4.src_addr[31:0]          |  pkt  |  | W | ~  | ~ | ~ | ~ | ~ | ~ | ~ | ~ | ~ | ~ | ~  | ~  | R |
|   phv269  |    -    |                                           |       |  |   |    |   |   |   |   |   |   |   |   |   |    |    |   |
|   phv270  |    -    |                                           |       |  |   |    |   |   |   |   |   |   |   |   |   |    |    |   |
|   phv271  |    -    |                                           |       |  |   |    |   |   |   |   |   |   |   |   |   |    |    |   |
|   phv272  |    -    |                                           |       |  |   |    |   |   |   |   |   |   |   |   |   |    |    |   |
|   phv273  |    -    |                                           |       |  |   |    |   |   |   |   |   |   |   |   |   |    |    |   |
|   phv274  |    -    |                                           |       |  |   |    |   |   |   |   |   |   |   |   |   |    |    |   |
|   phv275  |    -    |                                           |       |  |   |    |   |   |   |   |   |   |   |   |   |    |    |   |
|   phv276  |    -    |                                           |       |  |   |    |   |   |   |   |   |   |   |   |   |    |    |   |
|   phv277  |    -    |                                           |       |  |   |    |   |   |   |   |   |   |   |   |   |    |    |   |
|   phv278  |    -    |                                           |       |  |   |    |   |   |   |   |   |   |   |   |   |    |    |   |
|   phv279  |    -    |                                           |       |  |   |    |   |   |   |   |   |   |   |   |   |    |    |   |
|   phv280  |    -    |                                           |       |  |   |    |   |   |   |   |   |   |   |   |   |    |    |   |
|   phv281  |    -    |                                           |       |  |   |    |   |   |   |   |   |   |   |   |   |    |    |   |
|   phv282  |    -    |                                           |       |  |   |    |   |   |   |   |   |   |   |   |   |    |    |   |
|   phv283  |    -    |                                           |       |  |   |    |   |   |   |   |   |   |   |   |   |    |    |   |
|   phv284  |    -    |                                           |       |  |   |    |   |   |   |   |   |   |   |   |   |    |    |   |
|   phv285  |    -    |                                           |       |  |   |    |   |   |   |   |   |   |   |   |   |    |    |   |
|   phv286  |    -    |                                           |       |  |   |    |   |   |   |   |   |   |   |   |   |    |    |   |
|   phv287  |    -    |                                           |       |  |   |    |   |   |   |   |   |   |   |   |   |    |    |   |
|           |         |                                           |       |  |   |    |   |   |   |   |   |   |   |   |   |    |    |   |
|   phv288  |  egress |                                           |       |  |   |    |   |   |   |   |   |   |   |   |   |    |    |   |
|    [7:0]  |  egress |          hdr.ipv4.dst_addr[23:16]         |  pkt  |  | W | ~  | ~ | ~ | ~ | ~ | ~ | ~ | ~ | ~ | ~ | ~  | ~  | R |
|   phv289  |  egress |                                           |       |  |   |    |   |   |   |   |   |   |   |   |   |    |    |   |
|    [7:0]  |  egress |          hdr.ipv4.dst_addr[31:24]         |  pkt  |  | W | ~  | ~ | ~ | ~ | ~ | ~ | ~ | ~ | ~ | ~ | ~  | ~  | R |
|   phv290  |    -    |                                           |       |  |   |    |   |   |   |   |   |   |   |   |   |    |    |   |
|   phv291  |    -    |                                           |       |  |   |    |   |   |   |   |   |   |   |   |   |    |    |   |
|   phv292  | ingress |                                           |       |  |   |    |   |   |   |   |   |   |   |   |   |    |    |   |
|    [7:0]  | ingress |           hdr.ipv4.dst_addr[7:0]          |  pkt  |  | W | ~  | ~ | ~ | ~ | ~ | ~ | ~ | ~ | ~ | ~ | ~  | ~  | R |
|   phv293  | ingress |                                           |       |  |   |    |   |   |   |   |   |   |   |   |   |    |    |   |
|    [7:0]  | ingress |          hdr.ipv4.dst_addr[15:8]          |  pkt  |  | W | ~  | ~ | ~ | ~ | ~ | ~ | ~ | ~ | ~ | ~ | ~  | ~  | R |
|   phv294  | ingress |                                           |       |  |   |    |   |   |   |   |   |   |   |   |   |    |    |   |
|    [7:0]  | ingress |          hdr.ipv4.dst_addr[23:16]         |  pkt  |  | W | ~  | ~ | ~ | ~ | ~ | ~ | ~ | ~ | ~ | ~ | ~  | ~  | R |
|   phv295  | ingress |                                           |       |  |   |    |   |   |   |   |   |   |   |   |   |    |    |   |
|    [7:0]  | ingress |          hdr.ipv4.dst_addr[31:24]         |  pkt  |  | W | ~  | ~ | ~ | ~ | ~ | ~ | ~ | ~ | ~ | ~ | ~  | ~  | R |
|   phv296  |    -    |                                           |       |  |   |    |   |   |   |   |   |   |   |   |   |    |    |   |
|   phv297  |    -    |                                           |       |  |   |    |   |   |   |   |   |   |   |   |   |    |    |   |
|   phv298  |    -    |                                           |       |  |   |    |   |   |   |   |   |   |   |   |   |    |    |   |
|   phv299  |    -    |                                           |       |  |   |    |   |   |   |   |   |   |   |   |   |    |    |   |
|   phv300  |    -    |                                           |       |  |   |    |   |   |   |   |   |   |   |   |   |    |    |   |
|   phv301  |    -    |                                           |       |  |   |    |   |   |   |   |   |   |   |   |   |    |    |   |
|   phv302  |    -    |                                           |       |  |   |    |   |   |   |   |   |   |   |   |   |    |    |   |
|   phv303  |    -    |                                           |       |  |   |    |   |   |   |   |   |   |   |   |   |    |    |   |
|   phv304  |    -    |                                           |       |  |   |    |   |   |   |   |   |   |   |   |   |    |    |   |
|   phv305  |    -    |                                           |       |  |   |    |   |   |   |   |   |   |   |   |   |    |    |   |
|   phv306  |    -    |                                           |       |  |   |    |   |   |   |   |   |   |   |   |   |    |    |   |
|   phv307  |    -    |                                           |       |  |   |    |   |   |   |   |   |   |   |   |   |    |    |   |
|   phv308  |    -    |                                           |       |  |   |    |   |   |   |   |   |   |   |   |   |    |    |   |
|   phv309  |    -    |                                           |       |  |   |    |   |   |   |   |   |   |   |   |   |    |    |   |
|   phv310  |    -    |                                           |       |  |   |    |   |   |   |   |   |   |   |   |   |    |    |   |
|   phv311  |    -    |                                           |       |  |   |    |   |   |   |   |   |   |   |   |   |    |    |   |
|   phv312  |    -    |                                           |       |  |   |    |   |   |   |   |   |   |   |   |   |    |    |   |
|   phv313  |    -    |                                           |       |  |   |    |   |   |   |   |   |   |   |   |   |    |    |   |
|   phv314  |    -    |                                           |       |  |   |    |   |   |   |   |   |   |   |   |   |    |    |   |
|   phv315  |    -    |                                           |       |  |   |    |   |   |   |   |   |   |   |   |   |    |    |   |
|   phv316  |    -    |                                           |       |  |   |    |   |   |   |   |   |   |   |   |   |    |    |   |
|   phv317  |    -    |                                           |       |  |   |    |   |   |   |   |   |   |   |   |   |    |    |   |
|   phv318  |    -    |                                           |       |  |   |    |   |   |   |   |   |   |   |   |   |    |    |   |
|   phv319  |    -    |                                           |       |  |   |    |   |   |   |   |   |   |   |   |   |    |    |   |
|           |         |                                           |       |  |   |    |   |   |   |   |   |   |   |   |   |    |    |   |
|   phv320  |  egress |                                           |       |  |   |    |   |   |   |   |   |   |   |   |   |    |    |   |
|   [15:0]  |  egress | eg_intr_md_from_prsr.global_tstamp[47:32] | imeta |  | W |    |   |   |   |   |   |   |   |   |   |    |    |   |
|   phv321  |  egress |                                           |       |  |   |    |   |   |   |   |   |   |   |   |   |    |    |   |
|   [15:0]  |  egress |           hdr.udp.dst_port[15:0]          |  pkt  |  | W | ~  | ~ | ~ | ~ | ~ | ~ | ~ | ~ | ~ | ~ | ~  | ~  | R |
|   phv322  |  egress |                                           |       |  |   |    |   |   |   |   |   |   |   |   |   |    |    |   |
|   [15:0]  |  egress |           hdr.udp.src_port[15:0]          |  pkt  |  | W | ~  | ~ | ~ | ~ | ~ | ~ | ~ | ~ | ~ | ~ | ~  | ~  | R |
|   phv323  |  egress |                                           |       |  |   |    |   |   |   |   |   |   |   |   |   |    |    |   |
|   [15:0]  |  egress |        hdr.ethernet.src_addr[15:0]        |  pkt  |  | W | ~  | ~ | ~ | ~ | ~ | ~ | ~ | ~ | ~ | ~ | ~  | ~  | R |
|   phv324  |  egress |                                           |       |  |   |    |   |   |   |   |   |   |   |   |   |    |    |   |
|   [15:0]  |  egress |        hdr.ethernet.src_addr[31:16]       |  pkt  |  | W | ~  | ~ | ~ | ~ | ~ | ~ | ~ | ~ | ~ | ~ | ~  | ~  | R |
|   phv325  |  egress |                                           |       |  |   |    |   |   |   |   |   |   |   |   |   |    |    |   |
|   [15:0]  |  egress |          hdr.ipv4.dst_addr[15:0]          |  pkt  |  | W | ~  | ~ | ~ | ~ | ~ | ~ | ~ | ~ | ~ | ~ | ~  | ~  | R |
|   phv326  | ingress |                                           |       |  |   |    |   |   |   |   |   |   |   |   |   |    |    |   |
|   [15:0]  | ingress |           hdr.udp.dst_port[15:0]          |  pkt  |  | W | ~  | ~ | ~ | ~ | ~ | ~ | ~ | ~ | ~ | ~ | ~  | ~  | R |
|   phv327  | ingress |                                           |       |  |   |    |   |   |   |   |   |   |   |   |   |    |    |   |
|   [15:0]  | ingress |           hdr.udp.src_port[15:0]          |  pkt  |  | W | ~  | ~ | ~ | ~ | ~ | ~ | ~ | ~ | ~ | ~ | ~  | ~  | R |
|   phv328  | ingress |                                           |       |  |   |    |   |   |   |   |   |   |   |   |   |    |    |   |
|   [15:0]  | ingress |        hdr.ethernet.src_addr[15:0]        |  pkt  |  | W | ~  | ~ | ~ | ~ | ~ | ~ | ~ | ~ | ~ | ~ | ~  | ~  | R |
|   phv329  | ingress |                                           |       |  |   |    |   |   |   |   |   |   |   |   |   |    |    |   |
|   [15:0]  | ingress |        hdr.ethernet.src_addr[31:16]       |  pkt  |  | W | ~  | ~ | ~ | ~ | ~ | ~ | ~ | ~ | ~ | ~ | ~  | ~  | R |
|   phv330  | ingress |                                           |       |  |   |    |   |   |   |   |   |   |   |   |   |    |    |   |
|   [15:0]  | ingress |        hdr.ethernet.dst_addr[15:0]        |  pkt  |  | W | ~  | ~ | ~ | ~ | ~ | ~ | ~ | ~ | ~ | ~ | ~  | ~  | R |
|   phv331  | ingress |                                           |       |  |   |    |   |   |   |   |   |   |   |   |   |    |    |   |
|   [15:0]  | ingress |        hdr.ethernet.dst_addr[31:16]       |  pkt  |  | W | ~  | ~ | ~ | ~ | ~ | ~ | ~ | ~ | ~ | ~ | ~  | ~  | R |
|   phv332  | ingress |                                           |       |  |   |    |   |   |   |   |   |   |   |   |   |    |    |   |
|   [15:0]  | ingress |       hdr.ethernet.ether_type[15:0]       |  pkt  |  | W | ~  | ~ | ~ | ~ | ~ | ~ | ~ | ~ | ~ | ~ | ~  | ~  | R |
|   phv333  | ingress |                                           |       |  |   |    |   |   |   |   |   |   |   |   |   |    |    |   |
|   [15:0]  | ingress |        hdr.ethernet.src_addr[47:32]       |  pkt  |  | W | ~  | ~ | ~ | ~ | ~ | ~ | ~ | ~ | ~ | ~ | ~  | ~  | R |
|   phv334  | ingress |                                           |       |  |   |    |   |   |   |   |   |   |   |   |   |    |    |   |
|   [15:0]  | ingress |        hdr.ethernet.dst_addr[47:32]       |  pkt  |  | W | ~  | ~ | ~ | ~ | ~ | ~ | ~ | ~ | ~ | ~ | ~  | ~  | R |
|   phv335  | ingress |                                           |       |  |   |    |   |   |   |   |   |   |   |   |   |    |    |   |
|   [15:0]  | ingress | ig_intr_md_from_prsr.global_tstamp[47:32] | imeta |  | W |    |   |   |   |   |   |   |   |   |   |    |    |   |
|   phv336  |    -    |                                           |       |  |   |    |   |   |   |   |   |   |   |   |   |    |    |   |
|   phv337  |    -    |                                           |       |  |   |    |   |   |   |   |   |   |   |   |   |    |    |   |
|   phv338  |  egress |                                           |       |  |   |    |   |   |   |   |   |   |   |   |   |    |    |   |
|   [15:0]  |  egress |       hdr.ethernet.ether_type[15:0]       |  pkt  |  | W | ~  | ~ | ~ | ~ | ~ | ~ | ~ | ~ | ~ | ~ | ~  | ~  | R |
|   phv339  |  egress |                                           |       |  |   |    |   |   |   |   |   |   |   |   |   |    |    |   |
|   [15:0]  |  egress |        hdr.ethernet.src_addr[47:32]       |  pkt  |  | W | ~  | ~ | ~ | ~ | ~ | ~ | ~ | ~ | ~ | ~ | ~  | ~  | R |
|   phv340  |    -    |                                           |       |  |   |    |   |   |   |   |   |   |   |   |   |    |    |   |
|   phv341  |    -    |                                           |       |  |   |    |   |   |   |   |   |   |   |   |   |    |    |   |
|   phv342  |    -    |                                           |       |  |   |    |   |   |   |   |   |   |   |   |   |    |    |   |
|   phv343  |    -    |                                           |       |  |   |    |   |   |   |   |   |   |   |   |   |    |    |   |
|   phv344  |    -    |                                           |       |  |   |    |   |   |   |   |   |   |   |   |   |    |    |   |
|   phv345  |    -    |                                           |       |  |   |    |   |   |   |   |   |   |   |   |   |    |    |   |
|   phv346  |    -    |                                           |       |  |   |    |   |   |   |   |   |   |   |   |   |    |    |   |
|   phv347  |    -    |                                           |       |  |   |    |   |   |   |   |   |   |   |   |   |    |    |   |
|   phv348  |    -    |                                           |       |  |   |    |   |   |   |   |   |   |   |   |   |    |    |   |
|   phv349  |    -    |                                           |       |  |   |    |   |   |   |   |   |   |   |   |   |    |    |   |
|   phv350  |    -    |                                           |       |  |   |    |   |   |   |   |   |   |   |   |   |    |    |   |
|   phv351  |    -    |                                           |       |  |   |    |   |   |   |   |   |   |   |   |   |    |    |   |
|   phv352  |    -    |                                           |       |  |   |    |   |   |   |   |   |   |   |   |   |    |    |   |
|   phv353  |    -    |                                           |       |  |   |    |   |   |   |   |   |   |   |   |   |    |    |   |
|   phv354  |    -    |                                           |       |  |   |    |   |   |   |   |   |   |   |   |   |    |    |   |
|   phv355  |    -    |                                           |       |  |   |    |   |   |   |   |   |   |   |   |   |    |    |   |
|   phv356  |    -    |                                           |       |  |   |    |   |   |   |   |   |   |   |   |   |    |    |   |
|   phv357  |    -    |                                           |       |  |   |    |   |   |   |   |   |   |   |   |   |    |    |   |
|   phv358  |    -    |                                           |       |  |   |    |   |   |   |   |   |   |   |   |   |    |    |   |
|   phv359  |    -    |                                           |       |  |   |    |   |   |   |   |   |   |   |   |   |    |    |   |
|   phv360  |    -    |                                           |       |  |   |    |   |   |   |   |   |   |   |   |   |    |    |   |
|   phv361  |    -    |                                           |       |  |   |    |   |   |   |   |   |   |   |   |   |    |    |   |
|   phv362  |    -    |                                           |       |  |   |    |   |   |   |   |   |   |   |   |   |    |    |   |
|   phv363  |    -    |                                           |       |  |   |    |   |   |   |   |   |   |   |   |   |    |    |   |
|   phv364  |    -    |                                           |       |  |   |    |   |   |   |   |   |   |   |   |   |    |    |   |
|   phv365  |    -    |                                           |       |  |   |    |   |   |   |   |   |   |   |   |   |    |    |   |
|   phv366  |    -    |                                           |       |  |   |    |   |   |   |   |   |   |   |   |   |    |    |   |
|   phv367  |    -    |                                           |       |  |   |    |   |   |   |   |   |   |   |   |   |    |    |   |
------------------------------------------------------------------------------------------------------------------------------------------


Containers used: 56
Containers with data overlayed: 2  (3.57%)
Containers shared: 14  (25.00%)

------------------------
  Legend:
------------------------
   P:     Parsed
   D:     Deparsed
   OL:    Overlay
   SH:    Shared
   pkt:   Packet data
   meta:  Metadata
   imeta: Intrinsic Metadata
   pov:   Packet Occupancy Vector bit
   R:     Read
   W:     Write
   ~:     Field is live


---------------------------------------------------------------------------------------------------------------------------------------
| Direction | Location | Fields Live | Bits Live | Header Fields Live | Header Bits Live | Metadata Fields Live | Metadata Bits Live |
---------------------------------------------------------------------------------------------------------------------------------------
|  ingress  |  Parser  | 30 (85.71%) |    493    |    24 (100.00%)    |       432        |      6 (54.55%)      |         61         |
|  ingress  | Stage 0  | 31 (88.57%) |    487    |    24 (100.00%)    |       432        |      7 (63.64%)      |         55         |
|  ingress  | Stage 1  | 31 (88.57%) |    487    |    24 (100.00%)    |       432        |      7 (63.64%)      |         55         |
|  ingress  | Stage 2  | 31 (88.57%) |    471    |    24 (100.00%)    |       432        |      7 (63.64%)      |         39         |
|  ingress  | Stage 3  | 31 (88.57%) |    471    |    24 (100.00%)    |       432        |      7 (63.64%)      |         39         |
|  ingress  | Stage 4  | 29 (82.86%) |    439    |    24 (100.00%)    |       432        |      5 (45.45%)      |         7          |
|  ingress  | Stage 5  | 29 (82.86%) |    439    |    24 (100.00%)    |       432        |      5 (45.45%)      |         7          |
|  ingress  | Stage 6  | 29 (82.86%) |    439    |    24 (100.00%)    |       432        |      5 (45.45%)      |         7          |
|  ingress  | Stage 7  | 29 (82.86%) |    439    |    24 (100.00%)    |       432        |      5 (45.45%)      |         7          |
|  ingress  | Stage 8  | 29 (82.86%) |    439    |    24 (100.00%)    |       432        |      5 (45.45%)      |         7          |
|  ingress  | Stage 9  | 29 (82.86%) |    439    |    24 (100.00%)    |       432        |      5 (45.45%)      |         7          |
|  ingress  | Stage 10 | 29 (82.86%) |    439    |    24 (100.00%)    |       432        |      5 (45.45%)      |         7          |
|  ingress  | Stage 11 | 29 (82.86%) |    439    |    24 (100.00%)    |       432        |      5 (45.45%)      |         7          |
|  ingress  | Deparser | 30 (85.71%) |    455    |    24 (100.00%)    |       432        |      6 (54.55%)      |         23         |
|           |          |             |           |                    |                  |                      |                    |
|   egress  |  Parser  | 31 (91.18%) |    512    |    24 (100.00%)    |       432        |      7 (70.00%)      |         80         |
|   egress  | Stage 0  | 29 (85.29%) |    445    |    24 (100.00%)    |       432        |      5 (50.00%)      |         13         |
|   egress  | Stage 1  | 30 (88.24%) |    477    |    24 (100.00%)    |       432        |      6 (60.00%)      |         45         |
|   egress  | Stage 2  | 30 (88.24%) |    477    |    24 (100.00%)    |       432        |      6 (60.00%)      |         45         |
|   egress  | Stage 3  | 30 (88.24%) |    461    |    24 (100.00%)    |       432        |      6 (60.00%)      |         29         |
|   egress  | Stage 4  | 29 (85.29%) |    445    |    24 (100.00%)    |       432        |      5 (50.00%)      |         13         |
|   egress  | Stage 5  | 29 (85.29%) |    445    |    24 (100.00%)    |       432        |      5 (50.00%)      |         13         |
|   egress  | Stage 6  | 29 (85.29%) |    445    |    24 (100.00%)    |       432        |      5 (50.00%)      |         13         |
|   egress  | Stage 7  | 29 (85.29%) |    445    |    24 (100.00%)    |       432        |      5 (50.00%)      |         13         |
|   egress  | Stage 8  | 29 (85.29%) |    445    |    24 (100.00%)    |       432        |      5 (50.00%)      |         13         |
|   egress  | Stage 9  | 29 (85.29%) |    445    |    24 (100.00%)    |       432        |      5 (50.00%)      |         13         |
|   egress  | Stage 10 | 29 (85.29%) |    445    |    24 (100.00%)    |       432        |      5 (50.00%)      |         13         |
|   egress  | Stage 11 | 29 (85.29%) |    445    |    24 (100.00%)    |       432        |      5 (50.00%)      |         13         |
|   egress  | Deparser | 29 (85.29%) |    445    |    24 (100.00%)    |       432        |      5 (50.00%)      |         13         |
---------------------------------------------------------------------------------------------------------------------------------------




------------------------------------------------------------------------------------------------------------------------------------------------------------------------------------------------------------------------------
| Direction | Container |    Parser   |   Stage 0   |   Stage 1   |   Stage 2   |   Stage 3   |   Stage 4   |   Stage 5   |   Stage 6   |   Stage 7   |   Stage 8   |   Stage 9   |   Stage 10  |   Stage 11  |   Deparser  |
------------------------------------------------------------------------------------------------------------------------------------------------------------------------------------------------------------------------------
|  ingress  |    phv0   | 1 (32 bits) | 1 (32 bits) | 1 (32 bits) |      -      |      -      |      -      |      -      |      -      |      -      |      -      |      -      |      -      |      -      |      -      |
|  ingress  |    phv1   | 1 (32 bits) | 1 (32 bits) | 1 (32 bits) | 1 (32 bits) | 1 (32 bits) | 1 (32 bits) | 1 (32 bits) | 1 (32 bits) | 1 (32 bits) | 1 (32 bits) | 1 (32 bits) | 1 (32 bits) | 1 (32 bits) | 1 (32 bits) |
|  ingress  |    phv2   | 3 (32 bits) | 3 (32 bits) | 3 (32 bits) | 3 (32 bits) | 3 (32 bits) | 3 (32 bits) | 3 (32 bits) | 3 (32 bits) | 3 (32 bits) | 3 (32 bits) | 3 (32 bits) | 3 (32 bits) | 3 (32 bits) | 3 (32 bits) |
|  ingress  |    phv3   | 1 (32 bits) | 1 (32 bits) | 1 (32 bits) | 1 (32 bits) | 1 (32 bits) | 1 (32 bits) | 1 (32 bits) | 1 (32 bits) | 1 (32 bits) | 1 (32 bits) | 1 (32 bits) | 1 (32 bits) | 1 (32 bits) | 1 (32 bits) |
|   egress  |   phv16   | 1 (32 bits) |      -      |      -      |      -      | 1 (10 bits) |      -      |      -      |      -      |      -      |      -      |      -      |      -      |      -      |      -      |
|   egress  |   phv17   | 1 (32 bits) | 1 (32 bits) | 1 (32 bits) | 1 (32 bits) | 1 (32 bits) | 1 (32 bits) | 1 (32 bits) | 1 (32 bits) | 1 (32 bits) | 1 (32 bits) | 1 (32 bits) | 1 (32 bits) | 1 (32 bits) | 1 (32 bits) |
|   egress  |   phv18   | 1 (19 bits) |      -      |      -      |      -      |  1 (6 bits) |      -      |      -      |      -      |      -      |      -      |      -      |      -      |      -      |      -      |
|   egress  |   phv19   | 1 (32 bits) | 1 (32 bits) | 1 (32 bits) | 1 (32 bits) | 1 (32 bits) | 1 (32 bits) | 1 (32 bits) | 1 (32 bits) | 1 (32 bits) | 1 (32 bits) | 1 (32 bits) | 1 (32 bits) | 1 (32 bits) | 1 (32 bits) |
|   egress  |   phv20   |      -      |      -      | 1 (32 bits) |      -      |      -      |      -      |      -      |      -      |      -      |      -      |      -      |      -      |      -      |      -      |
|   egress  |   phv21   | 3 (32 bits) | 3 (32 bits) | 3 (32 bits) | 3 (32 bits) | 3 (32 bits) | 3 (32 bits) | 3 (32 bits) | 3 (32 bits) | 3 (32 bits) | 3 (32 bits) | 3 (32 bits) | 3 (32 bits) | 3 (32 bits) | 3 (32 bits) |
|   egress  |   phv22   | 1 (32 bits) | 1 (32 bits) | 1 (32 bits) | 1 (32 bits) | 1 (32 bits) | 1 (32 bits) | 1 (32 bits) | 1 (32 bits) | 1 (32 bits) | 1 (32 bits) | 1 (32 bits) | 1 (32 bits) | 1 (32 bits) | 1 (32 bits) |
|   egress  |   phv23   |      -      |      -      |      -      | 1 (32 bits) |      -      |      -      |      -      |      -      |      -      |      -      |      -      |      -      |      -      |      -      |
|           |           |             |             |             |             |             |             |             |             |             |             |             |             |             |             |
|  ingress  |   phv64   |      -      |  1 (3 bits) |  1 (3 bits) |  1 (3 bits) |  1 (3 bits) |  1 (3 bits) |  1 (3 bits) |  1 (3 bits) |  1 (3 bits) |  1 (3 bits) |  1 (3 bits) |  1 (3 bits) |  1 (3 bits) |  1 (3 bits) |
|  ingress  |   phv65   |  4 (4 bits) |  4 (4 bits) |  4 (4 bits) |  4 (4 bits) |  4 (4 bits) |  4 (4 bits) |  4 (4 bits) |  4 (4 bits) |  4 (4 bits) |  4 (4 bits) |  4 (4 bits) |  4 (4 bits) |  4 (4 bits) |  4 (4 bits) |
|   egress  |   phv80   |  4 (4 bits) |  4 (4 bits) |  4 (4 bits) |  4 (4 bits) |  4 (4 bits) |  4 (4 bits) |  4 (4 bits) |  4 (4 bits) |  4 (4 bits) |  4 (4 bits) |  4 (4 bits) |  4 (4 bits) |  4 (4 bits) |  4 (4 bits) |
|           |           |             |             |             |             |             |             |             |             |             |             |             |             |             |             |
|  ingress  |   phv128  |      -      |      -      |      -      |      -      |      -      |      -      |      -      |      -      |      -      |      -      |      -      |      -      |      -      | 1 (16 bits) |
|  ingress  |   phv129  |      -      | 1 (16 bits) | 1 (16 bits) | 1 (16 bits) | 1 (16 bits) |      -      |      -      |      -      |      -      |      -      |      -      |      -      |      -      |      -      |
|  ingress  |   phv130  |      -      |      -      |      -      | 1 (16 bits) |      -      |      -      |      -      |      -      |      -      |      -      |      -      |      -      |      -      |      -      |
|  ingress  |   phv131  |      -      |      -      |      -      |      -      | 1 (16 bits) |      -      |      -      |      -      |      -      |      -      |      -      |      -      |      -      |      -      |
|  ingress  |   phv132  |  1 (9 bits) |      -      |      -      |      -      |      -      |      -      |      -      |      -      |      -      |      -      |      -      |      -      |      -      |      -      |
|   egress  |   phv144  |  1 (9 bits) |  1 (9 bits) |  1 (9 bits) |  1 (9 bits) |  1 (9 bits) |  1 (9 bits) |  1 (9 bits) |  1 (9 bits) |  1 (9 bits) |  1 (9 bits) |  1 (9 bits) |  1 (9 bits) |  1 (9 bits) |  1 (9 bits) |
|   egress  |   phv145  | 1 (16 bits) | 1 (16 bits) | 1 (16 bits) | 1 (16 bits) | 1 (16 bits) | 1 (16 bits) | 1 (16 bits) | 1 (16 bits) | 1 (16 bits) | 1 (16 bits) | 1 (16 bits) | 1 (16 bits) | 1 (16 bits) | 1 (16 bits) |
|           |           |             |             |             |             |             |             |             |             |             |             |             |             |             |             |
|   egress  |   phv256  | 4 (32 bits) | 4 (32 bits) | 4 (32 bits) | 4 (32 bits) | 4 (32 bits) | 4 (32 bits) | 4 (32 bits) | 4 (32 bits) | 4 (32 bits) | 4 (32 bits) | 4 (32 bits) | 4 (32 bits) | 4 (32 bits) | 4 (32 bits) |
|   egress  |   phv257  | 3 (32 bits) | 3 (32 bits) | 3 (32 bits) | 3 (32 bits) | 3 (32 bits) | 3 (32 bits) | 3 (32 bits) | 3 (32 bits) | 3 (32 bits) | 3 (32 bits) | 3 (32 bits) | 3 (32 bits) | 3 (32 bits) | 3 (32 bits) |
|   egress  |   phv258  | 3 (32 bits) | 3 (32 bits) | 3 (32 bits) | 3 (32 bits) | 3 (32 bits) | 3 (32 bits) | 3 (32 bits) | 3 (32 bits) | 3 (32 bits) | 3 (32 bits) | 3 (32 bits) | 3 (32 bits) | 3 (32 bits) | 3 (32 bits) |
|   egress  |   phv259  | 2 (32 bits) | 2 (32 bits) | 2 (32 bits) | 2 (32 bits) | 2 (32 bits) | 2 (32 bits) | 2 (32 bits) | 2 (32 bits) | 2 (32 bits) | 2 (32 bits) | 2 (32 bits) | 2 (32 bits) | 2 (32 bits) | 2 (32 bits) |
|  ingress  |   phv260  | 4 (32 bits) | 4 (32 bits) | 4 (32 bits) | 4 (32 bits) | 4 (32 bits) | 4 (32 bits) | 4 (32 bits) | 4 (32 bits) | 4 (32 bits) | 4 (32 bits) | 4 (32 bits) | 4 (32 bits) | 4 (32 bits) | 4 (32 bits) |
|  ingress  |   phv261  | 3 (32 bits) | 3 (32 bits) | 3 (32 bits) | 3 (32 bits) | 3 (32 bits) | 3 (32 bits) | 3 (32 bits) | 3 (32 bits) | 3 (32 bits) | 3 (32 bits) | 3 (32 bits) | 3 (32 bits) | 3 (32 bits) | 3 (32 bits) |
|  ingress  |   phv262  | 3 (32 bits) | 3 (32 bits) | 3 (32 bits) | 3 (32 bits) | 3 (32 bits) | 3 (32 bits) | 3 (32 bits) | 3 (32 bits) | 3 (32 bits) | 3 (32 bits) | 3 (32 bits) | 3 (32 bits) | 3 (32 bits) | 3 (32 bits) |
|  ingress  |   phv263  | 2 (32 bits) | 2 (32 bits) | 2 (32 bits) | 2 (32 bits) | 2 (32 bits) | 2 (32 bits) | 2 (32 bits) | 2 (32 bits) | 2 (32 bits) | 2 (32 bits) | 2 (32 bits) | 2 (32 bits) | 2 (32 bits) | 2 (32 bits) |
|  ingress  |   phv264  | 1 (32 bits) | 1 (32 bits) | 1 (32 bits) | 1 (32 bits) | 1 (32 bits) | 1 (32 bits) | 1 (32 bits) | 1 (32 bits) | 1 (32 bits) | 1 (32 bits) | 1 (32 bits) | 1 (32 bits) | 1 (32 bits) | 1 (32 bits) |
|   egress  |   phv268  | 1 (32 bits) | 1 (32 bits) | 1 (32 bits) | 1 (32 bits) | 1 (32 bits) | 1 (32 bits) | 1 (32 bits) | 1 (32 bits) | 1 (32 bits) | 1 (32 bits) | 1 (32 bits) | 1 (32 bits) | 1 (32 bits) | 1 (32 bits) |
|           |           |             |             |             |             |             |             |             |             |             |             |             |             |             |             |
|   egress  |   phv288  |  1 (8 bits) |  1 (8 bits) |  1 (8 bits) |  1 (8 bits) |  1 (8 bits) |  1 (8 bits) |  1 (8 bits) |  1 (8 bits) |  1 (8 bits) |  1 (8 bits) |  1 (8 bits) |  1 (8 bits) |  1 (8 bits) |  1 (8 bits) |
|   egress  |   phv289  |  1 (8 bits) |  1 (8 bits) |  1 (8 bits) |  1 (8 bits) |  1 (8 bits) |  1 (8 bits) |  1 (8 bits) |  1 (8 bits) |  1 (8 bits) |  1 (8 bits) |  1 (8 bits) |  1 (8 bits) |  1 (8 bits) |  1 (8 bits) |
|  ingress  |   phv292  |  1 (8 bits) |  1 (8 bits) |  1 (8 bits) |  1 (8 bits) |  1 (8 bits) |  1 (8 bits) |  1 (8 bits) |  1 (8 bits) |  1 (8 bits) |  1 (8 bits) |  1 (8 bits) |  1 (8 bits) |  1 (8 bits) |  1 (8 bits) |
|  ingress  |   phv293  |  1 (8 bits) |  1 (8 bits) |  1 (8 bits) |  1 (8 bits) |  1 (8 bits) |  1 (8 bits) |  1 (8 bits) |  1 (8 bits) |  1 (8 bits) |  1 (8 bits) |  1 (8 bits) |  1 (8 bits) |  1 (8 bits) |  1 (8 bits) |
|  ingress  |   phv294  |  1 (8 bits) |  1 (8 bits) |  1 (8 bits) |  1 (8 bits) |  1 (8 bits) |  1 (8 bits) |  1 (8 bits) |  1 (8 bits) |  1 (8 bits) |  1 (8 bits) |  1 (8 bits) |  1 (8 bits) |  1 (8 bits) |  1 (8 bits) |
|  ingress  |   phv295  |  1 (8 bits) |  1 (8 bits) |  1 (8 bits) |  1 (8 bits) |  1 (8 bits) |  1 (8 bits) |  1 (8 bits) |  1 (8 bits) |  1 (8 bits) |  1 (8 bits) |  1 (8 bits) |  1 (8 bits) |  1 (8 bits) |  1 (8 bits) |
|           |           |             |             |             |             |             |             |             |             |             |             |             |             |             |             |
|   egress  |   phv320  | 1 (16 bits) |      -      |      -      |      -      |      -      |      -      |      -      |      -      |      -      |      -      |      -      |      -      |      -      |      -      |
|   egress  |   phv321  | 1 (16 bits) | 1 (16 bits) | 1 (16 bits) | 1 (16 bits) | 1 (16 bits) | 1 (16 bits) | 1 (16 bits) | 1 (16 bits) | 1 (16 bits) | 1 (16 bits) | 1 (16 bits) | 1 (16 bits) | 1 (16 bits) | 1 (16 bits) |
|   egress  |   phv322  | 1 (16 bits) | 1 (16 bits) | 1 (16 bits) | 1 (16 bits) | 1 (16 bits) | 1 (16 bits) | 1 (16 bits) | 1 (16 bits) | 1 (16 bits) | 1 (16 bits) | 1 (16 bits) | 1 (16 bits) | 1 (16 bits) | 1 (16 bits) |
|   egress  |   phv323  | 1 (16 bits) | 1 (16 bits) | 1 (16 bits) | 1 (16 bits) | 1 (16 bits) | 1 (16 bits) | 1 (16 bits) | 1 (16 bits) | 1 (16 bits) | 1 (16 bits) | 1 (16 bits) | 1 (16 bits) | 1 (16 bits) | 1 (16 bits) |
|   egress  |   phv324  | 1 (16 bits) | 1 (16 bits) | 1 (16 bits) | 1 (16 bits) | 1 (16 bits) | 1 (16 bits) | 1 (16 bits) | 1 (16 bits) | 1 (16 bits) | 1 (16 bits) | 1 (16 bits) | 1 (16 bits) | 1 (16 bits) | 1 (16 bits) |
|   egress  |   phv325  | 1 (16 bits) | 1 (16 bits) | 1 (16 bits) | 1 (16 bits) | 1 (16 bits) | 1 (16 bits) | 1 (16 bits) | 1 (16 bits) | 1 (16 bits) | 1 (16 bits) | 1 (16 bits) | 1 (16 bits) | 1 (16 bits) | 1 (16 bits) |
|  ingress  |   phv326  | 1 (16 bits) | 1 (16 bits) | 1 (16 bits) | 1 (16 bits) | 1 (16 bits) | 1 (16 bits) | 1 (16 bits) | 1 (16 bits) | 1 (16 bits) | 1 (16 bits) | 1 (16 bits) | 1 (16 bits) | 1 (16 bits) | 1 (16 bits) |
|  ingress  |   phv327  | 1 (16 bits) | 1 (16 bits) | 1 (16 bits) | 1 (16 bits) | 1 (16 bits) | 1 (16 bits) | 1 (16 bits) | 1 (16 bits) | 1 (16 bits) | 1 (16 bits) | 1 (16 bits) | 1 (16 bits) | 1 (16 bits) | 1 (16 bits) |
|  ingress  |   phv328  | 1 (16 bits) | 1 (16 bits) | 1 (16 bits) | 1 (16 bits) | 1 (16 bits) | 1 (16 bits) | 1 (16 bits) | 1 (16 bits) | 1 (16 bits) | 1 (16 bits) | 1 (16 bits) | 1 (16 bits) | 1 (16 bits) | 1 (16 bits) |
|  ingress  |   phv329  | 1 (16 bits) | 1 (16 bits) | 1 (16 bits) | 1 (16 bits) | 1 (16 bits) | 1 (16 bits) | 1 (16 bits) | 1 (16 bits) | 1 (16 bits) | 1 (16 bits) | 1 (16 bits) | 1 (16 bits) | 1 (16 bits) | 1 (16 bits) |
|  ingress  |   phv330  | 1 (16 bits) | 1 (16 bits) | 1 (16 bits) | 1 (16 bits) | 1 (16 bits) | 1 (16 bits) | 1 (16 bits) | 1 (16 bits) | 1 (16 bits) | 1 (16 bits) | 1 (16 bits) | 1 (16 bits) | 1 (16 bits) | 1 (16 bits) |
|  ingress  |   phv331  | 1 (16 bits) | 1 (16 bits) | 1 (16 bits) | 1 (16 bits) | 1 (16 bits) | 1 (16 bits) | 1 (16 bits) | 1 (16 bits) | 1 (16 bits) | 1 (16 bits) | 1 (16 bits) | 1 (16 bits) | 1 (16 bits) | 1 (16 bits) |
|  ingress  |   phv332  | 1 (16 bits) | 1 (16 bits) | 1 (16 bits) | 1 (16 bits) | 1 (16 bits) | 1 (16 bits) | 1 (16 bits) | 1 (16 bits) | 1 (16 bits) | 1 (16 bits) | 1 (16 bits) | 1 (16 bits) | 1 (16 bits) | 1 (16 bits) |
|  ingress  |   phv333  | 1 (16 bits) | 1 (16 bits) | 1 (16 bits) | 1 (16 bits) | 1 (16 bits) | 1 (16 bits) | 1 (16 bits) | 1 (16 bits) | 1 (16 bits) | 1 (16 bits) | 1 (16 bits) | 1 (16 bits) | 1 (16 bits) | 1 (16 bits) |
|  ingress  |   phv334  | 1 (16 bits) | 1 (16 bits) | 1 (16 bits) | 1 (16 bits) | 1 (16 bits) | 1 (16 bits) | 1 (16 bits) | 1 (16 bits) | 1 (16 bits) | 1 (16 bits) | 1 (16 bits) | 1 (16 bits) | 1 (16 bits) | 1 (16 bits) |
|  ingress  |   phv335  | 1 (16 bits) |      -      |      -      |      -      |      -      |      -      |      -      |      -      |      -      |      -      |      -      |      -      |      -      |      -      |
|   egress  |   phv338  | 1 (16 bits) | 1 (16 bits) | 1 (16 bits) | 1 (16 bits) | 1 (16 bits) | 1 (16 bits) | 1 (16 bits) | 1 (16 bits) | 1 (16 bits) | 1 (16 bits) | 1 (16 bits) | 1 (16 bits) | 1 (16 bits) | 1 (16 bits) |
|   egress  |   phv339  | 1 (16 bits) | 1 (16 bits) | 1 (16 bits) | 1 (16 bits) | 1 (16 bits) | 1 (16 bits) | 1 (16 bits) | 1 (16 bits) | 1 (16 bits) | 1 (16 bits) | 1 (16 bits) | 1 (16 bits) | 1 (16 bits) | 1 (16 bits) |
------------------------------------------------------------------------------------------------------------------------------------------------------------------------------------------------------------------------------

